==============================================================================
Tests :: Testing functionality through Robot Framework                        
==============================================================================
Tests.Test FB70                                                               
==============================================================================
Interlinked transactions for Invoice                                    
  Traceback (most recent call last):
    ~~~~~~~~~~~~~~~~~~~~~~~~~~~~~~~~~~~~~~~~~~~~~~~~~~~~~~~~~~~~~~~~~~~~~~~~~~
    File  C:\RobotFramework\sap_testing\Tests\Test_FB70.robot:8
    T:  Interlinked transactions for Invoice    
    ~~~~~~~~~~~~~~~~~~~~~~~~~~~~~~~~~~~~~~~~~~~~~~~~~~~~~~~~~~~~~~~~~~~~~~~~~~
    File  C:\RobotFramework\sap_testing\Tests\Test_FB70.robot:9
      FB70 Invoice entry    
    ~~~~~~~~~~~~~~~~~~~~~~~~~~~~~~~~~~~~~~~~~~~~~~~~~~~~~~~~~~~~~~~~~~~~~~~~~~
    File  C:\RobotFramework\sap_testing\Tests\Resource\FB70.robot:69
      Evaluate    ${user_count} + 1
      |  ${user_count} + 1 = None + 1 (str)
______________________________________________________________________________
| FAIL |
Evaluating expression 'None + 1' failed: TypeError: unsupported operand type(s) for +: 'NoneType' and 'int'
------------------------------------------------------------------------------
Tests.Test FB70                                                       | FAIL |
1 test, 0 passed, 1 failed
==============================================================================
Tests :: Testing functionality through Robot Framework                | FAIL |
1 test, 0 passed, 1 failed
==============================================================================
Output:  C:\RobotFramework\sap_testing\Output\72e63c4d-4b65-4740-bc57-f2b326f1053b\pabot_results\0\Output.xml
