==============================================================================
Tests :: Testing functionality through Robot Framework                        
==============================================================================
Tests.Test SMLG                                                               
==============================================================================
Executing SMLG                                                          
  Traceback (most recent call last):
    ~~~~~~~~~~~~~~~~~~~~~~~~~~~~~~~~~~~~~~~~~~~~~~~~~~~~~~~~~~~~~~~~~~~~~~~~~~
    File  C:\RobotFramework\sap_testing\Tests\Test_SMLG.robot:9
    T:  Executing SMLG    
    ~~~~~~~~~~~~~~~~~~~~~~~~~~~~~~~~~~~~~~~~~~~~~~~~~~~~~~~~~~~~~~~~~~~~~~~~~~
    File  C:\RobotFramework\sap_testing\Tests\Test_SMLG.robot:11
      SMLG Attributes    
    ~~~~~~~~~~~~~~~~~~~~~~~~~~~~~~~~~~~~~~~~~~~~~~~~~~~~~~~~~~~~~~~~~~~~~~~~~~
    File  C:\RobotFramework\sap_testing\Tests\Resource\SMLG.robot:38
      Click Element    wnd[0]/tbar[1]/btn[14]
______________________________________________________________________________
| FAIL |
ValueError: Cannot find element with id 'wnd[0]/tbar[1]/btn[14]'
------------------------------------------------------------------------------
Tests.Test SMLG                                                       | FAIL |
1 test, 0 passed, 1 failed
==============================================================================
Tests :: Testing functionality through Robot Framework                | FAIL |
1 test, 0 passed, 1 failed
==============================================================================
Output:  C:\SAP_Testing\SAPtesting\new2output\92c436a8-c8a0-4207-afd8-7df4eb62f041\pabot_results\0\Output.xml
