==============================================================================
Tests :: Testing functionality through Robot Framework                        
==============================================================================
Tests.Test material master                                                    
==============================================================================
Material_master                                                       101
M
M
ROH
42
BCSP
LPSL
TEST1
EA
00103
PGP
3000
V
1
100
**gbStart**Copilot_Status**splitKeyValue**50067314**gbEnd**
M
M
ROH
42
BCSP
LPSL
TEST2
EA
00103
PGP
3000
V
1
100
**gbStart**Copilot_Status**splitKeyValue**50067315**gbEnd**
M
M
ROH
42
BCSP
LPSL
TEST3
EA
00103
PGP
3000
V
1
100
**gbStart**Copilot_Status**splitKeyValue**50067316**gbEnd**
M
M
ROH
42
BCSP
LPSL
TEST4
EA
00103
PGP
3000
V
1
100
**gbStart**Copilot_Status**splitKeyValue**50067317**gbEnd**
M
M
ROH
42
BCSP
LPSL
TEST5
EA
00103
PGP
3000
V
1
100
**gbStart**Copilot_Status**splitKeyValue**50067318**gbEnd**
M
M
ROH
42
BCSP
LPSL
TEST6
EA
00103
PGP
3000
V
1
100
**gbStart**Copilot_Status**splitKeyValue**50067319**gbEnd**
M
M
ROH
42
BCSP
LPSL
TEST7
EA
00103
PGP
3000
V
1
100
**gbStart**Copilot_Status**splitKeyValue**50067320**gbEnd**
M
M
ROH
42
BCSP
LPSL
TEST8
EA
00103
PGP
3000
V
1
100
**gbStart**Copilot_Status**splitKeyValue**50067321**gbEnd**
M
M
ROH
42
BCSP
LPSL
TEST9
EA
00103
PGP
3000
V
1
100
**gbStart**Copilot_Status**splitKeyValue**50067322**gbEnd**
M
M
ROH
42
BCSP
LPSL
TEST10
EA
00103
PGP
3000
V
1
100
**gbStart**Copilot_Status**splitKeyValue**50067323**gbEnd**
M
M
ROH
42
BCSP
LPSL
TEST11
EA
00103
PGP
3000
V
1
100
**gbStart**Copilot_Status**splitKeyValue**50067324**gbEnd**
M
M
ROH
42
BCSP
LPSL
TEST12
EA
00103
PGP
3000
V
1
100
**gbStart**Copilot_Status**splitKeyValue**50067325**gbEnd**
M
M
ROH
42
BCSP
LPSL
TEST13
EA
00103
PGP
3000
V
1
100
**gbStart**Copilot_Status**splitKeyValue**50067326**gbEnd**
M
M
ROH
42
BCSP
LPSL
TEST14
EA
00103
PGP
3000
V
1
100
**gbStart**Copilot_Status**splitKeyValue**50067328**gbEnd**
M
M
ROH
42
BCSP
LPSL
TEST15
EA
00103
PGP
3000
V
1
100
**gbStart**Copilot_Status**splitKeyValue**50067329**gbEnd**
M
M
ROH
42
BCSP
LPSL
TEST16
EA
00103
PGP
3000
V
1
100
**gbStart**Copilot_Status**splitKeyValue**50067330**gbEnd**
None
None
  
  Traceback (most recent call last):
    ~~~~~~~~~~~~~~~~~~~~~~~~~~~~~~~~~~~~~~~~~~~~~~~~~~~~~~~~~~~~~~~~~~~~~~~~~~
    File  C:\RobotFramework\sap_testing\Tests\Test_material_master.robot:9
    T:  Material_master    
    ~~~~~~~~~~~~~~~~~~~~~~~~~~~~~~~~~~~~~~~~~~~~~~~~~~~~~~~~~~~~~~~~~~~~~~~~~~
    File  C:\RobotFramework\sap_testing\Tests\Test_material_master.robot:10
      Material_master    
    ~~~~~~~~~~~~~~~~~~~~~~~~~~~~~~~~~~~~~~~~~~~~~~~~~~~~~~~~~~~~~~~~~~~~~~~~~~
    File  C:\RobotFramework\sap_testing\Tests\Resource\material_master.robot:56
      ${initial_row} IN RANGE [ 2 | ${rows} ]    
    ~~~~~~~~~~~~~~~~~~~~~~~~~~~~~~~~~~~~~~~~~~~~~~~~~~~~~~~~~~~~~~~~~~~~~~~~~~
    File  C:\RobotFramework\sap_testing\Tests\Resource\material_master.robot:56
      ${initial_row} = 18    
    ~~~~~~~~~~~~~~~~~~~~~~~~~~~~~~~~~~~~~~~~~~~~~~~~~~~~~~~~~~~~~~~~~~~~~~~~~~
    File  C:\RobotFramework\sap_testing\Tests\Resource\material_master.robot:60
      Select From List By Key    wnd[0]/usr/cmbRMMG1-MBRSH    ${industry_sector}
      |  ${industry_sector} = None (NoneType)
______________________________________________________________________________
| FAIL |
AttributeError: Property '<unknown>.key' can not be set.
------------------------------------------------------------------------------
Tests.Test material master                                            | FAIL |
1 test, 0 passed, 1 failed
==============================================================================
Tests :: Testing functionality through Robot Framework                | FAIL |
1 test, 0 passed, 1 failed
==============================================================================
Output:  C:\RobotFramework\sap_testing\Output\c878e6c6-1ca5-4422-bbc0-e8eb1d8c5417\pabot_results\0\Output.xml
