==============================================================================
Tests :: Testing functionality through Robot Framework                        
==============================================================================
Tests.Test SalesDocument                                                      
==============================================================================
Sales Document with CreditBlocks                                        
  Traceback (most recent call last):
    ~~~~~~~~~~~~~~~~~~~~~~~~~~~~~~~~~~~~~~~~~~~~~~~~~~~~~~~~~~~~~~~~~~~~~~~~~~
    File  C:\RobotFramework\sap_testing\Tests\Test_SalesDocument.robot:9
    T:  Sales Document with CreditBlocks    
    ~~~~~~~~~~~~~~~~~~~~~~~~~~~~~~~~~~~~~~~~~~~~~~~~~~~~~~~~~~~~~~~~~~~~~~~~~~
    File  C:\RobotFramework\sap_testing\Tests\Test_SalesDocument.robot:10
      Sales Document with CreditBlocks    
    ~~~~~~~~~~~~~~~~~~~~~~~~~~~~~~~~~~~~~~~~~~~~~~~~~~~~~~~~~~~~~~~~~~~~~~~~~~
    File  C:\RobotFramework\sap_testing\Tests\Resource\SalesDocument.robot:37
      Input Text    wnd[1]/usr/ctxtDY_PATH    c:\\tmp
      |  c:\\tmp = c:\tmp (str)
______________________________________________________________________________
| FAIL |
ValueError: Cannot find element with id 'wnd[1]/usr/ctxtDY_PATH'
------------------------------------------------------------------------------
Tests.Test SalesDocument                                              | FAIL |
1 test, 0 passed, 1 failed
==============================================================================
Tests :: Testing functionality through Robot Framework                | FAIL |
1 test, 0 passed, 1 failed
==============================================================================
Output:  C:\RobotFramework\sap_testing\Output\6c289c61-faa5-4797-88fe-828acbca344c\pabot_results\0\Output.xml
