==============================================================================
Tests :: Testing functionality through Robot Framework                        
==============================================================================
Tests.Test STMS                                                               
==============================================================================
Executing STMS                                                        | PASS |
------------------------------------------------------------------------------
  
  Traceback (most recent call last):
    ~~~~~~~~~~~~~~~~~~~~~~~~~~~~~~~~~~~~~~~~~~~~~~~~~~~~~~~~~~~~~~~~~~~~~~~~~~
    File  C:\RobotFramework\sap_testing\Tests\Test_STMS.robot:5
      System Logout    
    ~~~~~~~~~~~~~~~~~~~~~~~~~~~~~~~~~~~~~~~~~~~~~~~~~~~~~~~~~~~~~~~~~~~~~~~~~~
    File  C:\RobotFramework\sap_testing\Tests\Resource\STMS.robot:28
      Copy Images    ${source_directory}    ${symvar('target_directory')}
      |  ${source_directory} = C:\RobotFramework\sap_testing\Output\91c6cfb3-30a1-467f-94cd-922c9cc0d0cb\pabot_results\0 (str)
      |  ${symvar('target_directory')} =  (str)
______________________________________________________________________________
Tests.Test STMS                                                       | FAIL |
Suite teardown failed:
FileNotFoundError: [WinError 3] The system cannot find the path specified: ''

1 test, 0 passed, 1 failed
==============================================================================
Tests :: Testing functionality through Robot Framework                | FAIL |
1 test, 0 passed, 1 failed
==============================================================================
Output:  C:\RobotFramework\sap_testing\Output\91c6cfb3-30a1-467f-94cd-922c9cc0d0cb\pabot_results\0\Output.xml
