==============================================================================
Tests :: Testing functionality through Robot Framework                        
==============================================================================
Tests.Test SalesDocument                                                      
==============================================================================
Sales Document with CreditBlocks                                      [273, 276, 277, 278, 280]
**gbStart**copilot_salesdocument**splitKeyValue**{
    "SD_Documents": [
        "                   Document",
        "         273",
        "         276",
        "         277",
        "         278",
        "         280"
    ]
}**gbEnd**
| PASS |
------------------------------------------------------------------------------
Tests.Test SalesDocument                                              | PASS |
1 test, 1 passed, 0 failed
==============================================================================
Tests :: Testing functionality through Robot Framework                | PASS |
1 test, 1 passed, 0 failed
==============================================================================
Output:  C:\RobotFramework\sap_testing\Output\7b198367-7708-4a0e-941a-182268aaf270\pabot_results\0\Output.xml
