==============================================================================
Tests :: Testing functionality through Robot Framework                        
==============================================================================
Tests.Test OAC0                                                               
==============================================================================
Executing OACO                                                          
  Traceback (most recent call last):
    ~~~~~~~~~~~~~~~~~~~~~~~~~~~~~~~~~~~~~~~~~~~~~~~~~~~~~~~~~~~~~~~~~~~~~~~~~~
    File  C:\RobotFramework\sap_testing\Tests\Test_OAC0.robot:9
    T:  Executing OACO    
    ~~~~~~~~~~~~~~~~~~~~~~~~~~~~~~~~~~~~~~~~~~~~~~~~~~~~~~~~~~~~~~~~~~~~~~~~~~
    File  C:\RobotFramework\sap_testing\Tests\Test_OAC0.robot:10
      Transaction OACO    
    ~~~~~~~~~~~~~~~~~~~~~~~~~~~~~~~~~~~~~~~~~~~~~~~~~~~~~~~~~~~~~~~~~~~~~~~~~~
    File  C:\RobotFramework\sap_testing\Tests\Resource\OAC0.robot:33
      Scroll    wnd[0]/usr/tblSAPLSCMS_CREPC_SREP    35
______________________________________________________________________________
| FAIL |
ValueError: Cannot find Element 'wnd[0]/usr/tblSAPLSCMS_CREPC_SREP'.
------------------------------------------------------------------------------
Tests.Test OAC0                                                       | FAIL |
1 test, 0 passed, 1 failed
==============================================================================
Tests :: Testing functionality through Robot Framework                | FAIL |
1 test, 0 passed, 1 failed
==============================================================================
Output:  C:\SAP_Testing\SAPtesting\new2output\c4d25199-0aa7-4267-bbe5-02406be7091e\pabot_results\0\Output.xml
