==============================================================================
Tests :: Testing functionality through Robot Framework                        
==============================================================================
Tests.Test custom excel                                                       
==============================================================================
Display Excel for output                                              column 4 deleted
column 4 deleted
column 4 deleted
document no is :40000100
"40000100"
"40000099"
"40000098"
"40000097"
"40000096"
"40000095"
"40000094"
"40000093"
"40000092"
"40000091"
"40000090"
"40000089"
"40000088"
"40000087"
"40000086"
"40000085"
"40000084"
"40000082"
"40000081"
"40000078"
"40000076"
document no is :40000099
"40000100"
"40000099"
"40000098"
"40000097"
"40000096"
"40000095"
"40000094"
"40000093"
"40000092"
"40000091"
"40000090"
"40000089"
"40000088"
"40000087"
"40000086"
"40000085"
"40000084"
"40000082"
"40000081"
"40000078"
"40000076"
document no is :40000098
"40000100"
"40000099"
"40000098"
"40000097"
"40000096"
"40000095"
"40000094"
"40000093"
"40000092"
"40000091"
"40000090"
"40000089"
"40000088"
"40000087"
"40000086"
"40000085"
"40000084"
"40000082"
"40000081"
"40000078"
"40000076"
| PASS |
------------------------------------------------------------------------------
Tests.Test custom excel                                               | PASS |
1 test, 1 passed, 0 failed
==============================================================================
Tests :: Testing functionality through Robot Framework                | PASS |
1 test, 1 passed, 0 failed
==============================================================================
Output:  C:\SAP_Testing\SAPtesting\Output\ca7907a1-4161-4b84-9a3a-b6e3d92ad68a\pabot_results\0\Output.xml
