==============================================================================
Tests :: Testing functionality through Robot Framework                        
==============================================================================
Tests.TEST USER ROLE ASSIGN NIKE                                              
==============================================================================
user_role_assign                                                        
  Traceback (most recent call last):
    ~~~~~~~~~~~~~~~~~~~~~~~~~~~~~~~~~~~~~~~~~~~~~~~~~~~~~~~~~~~~~~~~~~~~~~~~~~
    File  D:\RobotFramework\SAPtesting\Tests\TEST_USER_ROLE_ASSIGN_NIKE.robot:10
    T:  user_role_assign    
    ~~~~~~~~~~~~~~~~~~~~~~~~~~~~~~~~~~~~~~~~~~~~~~~~~~~~~~~~~~~~~~~~~~~~~~~~~~
    File  D:\RobotFramework\SAPtesting\Tests\TEST_USER_ROLE_ASSIGN_NIKE.robot:11
      user_role_assign    
    ~~~~~~~~~~~~~~~~~~~~~~~~~~~~~~~~~~~~~~~~~~~~~~~~~~~~~~~~~~~~~~~~~~~~~~~~~~
    File  D:\RobotFramework\SAPtesting\Tests\Resource\USER_ROLE_ASSIGN_NIKE.robot:40
      Click Element    wnd[0]/usr/tabsTABSTRIP1/tabpACTG
______________________________________________________________________________
| FAIL |
ValueError: Cannot find element with id 'wnd[0]/usr/tabsTABSTRIP1/tabpACTG'
------------------------------------------------------------------------------
Tests.TEST USER ROLE ASSIGN NIKE                                      | FAIL |
1 test, 0 passed, 1 failed
==============================================================================
Tests :: Testing functionality through Robot Framework                | FAIL |
1 test, 0 passed, 1 failed
==============================================================================
Output:  D:\RobotFramework\SAPtesting\Output\b90446e9-6a6e-4170-a662-5b63ab21136a\pabot_results\0\Output.xml
