==============================================================================
Tests :: Testing functionality through Robot Framework                        
==============================================================================
Tests.TEST USER ROLE ASSIGN                                                   
==============================================================================
user_role_assign                                                        
  Traceback (most recent call last):
    ~~~~~~~~~~~~~~~~~~~~~~~~~~~~~~~~~~~~~~~~~~~~~~~~~~~~~~~~~~~~~~~~~~~~~~~~~~
    File  C:\RobotFramework\sap_testing\Tests\TEST_USER_ROLE_ASSIGN.robot:9
    T:  user_role_assign    
    ~~~~~~~~~~~~~~~~~~~~~~~~~~~~~~~~~~~~~~~~~~~~~~~~~~~~~~~~~~~~~~~~~~~~~~~~~~
    File  C:\RobotFramework\sap_testing\Tests\TEST_USER_ROLE_ASSIGN.robot:11
      Assigning Roles to the User    
    ~~~~~~~~~~~~~~~~~~~~~~~~~~~~~~~~~~~~~~~~~~~~~~~~~~~~~~~~~~~~~~~~~~~~~~~~~~
    File  C:\RobotFramework\sap_testing\Tests\Resource\USER_ROLE_ASSIGN.robot:32
      Evaluate    ${row_count} + 1
      |  ${row_count} + 1 = None + 1 (str)
______________________________________________________________________________
| FAIL |
Evaluating expression 'None + 1' failed: TypeError: unsupported operand type(s) for +: 'NoneType' and 'int'
------------------------------------------------------------------------------
Tests.TEST USER ROLE ASSIGN                                           | FAIL |
1 test, 0 passed, 1 failed
==============================================================================
Tests :: Testing functionality through Robot Framework                | FAIL |
1 test, 0 passed, 1 failed
==============================================================================
Output:  C:\RobotFramework\sap_testing\Output\45c7b66b-6030-4ab7-9eab-44ef3d1578df\pabot_results\0\Output.xml
