==============================================================================
Tests :: Testing functionality through Robot Framework                        
==============================================================================
Tests.Test Billing documents                                                  
==============================================================================
Billing Documents Not Posted to Accounting                              
  Traceback (most recent call last):
    ~~~~~~~~~~~~~~~~~~~~~~~~~~~~~~~~~~~~~~~~~~~~~~~~~~~~~~~~~~~~~~~~~~~~~~~~~~
    File  C:\RobotFramework\sap_testing\Tests\Test_Billing_documents.robot:9
    T:  Billing Documents Not Posted to Accounting    
    ~~~~~~~~~~~~~~~~~~~~~~~~~~~~~~~~~~~~~~~~~~~~~~~~~~~~~~~~~~~~~~~~~~~~~~~~~~
    File  C:\RobotFramework\sap_testing\Tests\Test_Billing_documents.robot:10
      Billing Documents Not Posted to Accounting    
    ~~~~~~~~~~~~~~~~~~~~~~~~~~~~~~~~~~~~~~~~~~~~~~~~~~~~~~~~~~~~~~~~~~~~~~~~~~
    File  C:\RobotFramework\sap_testing\Tests\Resource\Billing_documents.robot:26
      Select Checkbox    wnd[0]/usr/chkRFBSK_AB
______________________________________________________________________________
| FAIL |
ValueError: Cannot find element with id 'wnd[0]/usr/chkRFBSK_AB'
------------------------------------------------------------------------------
Tests.Test Billing documents                                          | FAIL |
1 test, 0 passed, 1 failed
==============================================================================
Tests :: Testing functionality through Robot Framework                | FAIL |
1 test, 0 passed, 1 failed
==============================================================================
Output:  C:\RobotFramework\sap_testing\Output\94227efa-675b-49c3-a006-d835e054730d\pabot_results\0\Output.xml
