==============================================================================
Tests :: Testing functionality through Robot Framework                        
==============================================================================
Tests.Test WE21                                                               
==============================================================================
Executing WE21                                                        | PASS |
------------------------------------------------------------------------------
  
  Traceback (most recent call last):
    ~~~~~~~~~~~~~~~~~~~~~~~~~~~~~~~~~~~~~~~~~~~~~~~~~~~~~~~~~~~~~~~~~~~~~~~~~~
    File  C:\SAP_Testing\SAPtesting\Tests\Test_WE21.robot:5
      System Logout    
    ~~~~~~~~~~~~~~~~~~~~~~~~~~~~~~~~~~~~~~~~~~~~~~~~~~~~~~~~~~~~~~~~~~~~~~~~~~
    File  C:\SAP_Testing\SAPtesting\Tests\Resource\WE21.robot:27
      Sleep    10
______________________________________________________________________________
Tests.Test WE21                                                       | FAIL |
Suite teardown failed:
Execution terminated by signal

1 test, 0 passed, 1 failed
==============================================================================
Tests :: Testing functionality through Robot Framework                | FAIL |
1 test, 0 passed, 1 failed
==============================================================================
Output:  C:\SAP_Testing\SAPtesting\Output\pabot_results\14\Output.xml
