==============================================================================
Tests :: Testing functionality through Robot Framework                        
==============================================================================
Tests.Test material master                                                    
==============================================================================
Material_master                                                       101
M
M
ROH
42
BCSP
LPSL
TEST1
EA
00103
PGP
3000
V
1
100
**gbStart**Copilot_Status**splitKeyValue**50067215**gbEnd**
M
M
ROH
42
BCSP
LPSL
TEST2
EA
00103
PGP
3000
V
1
100
**gbStart**Copilot_Status**splitKeyValue**50067216**gbEnd**
M
M
ROH
42
BCSP
LPSL
TEST3
EA
00103
PGP
3000
V
1
100
**gbStart**Copilot_Status**splitKeyValue**50067217**gbEnd**
M
M
ROH
42
BCSP
LPSL
TEST4
EA
00103
PGP
3000
V
1
100
**gbStart**Copilot_Status**splitKeyValue**50067218**gbEnd**
M
M
ROH
42
BCSP
LPSL
TEST5
EA
00103
PGP
3000
V
1
100
**gbStart**Copilot_Status**splitKeyValue**50067219**gbEnd**
M
M
ROH
42
BCSP
LPSL
TEST6
EA
00103
PGP
3000
V
1
100
**gbStart**Copilot_Status**splitKeyValue**50067220**gbEnd**
M
M
ROH
42
BCSP
LPSL
TEST7
EA
00103
PGP
3000
V
1
100
**gbStart**Copilot_Status**splitKeyValue**50067221**gbEnd**
M
M
ROH
42
BCSP
LPSL
TEST8
EA
00103
PGP
3000
V
1
100
**gbStart**Copilot_Status**splitKeyValue**50067222**gbEnd**
M
M
ROH
42
BCSP
LPSL
TEST9
EA
00103
PGP
3000
V
1
100
**gbStart**Copilot_Status**splitKeyValue**50067223**gbEnd**
M
M
ROH
42
BCSP
LPSL
TEST10
EA
00103
PGP
3000
V
1
100
**gbStart**Copilot_Status**splitKeyValue**50067224**gbEnd**
M
M
ROH
42
BCSP
LPSL
TEST11
EA
00103
PGP
3000
V
1
100
**gbStart**Copilot_Status**splitKeyValue**50067225**gbEnd**
M
M
ROH
42
BCSP
LPSL
TEST12
EA
00103
PGP
3000
V
1
100
**gbStart**Copilot_Status**splitKeyValue**50067226**gbEnd**
M
M
ROH
42
BCSP
LPSL
TEST13
EA
00103
PGP
3000
V
1
100
**gbStart**Copilot_Status**splitKeyValue**50067227**gbEnd**
M
M
ROH
42
BCSP
LPSL
TEST14
EA
00103
PGP
3000
V
1
100
**gbStart**Copilot_Status**splitKeyValue**50067228**gbEnd**
M
M
ROH
42
BCSP
LPSL
TEST15
EA
00103
PGP
3000
V
1
100
**gbStart**Copilot_Status**splitKeyValue**50067229**gbEnd**
M
M
ROH
42
BCSP
LPSL
TEST16
EA
00103
PGP
3000
V
1
100
**gbStart**Copilot_Status**splitKeyValue**50067230**gbEnd**
M
M
ROH
42
BCSP
LPSL
TEST17
EA
00103
PGP
3000
V
1
100
**gbStart**Copilot_Status**splitKeyValue**50067231**gbEnd**
M
M
ROH
42
BCSP
LPSL
TEST18
EA
00103
PGP
3000
V
1
100
**gbStart**Copilot_Status**splitKeyValue**50067232**gbEnd**
M
M
ROH
42
BCSP
LPSL
TEST19
EA
00103
PGP
3000
V
1
100
**gbStart**Copilot_Status**splitKeyValue**50067233**gbEnd**
M
M
ROH
42
BCSP
LPSL
TEST20
EA
00103
PGP
3000
V
1
100
**gbStart**Copilot_Status**splitKeyValue**50067234**gbEnd**
M
M
ROH
42
BCSP
LPSL
TEST21
EA
00103
PGP
3000
V
1
100
**gbStart**Copilot_Status**splitKeyValue**50067235**gbEnd**
M
M
ROH
42
BCSP
LPSL
TEST22
EA
00103
PGP
3000
V
1
100
**gbStart**Copilot_Status**splitKeyValue**50067236**gbEnd**
M
M
ROH
42
BCSP
LPSL
TEST23
EA
00103
PGP
3000
V
1
100
**gbStart**Copilot_Status**splitKeyValue**50067237**gbEnd**
M
M
ROH
42
BCSP
LPSL
TEST24
EA
00103
PGP
3000
V
1
100
**gbStart**Copilot_Status**splitKeyValue**50067238**gbEnd**
M
M
ROH
42
BCSP
LPSL
TEST25
EA
00103
PGP
3000
V
1
100
**gbStart**Copilot_Status**splitKeyValue**50067239**gbEnd**
M
M
ROH
42
BCSP
LPSL
TEST26
EA
00103
PGP
3000
V
1
100
**gbStart**Copilot_Status**splitKeyValue**50067240**gbEnd**
M
M
ROH
42
BCSP
LPSL
TEST27
EA
00103
PGP
3000
V
1
100
**gbStart**Copilot_Status**splitKeyValue**50067241**gbEnd**
M
M
ROH
42
BCSP
LPSL
TEST28
EA
00103
PGP
3000
V
1
100
**gbStart**Copilot_Status**splitKeyValue**50067242**gbEnd**
M
M
ROH
42
BCSP
LPSL
TEST29
EA
00103
PGP
3000
V
1
100
**gbStart**Copilot_Status**splitKeyValue**50067243**gbEnd**
M
M
ROH
42
BCSP
LPSL
TEST30
EA
00103
PGP
3000
V
1
100
**gbStart**Copilot_Status**splitKeyValue**50067244**gbEnd**
M
M
ROH
42
BCSP
LPSL
TEST31
EA
00103
PGP
3000
V
1
100
**gbStart**Copilot_Status**splitKeyValue**50067245**gbEnd**
M
M
ROH
42
BCSP
LPSL
TEST32
EA
00103
PGP
3000
V
1
100
**gbStart**Copilot_Status**splitKeyValue**50067246**gbEnd**
M
M
ROH
42
BCSP
LPSL
TEST33
EA
00103
PGP
3000
V
1
100
**gbStart**Copilot_Status**splitKeyValue**50067247**gbEnd**
M
M
ROH
42
BCSP
LPSL
TEST34
EA
00103
PGP
3000
V
1
100
**gbStart**Copilot_Status**splitKeyValue**50067248**gbEnd**
M
M
ROH
42
BCSP
LPSL
TEST35
EA
00103
PGP
3000
V
1
100
**gbStart**Copilot_Status**splitKeyValue**50067249**gbEnd**
M
M
ROH
42
BCSP
LPSL
TEST36
EA
00103
PGP
3000
V
1
100
**gbStart**Copilot_Status**splitKeyValue**50067250**gbEnd**
M
M
ROH
42
BCSP
LPSL
TEST37
EA
00103
PGP
3000
V
1
100
**gbStart**Copilot_Status**splitKeyValue**50067251**gbEnd**
M
M
ROH
42
BCSP
LPSL
TEST38
EA
00103
PGP
3000
V
1
100
**gbStart**Copilot_Status**splitKeyValue**50067252**gbEnd**
M
M
ROH
42
BCSP
LPSL
TEST39
EA
00103
PGP
3000
V
1
100
**gbStart**Copilot_Status**splitKeyValue**50067253**gbEnd**
M
M
ROH
42
BCSP
LPSL
TEST40
EA
00103
PGP
3000
V
1
100
**gbStart**Copilot_Status**splitKeyValue**50067254**gbEnd**
M
M
ROH
42
BCSP
LPSL
TEST41
EA
00103
PGP
3000
V
1
100
**gbStart**Copilot_Status**splitKeyValue**50067255**gbEnd**
M
M
ROH
42
BCSP
LPSL
TEST42
EA
00103
PGP
3000
V
1
100
**gbStart**Copilot_Status**splitKeyValue**50067256**gbEnd**
M
M
ROH
42
BCSP
LPSL
TEST43
EA
00103
PGP
3000
V
1
100
**gbStart**Copilot_Status**splitKeyValue**50067257**gbEnd**
M
M
ROH
42
BCSP
LPSL
TEST44
EA
00103
PGP
3000
V
1
100
**gbStart**Copilot_Status**splitKeyValue**50067258**gbEnd**
M
M
ROH
42
BCSP
LPSL
TEST45
EA
00103
PGP
3000
V
1
100
**gbStart**Copilot_Status**splitKeyValue**50067259**gbEnd**
M
M
ROH
42
BCSP
LPSL
TEST46
EA
00103
PGP
3000
V
1
100
**gbStart**Copilot_Status**splitKeyValue**50067260**gbEnd**
M
M
ROH
42
BCSP
LPSL
TEST47
EA
00103
PGP
3000
V
1
100
**gbStart**Copilot_Status**splitKeyValue**50067261**gbEnd**
M
M
ROH
42
BCSP
LPSL
TEST48
EA
00103
PGP
3000
V
1
100
**gbStart**Copilot_Status**splitKeyValue**50067262**gbEnd**
M
M
ROH
42
BCSP
LPSL
TEST49
EA
00103
PGP
3000
V
1
100
**gbStart**Copilot_Status**splitKeyValue**50067263**gbEnd**
M
M
ROH
42
BCSP
LPSL
TEST50
EA
00103
PGP
3000
V
1
100
**gbStart**Copilot_Status**splitKeyValue**50067264**gbEnd**
M
M
ROH
42
BCSP
LPSL
TEST51
EA
00103
PGP
3000
V
1
100
**gbStart**Copilot_Status**splitKeyValue**50067265**gbEnd**
M
M
ROH
42
BCSP
LPSL
TEST52
EA
00103
PGP
3000
V
1
100
**gbStart**Copilot_Status**splitKeyValue**50067266**gbEnd**
M
M
ROH
42
BCSP
LPSL
TEST53
EA
00103
PGP
3000
V
1
100
**gbStart**Copilot_Status**splitKeyValue**50067267**gbEnd**
M
M
ROH
42
BCSP
LPSL
TEST54
EA
00103
PGP
3000
V
1
100
**gbStart**Copilot_Status**splitKeyValue**50067268**gbEnd**
M
M
ROH
42
BCSP
LPSL
TEST55
EA
00103
PGP
3000
V
1
100
**gbStart**Copilot_Status**splitKeyValue**50067269**gbEnd**
M
M
ROH
42
BCSP
LPSL
TEST56
EA
00103
PGP
3000
V
1
100
**gbStart**Copilot_Status**splitKeyValue**50067270**gbEnd**
M
M
ROH
42
BCSP
LPSL
TEST57
EA
00103
PGP
3000
V
1
100
**gbStart**Copilot_Status**splitKeyValue**50067271**gbEnd**
M
M
ROH
42
BCSP
LPSL
TEST58
EA
00103
PGP
3000
V
1
100
**gbStart**Copilot_Status**splitKeyValue**50067272**gbEnd**
M
M
ROH
42
BCSP
LPSL
TEST59
EA
00103
PGP
3000
V
1
100
**gbStart**Copilot_Status**splitKeyValue**50067273**gbEnd**
M
M
ROH
42
BCSP
LPSL
TEST60
EA
00103
PGP
3000
V
1
100
**gbStart**Copilot_Status**splitKeyValue**50067274**gbEnd**
M
M
ROH
42
BCSP
LPSL
TEST61
EA
00103
PGP
3000
V
1
100
**gbStart**Copilot_Status**splitKeyValue**50067275**gbEnd**
M
M
ROH
42
BCSP
LPSL
TEST62
EA
00103
PGP
3000
V
1
100
**gbStart**Copilot_Status**splitKeyValue**50067276**gbEnd**
M
M
ROH
42
BCSP
LPSL
TEST63
EA
00103
PGP
3000
V
1
100
**gbStart**Copilot_Status**splitKeyValue**50067277**gbEnd**
M
M
ROH
42
BCSP
LPSL
TEST64
EA
00103
PGP
3000
V
1
100
**gbStart**Copilot_Status**splitKeyValue**50067278**gbEnd**
M
M
ROH
42
BCSP
LPSL
TEST65
EA
00103
PGP
3000
V
1
100
**gbStart**Copilot_Status**splitKeyValue**50067279**gbEnd**
M
M
ROH
42
BCSP
LPSL
TEST66
EA
00103
PGP
3000
V
1
100
**gbStart**Copilot_Status**splitKeyValue**50067280**gbEnd**
M
M
ROH
42
BCSP
LPSL
TEST67
EA
00103
PGP
3000
V
1
100
**gbStart**Copilot_Status**splitKeyValue**50067281**gbEnd**
M
M
ROH
42
BCSP
LPSL
TEST68
EA
00103
PGP
3000
V
1
100
**gbStart**Copilot_Status**splitKeyValue**50067282**gbEnd**
M
M
ROH
42
BCSP
LPSL
TEST69
EA
00103
PGP
3000
V
1
100
**gbStart**Copilot_Status**splitKeyValue**50067283**gbEnd**
M
M
ROH
42
BCSP
LPSL
TEST70
EA
00103
PGP
3000
V
1
100
**gbStart**Copilot_Status**splitKeyValue**50067284**gbEnd**
M
M
ROH
42
BCSP
LPSL
TEST71
EA
00103
PGP
3000
V
1
100
**gbStart**Copilot_Status**splitKeyValue**50067285**gbEnd**
M
M
ROH
42
BCSP
LPSL
TEST72
EA
00103
PGP
3000
V
1
100
**gbStart**Copilot_Status**splitKeyValue**50067286**gbEnd**
M
M
ROH
42
BCSP
LPSL
TEST73
EA
00103
PGP
3000
V
1
100
**gbStart**Copilot_Status**splitKeyValue**50067287**gbEnd**
M
M
ROH
42
BCSP
LPSL
TEST74
EA
00103
PGP
3000
V
1
100
**gbStart**Copilot_Status**splitKeyValue**50067288**gbEnd**
M
M
ROH
42
BCSP
LPSL
TEST75
EA
00103
PGP
3000
V
1
100
**gbStart**Copilot_Status**splitKeyValue**50067289**gbEnd**
M
M
ROH
42
BCSP
LPSL
TEST76
EA
00103
PGP
3000
V
1
100
**gbStart**Copilot_Status**splitKeyValue**50067290**gbEnd**
M
M
ROH
42
BCSP
LPSL
TEST77
EA
00103
PGP
3000
V
1
100
**gbStart**Copilot_Status**splitKeyValue**50067291**gbEnd**
M
M
ROH
42
BCSP
LPSL
TEST78
EA
00103
PGP
3000
V
1
100
**gbStart**Copilot_Status**splitKeyValue**50067292**gbEnd**
M
M
ROH
42
BCSP
LPSL
TEST79
EA
00103
PGP
3000
V
1
100
**gbStart**Copilot_Status**splitKeyValue**50067293**gbEnd**
M
M
ROH
42
BCSP
LPSL
TEST80
EA
00103
PGP
3000
V
1
100
**gbStart**Copilot_Status**splitKeyValue**50067294**gbEnd**
M
M
ROH
42
BCSP
LPSL
TEST81
EA
00103
PGP
3000
V
1
100
**gbStart**Copilot_Status**splitKeyValue**50067295**gbEnd**
M
M
ROH
42
BCSP
LPSL
TEST82
EA
00103
PGP
3000
V
1
100
**gbStart**Copilot_Status**splitKeyValue**50067296**gbEnd**
M
M
ROH
42
BCSP
LPSL
TEST83
EA
00103
PGP
3000
V
1
100
**gbStart**Copilot_Status**splitKeyValue**50067297**gbEnd**
M
M
ROH
42
BCSP
LPSL
TEST84
EA
00103
PGP
3000
V
1
100
**gbStart**Copilot_Status**splitKeyValue**50067298**gbEnd**
M
M
ROH
42
BCSP
LPSL
TEST85
EA
00103
PGP
3000
V
1
100
**gbStart**Copilot_Status**splitKeyValue**50067299**gbEnd**
M
M
ROH
42
BCSP
LPSL
TEST86
EA
00103
PGP
3000
V
1
100
**gbStart**Copilot_Status**splitKeyValue**50067300**gbEnd**
M
M
ROH
42
BCSP
LPSL
TEST87
EA
00103
PGP
3000
V
1
100
**gbStart**Copilot_Status**splitKeyValue**50067301**gbEnd**
M
M
ROH
42
BCSP
LPSL
TEST88
EA
00103
PGP
3000
V
1
100
**gbStart**Copilot_Status**splitKeyValue**50067302**gbEnd**
M
M
ROH
42
BCSP
LPSL
TEST89
EA
00103
PGP
3000
V
1
100
**gbStart**Copilot_Status**splitKeyValue**50067303**gbEnd**
M
M
ROH
42
BCSP
LPSL
TEST90
EA
00103
PGP
3000
V
1
100
**gbStart**Copilot_Status**splitKeyValue**50067304**gbEnd**
M
M
ROH
42
BCSP
LPSL
TEST91
EA
00103
PGP
3000
V
1
100
**gbStart**Copilot_Status**splitKeyValue**50067305**gbEnd**
M
M
ROH
42
BCSP
LPSL
TEST92
EA
00103
PGP
3000
V
1
100
**gbStart**Copilot_Status**splitKeyValue**50067306**gbEnd**
M
M
ROH
42
BCSP
LPSL
TEST93
EA
00103
PGP
3000
V
1
100
**gbStart**Copilot_Status**splitKeyValue**50067307**gbEnd**
M
M
ROH
42
BCSP
LPSL
TEST94
EA
00103
PGP
3000
V
1
100
**gbStart**Copilot_Status**splitKeyValue**50067308**gbEnd**
M
M
ROH
42
BCSP
LPSL
TEST95
EA
00103
PGP
3000
V
1
100
**gbStart**Copilot_Status**splitKeyValue**50067309**gbEnd**
M
M
ROH
42
BCSP
LPSL
TEST96
EA
00103
PGP
3000
V
1
100
**gbStart**Copilot_Status**splitKeyValue**50067310**gbEnd**
M
M
ROH
42
BCSP
LPSL
TEST97
EA
00103
PGP
3000
V
1
100
**gbStart**Copilot_Status**splitKeyValue**50067311**gbEnd**
M
M
ROH
42
BCSP
LPSL
TEST98
EA
00103
PGP
3000
V
1
100
**gbStart**Copilot_Status**splitKeyValue**50067312**gbEnd**
M
M
ROH
42
BCSP
LPSL
TEST99
EA
00103
PGP
3000
V
1
100
**gbStart**Copilot_Status**splitKeyValue**50067313**gbEnd**
| PASS |
------------------------------------------------------------------------------
Tests.Test material master                                            | PASS |
1 test, 1 passed, 0 failed
==============================================================================
Tests :: Testing functionality through Robot Framework                | PASS |
1 test, 1 passed, 0 failed
==============================================================================
Output:  C:\RobotFramework\sap_testing\Output\7995a4a5-3a20-4e0c-91be-885926923532\pabot_results\0\Output.xml
