==============================================================================
Tests :: Testing functionality through Robot Framework                        
==============================================================================
Tests.Test VA42                                                               
==============================================================================
Releasing the contracts blocks                                        40000086
40000087
**gbStart**block_status**splitKeyValue**40000087 Block released successfully..**gbEnd**
40000086
40000087
**gbStart**block_log**splitKeyValue**SUG Rental Contract 40000087 has been saved.**gbEnd**
| PASS |
------------------------------------------------------------------------------
Tests.Test VA42                                                       | PASS |
1 test, 1 passed, 0 failed
==============================================================================
Tests :: Testing functionality through Robot Framework                | PASS |
1 test, 1 passed, 0 failed
==============================================================================
Output:  C:\SAP_Testing\SAPtesting\Output\f44d80d4-b9a0-443f-9e21-a21cb04719eb\pabot_results\0\Output.xml
