==============================================================================
Tests :: Testing functionality through Robot Framework                        
==============================================================================
Tests.Test VA42                                                               
==============================================================================
Releasing the contracts blocks                                        40000085
40000086
**gbStart**block_status**splitKeyValue**40000086 Block released successfully..**gbEnd**
40000085
40000086
**gbStart**block_log**splitKeyValue**SUG Rental Contract 40000086 has been saved.**gbEnd**
| PASS |
------------------------------------------------------------------------------
Tests.Test VA42                                                       | PASS |
1 test, 1 passed, 0 failed
==============================================================================
Tests :: Testing functionality through Robot Framework                | PASS |
1 test, 1 passed, 0 failed
==============================================================================
Output:  C:\SAP_Testing\SAPtesting\Output\8debdc2d-1ea5-46b5-9b1e-39d0c39e8b7a\pabot_results\0\Output.xml
