==============================================================================
Tests :: Testing functionality through Robot Framework                        
==============================================================================
Tests.Test ST06                                                               
==============================================================================
  
  Traceback (most recent call last):
    ~~~~~~~~~~~~~~~~~~~~~~~~~~~~~~~~~~~~~~~~~~~~~~~~~~~~~~~~~~~~~~~~~~~~~~~~~~
    File  C:\RobotFramework\sap_testing\Tests\Test_ST06.robot:5
      System Logon    
    ~~~~~~~~~~~~~~~~~~~~~~~~~~~~~~~~~~~~~~~~~~~~~~~~~~~~~~~~~~~~~~~~~~~~~~~~~~
    File  C:\RobotFramework\sap_testing\Tests\Resource\ST06.robot:15
      Input Password    wnd[0]/usr/pwdRSYST-BCODE    %{SAP_PASSWORD}
      |  %{SAP_PASSWORD} = <Unable to define variable value>
______________________________________________________________________________
Executing ST06                                                        | FAIL |
Parent suite setup failed:
Environment variable '%{SAP_PASSWORD}' not found.
------------------------------------------------------------------------------
Tests.Test ST06                                                       | FAIL |
Suite setup failed:
Environment variable '%{SAP_PASSWORD}' not found.

1 test, 0 passed, 1 failed
==============================================================================
Tests :: Testing functionality through Robot Framework                | FAIL |
1 test, 0 passed, 1 failed
==============================================================================
Output:  C:\RobotFramework\sap_testing\Output\pabot_results\0\Output.xml
