==============================================================================
Tests :: Testing functionality through Robot Framework                        
==============================================================================
Tests.Test VA42                                                               
==============================================================================
Releasing the contracts blocks                                        40000061
40000062
**gbStart**block_status**splitKeyValue**40000062 Block already in released state...**gbEnd**
40000061
40000062
**gbStart**block_log**splitKeyValue**SUG Rental Contract 40000062 has been saved.**gbEnd**
| PASS |
------------------------------------------------------------------------------
Tests.Test VA42                                                       | PASS |
1 test, 1 passed, 0 failed
==============================================================================
Tests :: Testing functionality through Robot Framework                | PASS |
1 test, 1 passed, 0 failed
==============================================================================
Output:  C:\SAP_Testing\SAPtesting\Output\377ad36c-6e8e-42fe-a214-f812ea26c9ed\pabot_results\0\Output.xml
