==============================================================================
Tests :: Testing functionality through Robot Framework                        
==============================================================================
Tests.Test Read CSV file                                                      
==============================================================================
Read and Write CSV with Pandas                                          
  Traceback (most recent call last):
    ~~~~~~~~~~~~~~~~~~~~~~~~~~~~~~~~~~~~~~~~~~~~~~~~~~~~~~~~~~~~~~~~~~~~~~~~~~
    File  C:\RobotFramework\sap_testing\Tests\Test_Read_CSV_file.robot:6
    T:  Read and Write CSV with Pandas    
    ~~~~~~~~~~~~~~~~~~~~~~~~~~~~~~~~~~~~~~~~~~~~~~~~~~~~~~~~~~~~~~~~~~~~~~~~~~
    File  C:\RobotFramework\sap_testing\Tests\Test_Read_CSV_file.robot:7
      Read CSV File    
    ~~~~~~~~~~~~~~~~~~~~~~~~~~~~~~~~~~~~~~~~~~~~~~~~~~~~~~~~~~~~~~~~~~~~~~~~~~
    File  C:\RobotFramework\sap_testing\Tests\Resource\Read_CSV_file.robot:13
      Read Csv File To Dataframe    ${INPUT_FILE}
      |  ${INPUT_FILE} = C:\RobotFramework\sap_testing\Tests\Resource\input.csv (str)
______________________________________________________________________________
| FAIL |
FileNotFoundError: [Errno 2] No such file or directory: 'C:\\RobotFramework\\sap_testing\\Tests\\Resource\\input.csv'
------------------------------------------------------------------------------
Tests.Test Read CSV file                                              | FAIL |
1 test, 0 passed, 1 failed
==============================================================================
Tests :: Testing functionality through Robot Framework                | FAIL |
1 test, 0 passed, 1 failed
==============================================================================
Output:  C:\RobotFramework\sap_testing\Output\43c7f7db-7a10-45ef-84b2-20f038553a36\pabot_results\0\Output.xml
