==============================================================================
Tests :: Testing functionality through Robot Framework                        
==============================================================================
Tests.Test Create Rental Invoice                                              
==============================================================================
Create the rental Invoice                                             Document 90000517 has been saved.
40000074
40000073
**gbStart**invoice_log**splitKeyValue**40000073 Document 90000517 has been saved.**gbEnd**
40000074
40000073
**gbStart**copilot_status_sheet**splitKeyValue**[{'Customer Reference (Header)': 'Rental test', 'Document Date': '2025-01-17', 'Sales document': '40000074', 'Net Value (Header)': 160932, 'Document Currency': 'INR', 'Created by': 'EIDTEST', 'Sold-To Party Name': 'Sterling and Wilson Pvt. Ltd.', 'Billing Block Description': 'empty', 'Invoice Details': 'Document 90000516 has been saved.'}, {'Customer Reference (Header)': 'Rental test', 'Document Date': '2025-01-17', 'Sales document': '40000073', 'Net Value (Header)': 160932, 'Document Currency': 'INR', 'Created by': 'EIDTEST', 'Sold-To Party Name': 'Sterling and Wilson Pvt. Ltd.', 'Billing Block Description': 'empty', 'Invoice Details': 'Document 90000517 has been saved.'}]**splitKeyValue**object**gbEnd**
| PASS |
------------------------------------------------------------------------------
Tests.Test Create Rental Invoice                                      | PASS |
1 test, 1 passed, 0 failed
==============================================================================
Tests :: Testing functionality through Robot Framework                | PASS |
1 test, 1 passed, 0 failed
==============================================================================
Output:  C:\SAP_Testing\SAPtesting\Output\f598077a-ddd0-41c2-b03a-a43c4bdd8979\pabot_results\0\Output.xml
