==============================================================================
Tests :: Testing functionality through Robot Framework                        
==============================================================================
Tests.Test VA45                                                               
==============================================================================
Display the rental documents                                            
  Traceback (most recent call last):
    ~~~~~~~~~~~~~~~~~~~~~~~~~~~~~~~~~~~~~~~~~~~~~~~~~~~~~~~~~~~~~~~~~~~~~~~~~~
    File  C:\SAP_Testing\SAPtesting\Tests\Test_VA45.robot:9
    T:  Display the rental documents    
    ~~~~~~~~~~~~~~~~~~~~~~~~~~~~~~~~~~~~~~~~~~~~~~~~~~~~~~~~~~~~~~~~~~~~~~~~~~
    File  C:\SAP_Testing\SAPtesting\Tests\Test_VA45.robot:10
      System Logon    
    ~~~~~~~~~~~~~~~~~~~~~~~~~~~~~~~~~~~~~~~~~~~~~~~~~~~~~~~~~~~~~~~~~~~~~~~~~~
    File  C:\SAP_Testing\SAPtesting\Tests\Resource\VA45.robot:19
      Connect To Session    
______________________________________________________________________________
| FAIL |
Warning: Could not connect to Session, is Sap Logon Pad open?
------------------------------------------------------------------------------
  
  Traceback (most recent call last):
    ~~~~~~~~~~~~~~~~~~~~~~~~~~~~~~~~~~~~~~~~~~~~~~~~~~~~~~~~~~~~~~~~~~~~~~~~~~
    File  C:\SAP_Testing\SAPtesting\Tests\Test_VA45.robot:4
      System Logout    
    ~~~~~~~~~~~~~~~~~~~~~~~~~~~~~~~~~~~~~~~~~~~~~~~~~~~~~~~~~~~~~~~~~~~~~~~~~~
    File  C:\SAP_Testing\SAPtesting\Tests\Resource\VA45.robot:36
      Run Transaction    /nex
______________________________________________________________________________
Tests.Test VA45                                                       | FAIL |
Suite teardown failed:
AttributeError: 'int' object has no attribute 'findById'

1 test, 0 passed, 1 failed
==============================================================================
Tests :: Testing functionality through Robot Framework                | FAIL |
1 test, 0 passed, 1 failed
==============================================================================
Output:  C:\SAP_Testing\SAPtesting\Output\9b8fe501-d0cc-4fe3-a2bf-b865fcce04c2\pabot_results\0\Output.xml
