==============================================================================
Tests :: Testing functionality through Robot Framework                        
==============================================================================
Tests.Test custom excel                                                       
==============================================================================
Display Excel for output                                              column 4 deleted
column 4 deleted
column 4 deleted
document no is :40000080
"40000089"
"40000088"
"40000087"
"40000086"
"40000085"
"40000084"
"40000083"
"40000082"
"40000081"
"40000080"
"40000078"
"40000076"
| PASS |
------------------------------------------------------------------------------
Tests.Test custom excel                                               | PASS |
1 test, 1 passed, 0 failed
==============================================================================
Tests :: Testing functionality through Robot Framework                | PASS |
1 test, 1 passed, 0 failed
==============================================================================
Output:  C:\SAP_Testing\SAPtesting\Output\b6733141-4e36-4cdb-b75d-2418003ec8cc\pabot_results\0\Output.xml
