==============================================================================
Tests :: Testing functionality through Robot Framework                        
==============================================================================
Tests.Test License                                                            
==============================================================================
License                                                               15
  
  Traceback (most recent call last):
    ~~~~~~~~~~~~~~~~~~~~~~~~~~~~~~~~~~~~~~~~~~~~~~~~~~~~~~~~~~~~~~~~~~~~~~~~~~
    File  D:\RobotFramework\SAPtesting\Tests\Test_License.robot:10
    T:  License    
    ~~~~~~~~~~~~~~~~~~~~~~~~~~~~~~~~~~~~~~~~~~~~~~~~~~~~~~~~~~~~~~~~~~~~~~~~~~
    File  D:\RobotFramework\SAPtesting\Tests\Test_License.robot:12
      Apply License    
    ~~~~~~~~~~~~~~~~~~~~~~~~~~~~~~~~~~~~~~~~~~~~~~~~~~~~~~~~~~~~~~~~~~~~~~~~~~
    File  D:\RobotFramework\SAPtesting\Tests\Resource\License.robot:54
      Click Element    wnd[1]/usr/btnBUTTON_1
______________________________________________________________________________
| FAIL |
ValueError: Cannot find element with id 'wnd[1]/usr/btnBUTTON_1'
------------------------------------------------------------------------------
Tests.Test License                                                    | FAIL |
1 test, 0 passed, 1 failed
==============================================================================
Tests :: Testing functionality through Robot Framework                | FAIL |
1 test, 0 passed, 1 failed
==============================================================================
Output:  D:\RobotFramework\SAPtesting\Output\60a1f9b8-98e3-4a3a-b46c-283b83de0d38\pabot_results\0\Output.xml
