==============================================================================
Tests :: Testing functionality through Robot Framework                        
==============================================================================
Tests.Test Block Release                                                      
==============================================================================
Releasing the contracts blocks                                          
  Traceback (most recent call last):
    ~~~~~~~~~~~~~~~~~~~~~~~~~~~~~~~~~~~~~~~~~~~~~~~~~~~~~~~~~~~~~~~~~~~~~~~~~~
    File  C:\SAP_Testing\SAPtesting\Tests\Test_Block_Release.robot:9
    T:  Releasing the contracts blocks    
    ~~~~~~~~~~~~~~~~~~~~~~~~~~~~~~~~~~~~~~~~~~~~~~~~~~~~~~~~~~~~~~~~~~~~~~~~~~
    File  C:\SAP_Testing\SAPtesting\Tests\Test_Block_Release.robot:10
      System Logon    
    ~~~~~~~~~~~~~~~~~~~~~~~~~~~~~~~~~~~~~~~~~~~~~~~~~~~~~~~~~~~~~~~~~~~~~~~~~~
    File  C:\SAP_Testing\SAPtesting\Tests\Resource\Block_Release.robot:27
          
    ~~~~~~~~~~~~~~~~~~~~~~~~~~~~~~~~~~~~~~~~~~~~~~~~~~~~~~~~~~~~~~~~~~~~~~~~~~
    File  C:\SAP_Testing\SAPtesting\Tests\Resource\Block_Release.robot:28
      Release Block    
    ~~~~~~~~~~~~~~~~~~~~~~~~~~~~~~~~~~~~~~~~~~~~~~~~~~~~~~~~~~~~~~~~~~~~~~~~~~
    File  C:\SAP_Testing\SAPtesting\Tests\Resource\Block_Release.robot:39
          
    ~~~~~~~~~~~~~~~~~~~~~~~~~~~~~~~~~~~~~~~~~~~~~~~~~~~~~~~~~~~~~~~~~~~~~~~~~~
    File  C:\SAP_Testing\SAPtesting\Tests\Resource\Block_Release.robot:45
      Evaluate    eval('${contract_number}').get("contract_number")
      |  eval('${contract_number}').get("contract_number") = eval('{'contract_number': '40000079'}').get("contract_number") (str)
______________________________________________________________________________
| FAIL |
Evaluating expression 'eval('{'contract_number': '40000079'}').get("contract_number")' failed: SyntaxError: invalid syntax. Perhaps you forgot a comma? (<string>, line 1)
------------------------------------------------------------------------------
Tests.Test Block Release                                              | FAIL |
1 test, 0 passed, 1 failed
==============================================================================
Tests :: Testing functionality through Robot Framework                | FAIL |
1 test, 0 passed, 1 failed
==============================================================================
Output:  C:\SAP_Testing\SAPtesting\Output\27d3ef1a-696d-4574-ac01-0c226e6ebc95\pabot_results\0\Output.xml
