==============================================================================
Tests :: Testing functionality through Robot Framework                        
==============================================================================
Tests.Test VF01                                                               
==============================================================================
VF01                                                                    
  Traceback (most recent call last):
    ~~~~~~~~~~~~~~~~~~~~~~~~~~~~~~~~~~~~~~~~~~~~~~~~~~~~~~~~~~~~~~~~~~~~~~~~~~
    File  C:\RobotFramework\sap_testing\Tests\Test_VF01.robot:9
    T:  VF01    
    ~~~~~~~~~~~~~~~~~~~~~~~~~~~~~~~~~~~~~~~~~~~~~~~~~~~~~~~~~~~~~~~~~~~~~~~~~~
    File  C:\RobotFramework\sap_testing\Tests\Test_VF01.robot:10
      VF01    
    ~~~~~~~~~~~~~~~~~~~~~~~~~~~~~~~~~~~~~~~~~~~~~~~~~~~~~~~~~~~~~~~~~~~~~~~~~~
    File  C:\RobotFramework\sap_testing\Tests\Resource\VF01.robot:30
      Set Focus    wnd[0]/usr/tblSAPMV60ATCTRL_UEB_FAKT/ctxtVBRP-MATNR[1,0]
______________________________________________________________________________
| FAIL |
ValueError: Cannot find element with id 'wnd[0]/usr/tblSAPMV60ATCTRL_UEB_FAKT/ctxtVBRP-MATNR[1,0]'
------------------------------------------------------------------------------
Tests.Test VF01                                                       | FAIL |
1 test, 0 passed, 1 failed
==============================================================================
Tests :: Testing functionality through Robot Framework                | FAIL |
1 test, 0 passed, 1 failed
==============================================================================
Output:  C:\RobotFramework\sap_testing\Output\5531dd54-1973-495c-9138-98fd91766fd8\pabot_results\0\Output.xml
