==============================================================================
Tests :: Testing functionality through Robot Framework                        
==============================================================================
Tests.Test OAC0                                                               
==============================================================================
Executing OACO                                                          
  Traceback (most recent call last):
    ~~~~~~~~~~~~~~~~~~~~~~~~~~~~~~~~~~~~~~~~~~~~~~~~~~~~~~~~~~~~~~~~~~~~~~~~~~
    File  C:\RobotFramework\sap_testing\Tests\Test_OAC0.robot:10
    T:  Executing OACO    
    ~~~~~~~~~~~~~~~~~~~~~~~~~~~~~~~~~~~~~~~~~~~~~~~~~~~~~~~~~~~~~~~~~~~~~~~~~~
    File  C:\RobotFramework\sap_testing\Tests\Test_OAC0.robot:11
      Transaction OACO    
______________________________________________________________________________
| FAIL |
No keyword with name 'Transaction OACO' found.
------------------------------------------------------------------------------
Tests.Test OAC0                                                       | FAIL |
1 test, 0 passed, 1 failed
==============================================================================
Tests :: Testing functionality through Robot Framework                | FAIL |
1 test, 0 passed, 1 failed
==============================================================================
Output:  C:\SAP_Testing\SAPtesting\new2output\31a4c154-78af-4e4d-b287-a1dfb974dc24\pabot_results\0\Output.xml
