==============================================================================
Tests :: Testing functionality through Robot Framework                        
==============================================================================
Tests.Test FB03                                                               
==============================================================================
Interlinked transactions for Invoice                                  5
1800000511
3000
2024
1800000512
3000
2024
1800000513
3000
2024
| PASS |
------------------------------------------------------------------------------
Tests.Test FB03                                                       | PASS |
1 test, 1 passed, 0 failed
==============================================================================
Tests :: Testing functionality through Robot Framework                | PASS |
1 test, 1 passed, 0 failed
==============================================================================
Output:  C:\RobotFramework\sap_testing\Output\962f0012-4e92-4d2a-9668-d312a15c5a69\pabot_results\0\Output.xml
