==============================================================================
Tests :: Testing functionality through Robot Framework                        
==============================================================================
Tests.Test FB03                                                               
==============================================================================
Interlinked transactions for Invoice                                  5
1800000515
3000
2024
1800000516
3000
2024
1800000517
3000
2024
| PASS |
------------------------------------------------------------------------------
Tests.Test FB03                                                       | PASS |
1 test, 1 passed, 0 failed
==============================================================================
Tests :: Testing functionality through Robot Framework                | PASS |
1 test, 1 passed, 0 failed
==============================================================================
Output:  C:\RobotFramework\sap_testing\Output\0ce255de-3949-4e12-9ca8-a45bbb79cfd5\pabot_results\0\Output.xml
