==============================================================================
Tests :: Testing functionality through Robot Framework                        
==============================================================================
Tests.Test VA01                                                               
==============================================================================
Executing VA01                                                        Generated PO#: PO#95731
Document is complete
Std.Ord.MSD/MISD/IND 13029226 has been saved
**gbStart**order_no**splitKeyValue**13029226**gbEnd**
| PASS |
------------------------------------------------------------------------------
  
  Traceback (most recent call last):
    ~~~~~~~~~~~~~~~~~~~~~~~~~~~~~~~~~~~~~~~~~~~~~~~~~~~~~~~~~~~~~~~~~~~~~~~~~~
    File  C:\RobotFramework\SAPtesting\Tests\Test_VA01.robot:7
      System Logout    
    ~~~~~~~~~~~~~~~~~~~~~~~~~~~~~~~~~~~~~~~~~~~~~~~~~~~~~~~~~~~~~~~~~~~~~~~~~~
    File  C:\RobotFramework\SAPtesting\Tests\Resource\VA01.robot:107
      Create Pdf    ${screenshot_directory}    ${PDF_Dir}
      |  ${screenshot_directory} = C:\SAP_Testing\SAPtesting\Output\993401b8-60f5-469f-94a8-aa45b27aee3c\pabot_results\0 (str)
      |  ${PDF_Dir} = C:\SAP_Testing\SAPtesting\Output\993401b8-60f5-469f-94a8-aa45b27aee3c\pabot_results\0\01_VA01.pdf (str)
______________________________________________________________________________
Tests.Test VA01                                                       | FAIL |
Suite teardown failed:
No keyword with name 'Create Pdf' found.

1 test, 0 passed, 1 failed
==============================================================================
Tests :: Testing functionality through Robot Framework                | FAIL |
1 test, 0 passed, 1 failed
==============================================================================
Output:  C:\SAP_Testing\SAPtesting\Output\993401b8-60f5-469f-94a8-aa45b27aee3c\pabot_results\0\Output.xml
