==============================================================================
Tests :: Testing functionality through Robot Framework                        
==============================================================================
Tests.Test SalesDocument                                                      
==============================================================================
Sales Document with CreditBlocks                                        
  Traceback (most recent call last):
    ~~~~~~~~~~~~~~~~~~~~~~~~~~~~~~~~~~~~~~~~~~~~~~~~~~~~~~~~~~~~~~~~~~~~~~~~~~
    File  C:\RobotFramework\sap_testing\Tests\Test_SalesDocument.robot:9
    T:  Sales Document with CreditBlocks    
    ~~~~~~~~~~~~~~~~~~~~~~~~~~~~~~~~~~~~~~~~~~~~~~~~~~~~~~~~~~~~~~~~~~~~~~~~~~
    File  C:\RobotFramework\sap_testing\Tests\Test_SalesDocument.robot:10
      Sales Document with CreditBlocks    
    ~~~~~~~~~~~~~~~~~~~~~~~~~~~~~~~~~~~~~~~~~~~~~~~~~~~~~~~~~~~~~~~~~~~~~~~~~~
    File  C:\RobotFramework\sap_testing\Tests\Resource\SalesDocument.robot:42
      Input Text    wnd[1]/usr/ctxtDY_PATH    C:\\tmp\\
      |  C:\\tmp\\ = C:\tmp\ (str)
______________________________________________________________________________
| FAIL |
ValueError: Cannot find element with id 'wnd[1]/usr/ctxtDY_PATH'
------------------------------------------------------------------------------
Tests.Test SalesDocument                                              | FAIL |
1 test, 0 passed, 1 failed
==============================================================================
Tests :: Testing functionality through Robot Framework                | FAIL |
1 test, 0 passed, 1 failed
==============================================================================
Output:  C:\RobotFramework\sap_testing\Output\2929f947-d5b1-44c8-b096-9d2077906e16\pabot_results\0\Output.xml
