[ ERROR ] Processing variable file 'C:\SAP_Testing\SAPtesting\Execution\Access_Data.py' failed: Importing variable file 'C:\SAP_Testing\SAPtesting\Execution\Access_Data.py' failed: SyntaxError: invalid syntax (rental.py, line 5)
Traceback (most recent call last):
  File "C:\SAP_Testing\SAPtesting\Execution\Access_Data.py", line 15, in <module>
    import Data.Symphony as Sym
  File "C:\SAP_Testing\SAPtesting\Data\Symphony\__init__.py", line 1, in <module>
    from . import Dev
  File "C:\SAP_Testing\SAPtesting\Data\Symphony\Dev\__init__.py", line 3, in <module>
    from .rental import *
PYTHONPATH:
  C:\SAP_Testing\SAPtesting\Execution
  C:\SAP_Testing\SAPtesting\RoboEnvironment\Symphony\Scripts\robot.exe
  C:\Program Files\Python312\python312.zip
  C:\Program Files\Python312\DLLs
  C:\Program Files\Python312\Lib
  C:\Program Files\Python312
  C:\SAP_Testing\SAPtesting\RoboEnvironment\Symphony
  C:\SAP_Testing\SAPtesting\RoboEnvironment\Symphony\Lib\site-packages
  C:\SAP_Testing\SAPtesting\RoboEnvironment\Symphony\Lib\site-packages\win32
  C:\SAP_Testing\SAPtesting\RoboEnvironment\Symphony\Lib\site-packages\win32\lib
  C:\SAP_Testing\SAPtesting\RoboEnvironment\Symphony\Lib\site-packages\Pythonwin
  C:\SAP_Testing\SAPtesting\RoboEnvironment\Symphony\Lib\site-packages\setuptools\_vendor
  C:\SAP_Testing\SAPtesting
