==============================================================================
Tests :: Testing functionality through Robot Framework                        
==============================================================================
Tests.Test custom excel                                                       
==============================================================================
Display Excel for output                                              column 4 deleted
column 4 deleted
column 4 deleted
document no is :40000069
"40000069"
"40000068"
"40000067"
"40000066"
"40000065"
document no is :40000068
"40000069"
"40000068"
"40000067"
"40000066"
"40000065"
| PASS |
------------------------------------------------------------------------------
Tests.Test custom excel                                               | PASS |
1 test, 1 passed, 0 failed
==============================================================================
Tests :: Testing functionality through Robot Framework                | PASS |
1 test, 1 passed, 0 failed
==============================================================================
Output:  C:\SAP_Testing\SAPtesting\Output\3434872a-d473-4844-b48b-7058b9fbf2f5\pabot_results\0\Output.xml
