==============================================================================
Tests :: Testing functionality through Robot Framework                        
==============================================================================
Tests.Test Roles Create date                                                  
==============================================================================
Get roles from Table                                                    
  Traceback (most recent call last):
    ~~~~~~~~~~~~~~~~~~~~~~~~~~~~~~~~~~~~~~~~~~~~~~~~~~~~~~~~~~~~~~~~~~~~~~~~~~
    File  C:\RobotFramework\sap_testing\Tests\Test_Roles_Create_date.robot:8
    T:  Get roles from Table    
    ~~~~~~~~~~~~~~~~~~~~~~~~~~~~~~~~~~~~~~~~~~~~~~~~~~~~~~~~~~~~~~~~~~~~~~~~~~
    File  C:\RobotFramework\sap_testing\Tests\Test_Roles_Create_date.robot:11
      TEST_System_Logon    
    ~~~~~~~~~~~~~~~~~~~~~~~~~~~~~~~~~~~~~~~~~~~~~~~~~~~~~~~~~~~~~~~~~~~~~~~~~~
    File  C:\RobotFramework\sap_testing\Tests\Resource\Roles_Create_date.robot:38
      Input Password    wnd[0]/usr/pwdRSYST-BCODE    %{Create_Date_User_Password}
      |  %{Create_Date_User_Password} = <Unable to define variable value>
______________________________________________________________________________
| FAIL |
Environment variable '%{Create_Date_User_Password}' not found.
------------------------------------------------------------------------------
Tests.Test Roles Create date                                          | FAIL |
1 test, 0 passed, 1 failed
==============================================================================
Tests :: Testing functionality through Robot Framework                | FAIL |
1 test, 0 passed, 1 failed
==============================================================================
Output:  C:\RobotFramework\sap_testing\Output\0df52788-4bf3-430c-a937-8bc5bdb37577\pabot_results\0\Output.xml
