==============================================================================
Tests :: Testing functionality through Robot Framework                        
==============================================================================
  
  Traceback (most recent call last):
    ~~~~~~~~~~~~~~~~~~~~~~~~~~~~~~~~~~~~~~~~~~~~~~~~~~~~~~~~~~~~~~~~~~~~~~~~~~
    File  C:\RobotFramework\sap_testing\Tests\__init__.robot:3
      Setup highest level suite    
    ~~~~~~~~~~~~~~~~~~~~~~~~~~~~~~~~~~~~~~~~~~~~~~~~~~~~~~~~~~~~~~~~~~~~~~~~~~
    File  C:\RobotFramework\sap_testing\Tests\__init__.robot:10
      Reset screenshot count variable    
    ~~~~~~~~~~~~~~~~~~~~~~~~~~~~~~~~~~~~~~~~~~~~~~~~~~~~~~~~~~~~~~~~~~~~~~~~~~
    File  C:\RobotFramework\sap_testing\Tests\Support.robot:53
      Set up screenshot directory    
    ~~~~~~~~~~~~~~~~~~~~~~~~~~~~~~~~~~~~~~~~~~~~~~~~~~~~~~~~~~~~~~~~~~~~~~~~~~
    File  C:\RobotFramework\sap_testing\Tests\Support.robot:19
      Create Directory    ${OUTPUTDIR}${/}${wvar('screenshot_dir')}
      |  ${OUTPUTDIR}${/}${wvar('screenshot_dir')} = <Unable to define variable value>
______________________________________________________________________________
Tests.Test SM02 MESSAGE                                                       
==============================================================================
SM02                                                                  | FAIL |
Parent suite setup failed:
Resolving variable '${wvar('screenshot_dir')}' failed: Variable '${wvar}' not found.
------------------------------------------------------------------------------
Tests.Test SM02 MESSAGE                                               | FAIL |
Parent suite setup failed:
Resolving variable '${wvar('screenshot_dir')}' failed: Variable '${wvar}' not found.

1 test, 0 passed, 1 failed
==============================================================================
Tests :: Testing functionality through Robot Framework                | FAIL |
Suite setup failed:
Resolving variable '${wvar('screenshot_dir')}' failed: Variable '${wvar}' not found.

1 test, 0 passed, 1 failed
==============================================================================
Output:  C:\RobotFramework\sap_testing\Output\d53e408f-a272-417e-889b-9f027fa7ae53\pabot_results\0\Output.xml
