==============================================================================
Tests :: Testing functionality through Robot Framework                        
==============================================================================
Tests.Test Read CSV file                                                      
==============================================================================
Read and Write CSV with Pandas                                          
  Traceback (most recent call last):
    ~~~~~~~~~~~~~~~~~~~~~~~~~~~~~~~~~~~~~~~~~~~~~~~~~~~~~~~~~~~~~~~~~~~~~~~~~~
    File  C:\RobotFramework\sap_testing\Tests\Test_Read_CSV_file.robot:6
    T:  Read and Write CSV with Pandas    
    ~~~~~~~~~~~~~~~~~~~~~~~~~~~~~~~~~~~~~~~~~~~~~~~~~~~~~~~~~~~~~~~~~~~~~~~~~~
    File  C:\RobotFramework\sap_testing\Tests\Test_Read_CSV_file.robot:7
      Read CSV File    
    ~~~~~~~~~~~~~~~~~~~~~~~~~~~~~~~~~~~~~~~~~~~~~~~~~~~~~~~~~~~~~~~~~~~~~~~~~~
    File  C:\RobotFramework\sap_testing\Tests\Resource\Read_CSV_file.robot:13
      Read CSV File To DataFrame    ${INPUT_FILE}
      |  ${INPUT_FILE} = C:\RobotFramework\sap_testing\Tests\Resource\input.csv (str)
______________________________________________________________________________
| FAIL |
No keyword with name 'Read CSV File To DataFrame' found. Did you try using keyword 'Read_CSV_file.Read CSV File' and forgot to use enough whitespace between keyword and arguments?
------------------------------------------------------------------------------
Tests.Test Read CSV file                                              | FAIL |
1 test, 0 passed, 1 failed
==============================================================================
Tests :: Testing functionality through Robot Framework                | FAIL |
1 test, 0 passed, 1 failed
==============================================================================
Output:  C:\RobotFramework\sap_testing\Output\dae0c483-74c8-4252-9549-58c23108fdf6\pabot_results\0\Output.xml
