==============================================================================
Tests :: Testing functionality through Robot Framework                        
==============================================================================
Tests.Test SM69                                                               
==============================================================================
Executing SM69                                                        | PASS |
------------------------------------------------------------------------------
  
  Traceback (most recent call last):
    ~~~~~~~~~~~~~~~~~~~~~~~~~~~~~~~~~~~~~~~~~~~~~~~~~~~~~~~~~~~~~~~~~~~~~~~~~~
    File  C:\RobotFramework\sap_testing\Tests\Test_SM69.robot:5
      System Logout    
    ~~~~~~~~~~~~~~~~~~~~~~~~~~~~~~~~~~~~~~~~~~~~~~~~~~~~~~~~~~~~~~~~~~~~~~~~~~
    File  C:\RobotFramework\sap_testing\Tests\Resource\SM69.robot:25
      Run Transaction    /nex
______________________________________________________________________________
Tests.Test SM69                                                       | FAIL |
Suite teardown failed:
com_error: (-2147417848, 'The object invoked has disconnected from its clients.', None, None)

1 test, 0 passed, 1 failed
==============================================================================
Tests :: Testing functionality through Robot Framework                | FAIL |
1 test, 0 passed, 1 failed
==============================================================================
Output:  C:\SAP_Testing\SAPtesting\new2output\1cf750bc-66b3-4fec-aa48-7476134e30ed\pabot_results\0\Output.xml
