==============================================================================
Tests :: Testing functionality through Robot Framework                        
==============================================================================
Tests.Test SHMM                                                               
==============================================================================
Executing SHMM                                                          
  Traceback (most recent call last):
    ~~~~~~~~~~~~~~~~~~~~~~~~~~~~~~~~~~~~~~~~~~~~~~~~~~~~~~~~~~~~~~~~~~~~~~~~~~
    File  C:\RobotFramework\sap_testing\Tests\Test_SHMM.robot:10
    T:  Executing SHMM    
    ~~~~~~~~~~~~~~~~~~~~~~~~~~~~~~~~~~~~~~~~~~~~~~~~~~~~~~~~~~~~~~~~~~~~~~~~~~
    File  C:\RobotFramework\sap_testing\Tests\Test_SHMM.robot:11
      Transaction SHMM    
    ~~~~~~~~~~~~~~~~~~~~~~~~~~~~~~~~~~~~~~~~~~~~~~~~~~~~~~~~~~~~~~~~~~~~~~~~~~
    File  C:\RobotFramework\sap_testing\Tests\Resource\SHMM.robot:34
      Click Element    wnd[0]/usr/tabsTAB_0100/tabpTAB_0100_TUNE
______________________________________________________________________________
| FAIL |
ValueError: Cannot find element with id 'wnd[0]/usr/tabsTAB_0100/tabpTAB_0100_TUNE'
------------------------------------------------------------------------------
Tests.Test SHMM                                                       | FAIL |
1 test, 0 passed, 1 failed
==============================================================================
Tests :: Testing functionality through Robot Framework                | FAIL |
1 test, 0 passed, 1 failed
==============================================================================
Output:  C:\SAP_Testing\SAPtesting\new2output\44b6920f-3730-4ef7-aa16-f8fc23b80970\pabot_results\0\Output.xml
