==============================================================================
Tests :: Testing functionality through Robot Framework                        
==============================================================================
  
  Traceback (most recent call last):
    ~~~~~~~~~~~~~~~~~~~~~~~~~~~~~~~~~~~~~~~~~~~~~~~~~~~~~~~~~~~~~~~~~~~~~~~~~~
    File  C:\SAP_Testing\SAPtesting\Tests\__init__.robot:3
      Setup highest level suite    
    ~~~~~~~~~~~~~~~~~~~~~~~~~~~~~~~~~~~~~~~~~~~~~~~~~~~~~~~~~~~~~~~~~~~~~~~~~~
    File  C:\SAP_Testing\SAPtesting\Tests\__init__.robot:10
      Reset screenshot count variable    
    ~~~~~~~~~~~~~~~~~~~~~~~~~~~~~~~~~~~~~~~~~~~~~~~~~~~~~~~~~~~~~~~~~~~~~~~~~~
    File  C:\SAP_Testing\SAPtesting\Tests\Support.robot:53
      Set up screenshot directory    
    ~~~~~~~~~~~~~~~~~~~~~~~~~~~~~~~~~~~~~~~~~~~~~~~~~~~~~~~~~~~~~~~~~~~~~~~~~~
    File  C:\SAP_Testing\SAPtesting\Tests\Support.robot:19
      Create Directory    ${OUTPUTDIR}${/}${wvar('screenshot_dir')}
      |  ${OUTPUTDIR}${/}${wvar('screenshot_dir')} = <Unable to define variable value>
______________________________________________________________________________
Tests.Test Get Month Of The Subject                                           
==============================================================================
Month of the subject                                                  | FAIL |
Parent suite setup failed:
Resolving variable '${wvar('screenshot_dir')}' failed: Variable '${wvar}' not found.
------------------------------------------------------------------------------
Tests.Test Get Month Of The Subject                                   | FAIL |
Parent suite setup failed:
Resolving variable '${wvar('screenshot_dir')}' failed: Variable '${wvar}' not found.

1 test, 0 passed, 1 failed
==============================================================================
Tests :: Testing functionality through Robot Framework                | FAIL |
Suite setup failed:
Resolving variable '${wvar('screenshot_dir')}' failed: Variable '${wvar}' not found.

1 test, 0 passed, 1 failed
==============================================================================
Output:  C:\SAP_Testing\SAPtesting\Output\1af4f625-9dc9-4a04-8509-e975a83f2b49\pabot_results\0\Output.xml
