==============================================================================
Tests :: Testing functionality through Robot Framework                        
==============================================================================
Tests.Test VA42                                                               
==============================================================================
Releasing the contracts blocks                                        40000084
40000085
**gbStart**block_status**splitKeyValue**40000085 Block released successfully..**gbEnd**
40000084
40000085
**gbStart**block_log**splitKeyValue**SUG Rental Contract 40000085 has been saved.**gbEnd**
| PASS |
------------------------------------------------------------------------------
Tests.Test VA42                                                       | PASS |
1 test, 1 passed, 0 failed
==============================================================================
Tests :: Testing functionality through Robot Framework                | PASS |
1 test, 1 passed, 0 failed
==============================================================================
Output:  C:\SAP_Testing\SAPtesting\Output\cade50df-a48c-4f29-9f22-b765f8048fa9\pabot_results\0\Output.xml
