==============================================================================
Tests :: Testing functionality through Robot Framework                        
==============================================================================
  
  Traceback (most recent call last):
    ~~~~~~~~~~~~~~~~~~~~~~~~~~~~~~~~~~~~~~~~~~~~~~~~~~~~~~~~~~~~~~~~~~~~~~~~~~
    File  C:\RobotFramework\sap_testing\Tests\__init__.robot:3
      Setup highest level suite    
    ~~~~~~~~~~~~~~~~~~~~~~~~~~~~~~~~~~~~~~~~~~~~~~~~~~~~~~~~~~~~~~~~~~~~~~~~~~
    File  C:\RobotFramework\sap_testing\Tests\__init__.robot:10
      Reset screenshot count variable    
    ~~~~~~~~~~~~~~~~~~~~~~~~~~~~~~~~~~~~~~~~~~~~~~~~~~~~~~~~~~~~~~~~~~~~~~~~~~
    File  C:\RobotFramework\sap_testing\Tests\Support.robot:53
      Set up screenshot directory    
    ~~~~~~~~~~~~~~~~~~~~~~~~~~~~~~~~~~~~~~~~~~~~~~~~~~~~~~~~~~~~~~~~~~~~~~~~~~
    File  C:\RobotFramework\sap_testing\Tests\Support.robot:19
      Create Directory    ${OUTPUTDIR}${/}${wvar('screenshot_dir')}
      |  ${OUTPUTDIR}${/}${wvar('screenshot_dir')} = <Unable to define variable value>
______________________________________________________________________________
Tests.Test Create outbound Delivery                                           
==============================================================================
Executing VL01N                                                       | FAIL |
Parent suite setup failed:
Resolving variable '${wvar('screenshot_dir')}' failed: Variable '${wvar}' not found.
------------------------------------------------------------------------------
Tests.Test Create outbound Delivery                                   | FAIL |
Parent suite setup failed:
Resolving variable '${wvar('screenshot_dir')}' failed: Variable '${wvar}' not found.

1 test, 0 passed, 1 failed
==============================================================================
Tests :: Testing functionality through Robot Framework                | FAIL |
Suite setup failed:
Resolving variable '${wvar('screenshot_dir')}' failed: Variable '${wvar}' not found.

1 test, 0 passed, 1 failed
==============================================================================
Output:  C:\RobotFramework\sap_testing\Output\8f4f8856-e0ab-481a-9949-08995f0af42a\pabot_results\0\Output.xml
