==============================================================================
Tests :: Testing functionality through Robot Framework                        
==============================================================================
Tests.Test SLDAPICUST                                                         
==============================================================================
Executing SLDAPICUST                                                    
  Traceback (most recent call last):
    ~~~~~~~~~~~~~~~~~~~~~~~~~~~~~~~~~~~~~~~~~~~~~~~~~~~~~~~~~~~~~~~~~~~~~~~~~~
    File  C:\RobotFramework\sap_testing\Tests\Test_SLDAPICUST.robot:10
    T:  Executing SLDAPICUST    
    ~~~~~~~~~~~~~~~~~~~~~~~~~~~~~~~~~~~~~~~~~~~~~~~~~~~~~~~~~~~~~~~~~~~~~~~~~~
    File  C:\RobotFramework\sap_testing\Tests\Test_SLDAPICUST.robot:12
      Transaction SLDAPICUST    
    ~~~~~~~~~~~~~~~~~~~~~~~~~~~~~~~~~~~~~~~~~~~~~~~~~~~~~~~~~~~~~~~~~~~~~~~~~~
    File  C:\RobotFramework\sap_testing\Tests\Resource\SLDAPICUST.robot:10
      Run Transaction    /nSldapicust
______________________________________________________________________________
| FAIL |
AttributeError: <unknown>.text
------------------------------------------------------------------------------
