==============================================================================
Tests :: Testing functionality through Robot Framework                        
==============================================================================
Tests.Test STMS                                                               
==============================================================================
Executing STMS                                                          
  Traceback (most recent call last):
    ~~~~~~~~~~~~~~~~~~~~~~~~~~~~~~~~~~~~~~~~~~~~~~~~~~~~~~~~~~~~~~~~~~~~~~~~~~
    File  C:\RobotFramework\sap_testing\Tests\Test_STMS.robot:10
    T:  Executing STMS    
    ~~~~~~~~~~~~~~~~~~~~~~~~~~~~~~~~~~~~~~~~~~~~~~~~~~~~~~~~~~~~~~~~~~~~~~~~~~
    File  C:\RobotFramework\sap_testing\Tests\Test_STMS.robot:11
      Transaction STMS    
    ~~~~~~~~~~~~~~~~~~~~~~~~~~~~~~~~~~~~~~~~~~~~~~~~~~~~~~~~~~~~~~~~~~~~~~~~~~
    File  C:\RobotFramework\sap_testing\Tests\Resource\STMS.robot:33
      Click Element    wnd[0]/mbar/menu[0]/menu[4]
______________________________________________________________________________
| FAIL |
ValueError: Cannot find element with id 'wnd[0]/mbar/menu[0]/menu[4]'
------------------------------------------------------------------------------
Tests.Test STMS                                                       | FAIL |
1 test, 0 passed, 1 failed
==============================================================================
Tests :: Testing functionality through Robot Framework                | FAIL |
1 test, 0 passed, 1 failed
==============================================================================
Output:  C:\SAP_Testing\SAPtesting\new2output\c43e5245-bcb8-4db8-bfde-feaeedfcbe97\pabot_results\0\Output.xml
