==============================================================================
Tests :: Testing functionality through Robot Framework                        
==============================================================================
Tests.Test VA42                                                               
==============================================================================
Releasing the contracts blocks                                        40000094
40000094
40000094
**gbStart**block_status**splitKeyValue**40000094 Block released successfully..**gbEnd**
40000094
**gbStart**block_log**splitKeyValue**SUG Rental Contract 40000094 has been saved.**gbEnd**
| PASS |
------------------------------------------------------------------------------
Tests.Test VA42                                                       | PASS |
1 test, 1 passed, 0 failed
==============================================================================
Tests :: Testing functionality through Robot Framework                | PASS |
1 test, 1 passed, 0 failed
==============================================================================
Output:  C:\SAP_Testing\SAPtesting\Output\65c1568e-e35f-49f1-99e6-935cdb2cfa9b\pabot_results\0\Output.xml
