==============================================================================
Tests :: Testing functionality through Robot Framework                        
==============================================================================
Tests.Test Roles change date                                                  
==============================================================================
Change Date                                                             
  Traceback (most recent call last):
    ~~~~~~~~~~~~~~~~~~~~~~~~~~~~~~~~~~~~~~~~~~~~~~~~~~~~~~~~~~~~~~~~~~~~~~~~~~
    File  C:\RobotFramework\sap_testing\Tests\Test_Roles_change_date.robot:7
    T:  Change Date    
    ~~~~~~~~~~~~~~~~~~~~~~~~~~~~~~~~~~~~~~~~~~~~~~~~~~~~~~~~~~~~~~~~~~~~~~~~~~
    File  C:\RobotFramework\sap_testing\Tests\Test_Roles_change_date.robot:16
      Deletefile    
    ~~~~~~~~~~~~~~~~~~~~~~~~~~~~~~~~~~~~~~~~~~~~~~~~~~~~~~~~~~~~~~~~~~~~~~~~~~
    File  C:\RobotFramework\sap_testing\Tests\Resource\Roles_change_date.robot:231
      Delete Files    directory=C:\\tmp    file_name=Change_Role_extract.xlsx
      |  directory=C:\\tmp = directory=C:\tmp (str)
______________________________________________________________________________
| FAIL |
No keyword with name 'Delete Files' found. Did you mean:
    Roles_change_date.Deletefile
------------------------------------------------------------------------------
Tests.Test Roles change date                                          | FAIL |
1 test, 0 passed, 1 failed
==============================================================================
Tests :: Testing functionality through Robot Framework                | FAIL |
1 test, 0 passed, 1 failed
==============================================================================
Output:  C:\RobotFramework\sap_testing\Output\914fed68-87ed-4f29-a262-4c41323e7bdd\pabot_results\0\Output.xml
