==============================================================================
Tests :: Testing functionality through Robot Framework                        
==============================================================================
Tests.Test VA42                                                               
==============================================================================
Releasing the contracts blocks                                        40000061
40000062
**gbStart**block_status**splitKeyValue**40000061 Block released successfully..**gbEnd**
40000061
40000062
**gbStart**block_log**splitKeyValue**SUG Rental Contract 40000061 has been saved.**gbEnd**
| PASS |
------------------------------------------------------------------------------
Tests.Test VA42                                                       | PASS |
1 test, 1 passed, 0 failed
==============================================================================
Tests :: Testing functionality through Robot Framework                | PASS |
1 test, 1 passed, 0 failed
==============================================================================
Output:  C:\SAP_Testing\SAPtesting\Output\20d22e00-7b5d-47ad-a4ee-bfbb28a8c538\pabot_results\0\Output.xml
