==============================================================================
Tests :: Testing functionality through Robot Framework                        
==============================================================================
Tests.Test Customer material                                                  
==============================================================================
Kellogs_                                                              0000700346
0000700347
0000700348
0000700349
0000700350
0000700351
0000700352
0000700353
0000700354
0000700355
0000700356
0000700357
0000700358
0000700359
0000700360
0000700361
0000700362
0000700363
0000700364
0000700365
0000700366
0000700367
0000700368
0000700369
0000700370
0000700371
0000700372
0000700373
0000700374
0000700375
0000700376
0000700377
0000700378
0000700379
0000700380
0000700381
0000700382
0000700383
0000700384
0000700385
0000700386
0000700387
0000700388
0000700389
0000700390
0000700391
0000700392
0000700393
0000700394
0000700395
0000700396
0000700397
0000700398
0000700399
0000700400
0000700401
0000700402
0000700403
0000700404
0000700405
0000700406
0000700407
0000700408
0000700409
0000700410
0000700411
0000700412
0000700413
0000700414
0000700415
0000700416
0000700417
0000700418
0000700419
0000700420
0000700421
0000700422
0000700423
0000700424
0000700425
0000700426
0000700427
0000700428
0000700429
0000700430
0000700431
0000700432
0000700433
0000700434
0000700435
0000700436
0000700437
0000700438
0000700439
0000700440
0000700441
| PASS |
------------------------------------------------------------------------------
Tests.Test Customer material                                          | PASS |
1 test, 1 passed, 0 failed
==============================================================================
Tests :: Testing functionality through Robot Framework                | PASS |
1 test, 1 passed, 0 failed
==============================================================================
Output:  C:\RobotFramework\sap_testing\Output\eb87f7a0-5b6b-42dc-b6d2-6e3e0b0aa0bd\pabot_results\0\Output.xml
