==============================================================================
Tests :: Testing functionality through Robot Framework                        
==============================================================================
Tests.Test testtags                                                           
==============================================================================
Verifying Certificate                                                 search text is not found
| PASS |
------------------------------------------------------------------------------
Read excel and create invoice                                         5
CMS0000043
25.07.2024
1000
Robo Test
40001
1000
329
Document 1800000904 was posted in company code 3000
1800000904
3000
CMS0000043
25.07.2024
1500
Robo Test1
40001
1500
329
Document 1800000905 was posted in company code 3000
1800000905
3000
CMS0000043
25.07.2024
2500
Robo Test2
40001
2500
329
Document 1800000906 was posted in company code 3000
1800000906
3000
| PASS |
------------------------------------------------------------------------------
Read excel and view invoice                                           5
1800000904
3000
2024
1800000905
3000
2024
1800000906
3000
2024
| PASS |
------------------------------------------------------------------------------
Tests.Test testtags                                                   | PASS |
3 tests, 3 passed, 0 failed
==============================================================================
Tests :: Testing functionality through Robot Framework                | PASS |
3 tests, 3 passed, 0 failed
==============================================================================
Output:  C:\RobotFramework\sap_testing\Output\70fc200d-89c9-4775-a834-d44b39f65c84\pabot_results\0\Output.xml
