==============================================================================
Tests :: Testing functionality through Robot Framework                        
==============================================================================
Tests.TEST USER ROLE ASSIGN                                                   
==============================================================================
user_role_assign                                                        
  Traceback (most recent call last):
    ~~~~~~~~~~~~~~~~~~~~~~~~~~~~~~~~~~~~~~~~~~~~~~~~~~~~~~~~~~~~~~~~~~~~~~~~~~
    File  C:\RobotFramework\sap_testing\Tests\TEST_USER_ROLE_ASSIGN.robot:9
    T:  user_role_assign    
    ~~~~~~~~~~~~~~~~~~~~~~~~~~~~~~~~~~~~~~~~~~~~~~~~~~~~~~~~~~~~~~~~~~~~~~~~~~
    File  C:\RobotFramework\sap_testing\Tests\TEST_USER_ROLE_ASSIGN.robot:11
      Assigning Roles to the User    
    ~~~~~~~~~~~~~~~~~~~~~~~~~~~~~~~~~~~~~~~~~~~~~~~~~~~~~~~~~~~~~~~~~~~~~~~~~~
    File  C:\RobotFramework\sap_testing\Tests\Resource\USER_ROLE_ASSIGN.robot:35
      ${h} IN RANGE [ 2 | ${total_rows} ]    
    ~~~~~~~~~~~~~~~~~~~~~~~~~~~~~~~~~~~~~~~~~~~~~~~~~~~~~~~~~~~~~~~~~~~~~~~~~~
    File  C:\RobotFramework\sap_testing\Tests\Resource\USER_ROLE_ASSIGN.robot:35
      ${h} = 2    
    ~~~~~~~~~~~~~~~~~~~~~~~~~~~~~~~~~~~~~~~~~~~~~~~~~~~~~~~~~~~~~~~~~~~~~~~~~~
    File  C:\RobotFramework\sap_testing\Tests\Resource\USER_ROLE_ASSIGN.robot:42
      '${functional_area}' == 'Basis'    
    ~~~~~~~~~~~~~~~~~~~~~~~~~~~~~~~~~~~~~~~~~~~~~~~~~~~~~~~~~~~~~~~~~~~~~~~~~~
    File  C:\RobotFramework\sap_testing\Tests\Resource\USER_ROLE_ASSIGN.robot:60
      Window Handling    wnd[1]    Log Display    wnd[1]/tbar[0]/btn[0]
______________________________________________________________________________
| FAIL |
No keyword with name 'Window Handling' found.
------------------------------------------------------------------------------
Tests.TEST USER ROLE ASSIGN                                           | FAIL |
1 test, 0 passed, 1 failed
==============================================================================
Tests :: Testing functionality through Robot Framework                | FAIL |
1 test, 0 passed, 1 failed
==============================================================================
Output:  C:\RobotFramework\sap_testing\Output\145e184e-1f99-4c5f-a1f4-8fca6c93d7b4\pabot_results\0\Output.xml
