==============================================================================
Tests :: Testing functionality through Robot Framework                        
==============================================================================
Tests.Test Billing documents                                                  
==============================================================================
Billing Documents Not Posted to Accounting                            7
**gbStart**Copilot_Status**splitKeyValue**['90000116', '90000118', '90000119', '90000120', '90000122', '90000123', '90000128']**gbEnd**
**gbStart**Copilot_Status**splitKeyValue**{
    "SD_Documents": [
        "                                                               Bill. Doc.",
        "                                               90000116",
        "                                               90000117",
        "                                               90000118",
        "                                               90000119",
        "                                               90000120",
        "                                               90000122",
        "                                               90000123",
        "                                               90000128"
    ]
}**gbEnd**
| PASS |
------------------------------------------------------------------------------
Tests.Test Billing documents                                          | PASS |
1 test, 1 passed, 0 failed
==============================================================================
Tests :: Testing functionality through Robot Framework                | PASS |
1 test, 1 passed, 0 failed
==============================================================================
Output:  C:\RobotFramework\sap_testing\Output\a6491bd2-3256-40fa-86ca-c1513234250f\pabot_results\0\Output.xml
