==============================================================================
Tests :: Testing functionality through Robot Framework                        
==============================================================================
Tests.Test VL01N                                                              
==============================================================================
VL01N                                                                   
  Traceback (most recent call last):
    ~~~~~~~~~~~~~~~~~~~~~~~~~~~~~~~~~~~~~~~~~~~~~~~~~~~~~~~~~~~~~~~~~~~~~~~~~~
    File  C:\RobotFramework\sap_testing\Tests\Test_VL01N.robot:9
    T:  VL01N    
    ~~~~~~~~~~~~~~~~~~~~~~~~~~~~~~~~~~~~~~~~~~~~~~~~~~~~~~~~~~~~~~~~~~~~~~~~~~
    File  C:\RobotFramework\sap_testing\Tests\Test_VL01N.robot:10
      VL01N    
    ~~~~~~~~~~~~~~~~~~~~~~~~~~~~~~~~~~~~~~~~~~~~~~~~~~~~~~~~~~~~~~~~~~~~~~~~~~
    File  C:\RobotFramework\sap_testing\Tests\Resource\VL01N.robot:31
      Input Text    wnd[0]/usr/ctxtLV50C-VBELN    ${order_number}
      |  ${order_number} = <Unable to define variable value>
______________________________________________________________________________
| FAIL |
Variable '${order_number}' not found.
------------------------------------------------------------------------------
Tests.Test VL01N                                                      | FAIL |
1 test, 0 passed, 1 failed
==============================================================================
Tests :: Testing functionality through Robot Framework                | FAIL |
1 test, 0 passed, 1 failed
==============================================================================
Output:  C:\RobotFramework\sap_testing\Output\ca48a98e-73aa-4cb2-ad57-831a1c5ffe70\pabot_results\0\Output.xml
