==============================================================================
Tests :: Testing functionality through Robot Framework                        
==============================================================================
  
  Traceback (most recent call last):
    ~~~~~~~~~~~~~~~~~~~~~~~~~~~~~~~~~~~~~~~~~~~~~~~~~~~~~~~~~~~~~~~~~~~~~~~~~~
    File  C:\RobotFramework\sap_testing\Tests\__init__.robot:3
      Setup highest level suite    
    ~~~~~~~~~~~~~~~~~~~~~~~~~~~~~~~~~~~~~~~~~~~~~~~~~~~~~~~~~~~~~~~~~~~~~~~~~~
    File  C:\RobotFramework\sap_testing\Tests\__init__.robot:12
      Setup linux execution    
    ~~~~~~~~~~~~~~~~~~~~~~~~~~~~~~~~~~~~~~~~~~~~~~~~~~~~~~~~~~~~~~~~~~~~~~~~~~
    File  C:\RobotFramework\sap_testing\Tests\Support.robot:63
      Run Keyword If    ${web_test_check}    Setup Docker Execution Options
      |  ${web_test_check} = <Unable to define variable value>
    ~~~~~~~~~~~~~~~~~~~~~~~~~~~~~~~~~~~~~~~~~~~~~~~~~~~~~~~~~~~~~~~~~~~~~~~~~~
    File  None:0
      Setup Docker Execution Options    
    ~~~~~~~~~~~~~~~~~~~~~~~~~~~~~~~~~~~~~~~~~~~~~~~~~~~~~~~~~~~~~~~~~~~~~~~~~~
    File  C:\RobotFramework\sap_testing\Tests\Web\Support_Web.robot:32
      Setup Suite Metadata    ${browser}
      |  ${browser} = chrome (str)
    ~~~~~~~~~~~~~~~~~~~~~~~~~~~~~~~~~~~~~~~~~~~~~~~~~~~~~~~~~~~~~~~~~~~~~~~~~~
    File  C:\RobotFramework\sap_testing\Tests\Web\Support_Web.robot:27
      Set Suite Metadata    test_browser_name    ${browser}
      |  ${browser} = chrome (str)
______________________________________________________________________________
Tests.Test STRUST                                                             
==============================================================================
Executing STRUST                                                      | FAIL |
Test execution stopped due to a fatal error.
------------------------------------------------------------------------------
Tests.Test STRUST                                                     | FAIL |
1 test, 0 passed, 1 failed
==============================================================================
Tests :: Testing functionality through Robot Framework                | FAIL |
Suite setup failed:
Execution terminated by signal

1 test, 0 passed, 1 failed
==============================================================================
Output:  C:\SAP_Testing\SAPtesting\new2output\0fcb67bd-bdee-4e9f-a79c-af8404ce2359\pabot_results\0\Output.xml
