==============================================================================
Tests :: Testing functionality through Robot Framework                        
==============================================================================
Tests.Test Create Rental Invoice                                              
==============================================================================
Create the rental Invoice                                             Document 90000498 saved (no journal entry generated).
40000058
**gbStart**invoice_log**splitKeyValue**40000058 Document 90000498 saved (no journal entry generated).**gbEnd**
  
  Traceback (most recent call last):
    ~~~~~~~~~~~~~~~~~~~~~~~~~~~~~~~~~~~~~~~~~~~~~~~~~~~~~~~~~~~~~~~~~~~~~~~~~~
    File  C:\SAP_Testing\SAPtesting\Tests\Test_Create_Rental_Invoice.robot:8
    T:  Create the rental Invoice    
    ~~~~~~~~~~~~~~~~~~~~~~~~~~~~~~~~~~~~~~~~~~~~~~~~~~~~~~~~~~~~~~~~~~~~~~~~~~
    File  C:\SAP_Testing\SAPtesting\Tests\Test_Create_Rental_Invoice.robot:9
      Create Rental Invoice and download pdf    
    ~~~~~~~~~~~~~~~~~~~~~~~~~~~~~~~~~~~~~~~~~~~~~~~~~~~~~~~~~~~~~~~~~~~~~~~~~~
    File  C:\SAP_Testing\SAPtesting\Tests\Resource\create_rental_invoice.robot:52
          
    ~~~~~~~~~~~~~~~~~~~~~~~~~~~~~~~~~~~~~~~~~~~~~~~~~~~~~~~~~~~~~~~~~~~~~~~~~~
    File  C:\SAP_Testing\SAPtesting\Tests\Resource\create_rental_invoice.robot:53
      Rental Invoice    
    ~~~~~~~~~~~~~~~~~~~~~~~~~~~~~~~~~~~~~~~~~~~~~~~~~~~~~~~~~~~~~~~~~~~~~~~~~~
    File  C:\SAP_Testing\SAPtesting\Tests\Resource\create_rental_invoice.robot:66
          
    ~~~~~~~~~~~~~~~~~~~~~~~~~~~~~~~~~~~~~~~~~~~~~~~~~~~~~~~~~~~~~~~~~~~~~~~~~~
    File  C:\SAP_Testing\SAPtesting\Tests\Resource\create_rental_invoice.robot:83
      '${status}' == '${EMPTY}'    
    ~~~~~~~~~~~~~~~~~~~~~~~~~~~~~~~~~~~~~~~~~~~~~~~~~~~~~~~~~~~~~~~~~~~~~~~~~~
    File  C:\SAP_Testing\SAPtesting\Tests\Resource\create_rental_invoice.robot:99
      Get Invoice created by    ${symvar('documents')}    ${invoice_doc}
      |  ${symvar('documents')} = 40000058 (str)
      |  ${invoice_doc} = None (NoneType)
    ~~~~~~~~~~~~~~~~~~~~~~~~~~~~~~~~~~~~~~~~~~~~~~~~~~~~~~~~~~~~~~~~~~~~~~~~~~
    File  C:\SAP_Testing\SAPtesting\Tests\Resource\create_rental_invoice.robot:205
      Input Text    wnd[0]/usr/ctxtVBRK-VBELN    ${invoice_doc}
      |  ${invoice_doc} = None (NoneType)
______________________________________________________________________________
| FAIL |
AttributeError: Property '<unknown>.text' can not be set.
------------------------------------------------------------------------------
Tests.Test Create Rental Invoice                                      | FAIL |
1 test, 0 passed, 1 failed
==============================================================================
Tests :: Testing functionality through Robot Framework                | FAIL |
1 test, 0 passed, 1 failed
==============================================================================
Output:  C:\SAP_Testing\SAPtesting\Output\690011a1-fb21-4122-a9e4-a26edfa2029f\pabot_results\0\Output.xml
