==============================================================================
Tests :: Testing functionality through Robot Framework                        
==============================================================================
Tests.Test Customer material                                                  
==============================================================================
Kellogs_                                                              0000700539
0000700540
0000700541
0000700542
0000700543
0000700544
0000700545
0000700546
0000700547
0000700548
0000700549
0000700550
0000700551
0000700552
0000700553
| PASS |
------------------------------------------------------------------------------
Tests.Test Customer material                                          | PASS |
1 test, 1 passed, 0 failed
==============================================================================
Tests :: Testing functionality through Robot Framework                | PASS |
1 test, 1 passed, 0 failed
==============================================================================
Output:  C:\RobotFramework\sap_testing\Output\0ccdd36a-8f4d-459a-bc2d-23fe4b00fba3\pabot_results\0\Output.xml
