==============================================================================
Tests :: Testing functionality through Robot Framework                        
==============================================================================
Tests.Test Certificate Check                                                  
==============================================================================
Download Certificates                                                 Certificate already exists: DigiCert Global Root G2
Certificate already exists: DigiCert Global Root CA
Certificate already exists: DigiCert RSA4096 Root G5
Certificate already exists: DigiCert Global Root G2
Certificate already exists: DigiCert Global Root CA
Certificate already exists: DigiCert RSA4096 Root G5
| PASS |
------------------------------------------------------------------------------
Tests.Test Certificate Check                                          | PASS |
1 test, 1 passed, 0 failed
==============================================================================
Tests :: Testing functionality through Robot Framework                | PASS |
1 test, 1 passed, 0 failed
==============================================================================
Output:  C:\RobotFramework\sap_testing\Output\062bd565-cee5-4a57-9806-a398f72e0cff\pabot_results\0\Output.xml
