==============================================================================
Tests :: Testing functionality through Robot Framework                        
==============================================================================
Tests.TEST USER ROLE ASSIGN                                                   
==============================================================================
Removing User Roles                                                     
  Traceback (most recent call last):
    ~~~~~~~~~~~~~~~~~~~~~~~~~~~~~~~~~~~~~~~~~~~~~~~~~~~~~~~~~~~~~~~~~~~~~~~~~~
    File  C:\RobotFramework\sap_testing\Tests\TEST_USER_ROLE_ASSIGN.robot:13
    T:  Removing User Roles    
    ~~~~~~~~~~~~~~~~~~~~~~~~~~~~~~~~~~~~~~~~~~~~~~~~~~~~~~~~~~~~~~~~~~~~~~~~~~
    File  C:\RobotFramework\sap_testing\Tests\TEST_USER_ROLE_ASSIGN.robot:15
      user_role_Remove    
    ~~~~~~~~~~~~~~~~~~~~~~~~~~~~~~~~~~~~~~~~~~~~~~~~~~~~~~~~~~~~~~~~~~~~~~~~~~
    File  C:\RobotFramework\sap_testing\Tests\Resource\USER_ROLE_ASSIGN.robot:263
      Evaluate    ${row_count} + 1
      |  ${row_count} + 1 = None + 1 (str)
______________________________________________________________________________
| FAIL |
Evaluating expression 'None + 1' failed: TypeError: unsupported operand type(s) for +: 'NoneType' and 'int'
------------------------------------------------------------------------------
Tests.TEST USER ROLE ASSIGN                                           | FAIL |
1 test, 0 passed, 1 failed
==============================================================================
Tests :: Testing functionality through Robot Framework                | FAIL |
1 test, 0 passed, 1 failed
==============================================================================
Output:  C:\RobotFramework\sap_testing\Output\b3badfdc-d7d1-46cd-91dc-b297d232e6cc\pabot_results\0\Output.xml
