==============================================================================
Tests :: Testing functionality through Robot Framework                        
==============================================================================
Tests.Test Create Rental Invoice                                              
==============================================================================
Create the rental Invoice                                             Document 90000504 saved (no journal entry generated).
40000069
40000068
**gbStart**invoice_log**splitKeyValue**40000068 Document 90000504 saved (no journal entry generated).**gbEnd**
40000069
40000068
**gbStart**copilot_status_sheet**splitKeyValue**[{'Customer Reference (Header)': 'Demo - Contract Crea', 'Document Date': '2025-01-02', 'Sales document': '40000069', 'Net Value (Header)': 160932, 'Document Currency': 'INR', 'Created by': 'NAREN', 'Sold-To Party Name': 'Sterling and Wilson Pvt. Ltd.', 'Billing Block Description': 'empty', 'Invoice Details': 'Document 90000503 saved (no journal entry generated).'}, {'Customer Reference (Header)': 'Demo - Contract Crea', 'Document Date': '2025-01-02', 'Sales document': '40000068', 'Net Value (Header)': 160932, 'Document Currency': 'INR', 'Created by': 'NAREN', 'Sold-To Party Name': 'Sterling and Wilson Pvt. Ltd.', 'Billing Block Description': 'empty', 'Invoice Details': 'Document 90000504 saved (no journal entry generated).'}]**splitKeyValue**object**gbEnd**
| PASS |
------------------------------------------------------------------------------
Tests.Test Create Rental Invoice                                      | PASS |
1 test, 1 passed, 0 failed
==============================================================================
Tests :: Testing functionality through Robot Framework                | PASS |
1 test, 1 passed, 0 failed
==============================================================================
Output:  C:\SAP_Testing\SAPtesting\Output\43f5dfe7-82cc-4f1e-b761-66e5009159f1\pabot_results\0\Output.xml
