[ ERROR ] Processing variable file 'C:\RobotFramework\sap_testing\Execution\Access_Data.py' failed: Importing variable file 'C:\RobotFramework\sap_testing\Execution\Access_Data.py' failed: ModuleNotFoundError: No module named 'material_master'
Traceback (most recent call last):
  File "C:\RobotFramework\sap_testing\Execution\Access_Data.py", line 15, in <module>
    import Data.Symphony as Sym
  File "C:\RobotFramework\sap_testing\Data\Symphony\__init__.py", line 1, in <module>
    from . import Dev
  File "C:\RobotFramework\sap_testing\Data\Symphony\Dev\__init__.py", line 22, in <module>
    from material_master import *
PYTHONPATH:
  C:\RobotFramework\sap_testing\Execution
  C:\RobotFramework\sap_testing\RoboEnvironment\Symphony\Scripts\robot.exe
  C:\Program Files\Python312\python312.zip
  C:\Program Files\Python312\DLLs
  C:\Program Files\Python312\Lib
  C:\Program Files\Python312
  C:\RobotFramework\sap_testing\RoboEnvironment\Symphony
  C:\RobotFramework\sap_testing\RoboEnvironment\Symphony\Lib\site-packages
  C:\RobotFramework\sap_testing\RoboEnvironment\Symphony\Lib\site-packages\win32
  C:\RobotFramework\sap_testing\RoboEnvironment\Symphony\Lib\site-packages\win32\lib
  C:\RobotFramework\sap_testing\RoboEnvironment\Symphony\Lib\site-packages\Pythonwin
  C:\RobotFramework\sap_testing
