==============================================================================
Tests :: Testing functionality through Robot Framework                        
==============================================================================
Tests.Test FB70                                                               
==============================================================================
Interlinked transactions for Invoice                                  5
CMS0000043
05.03.2024
1000
Robo Test
40001
1000
329
  
  Traceback (most recent call last):
    ~~~~~~~~~~~~~~~~~~~~~~~~~~~~~~~~~~~~~~~~~~~~~~~~~~~~~~~~~~~~~~~~~~~~~~~~~~
    File  C:\RobotFramework\sap_testing\Tests\Test_FB70.robot:8
    T:  Interlinked transactions for Invoice    
    ~~~~~~~~~~~~~~~~~~~~~~~~~~~~~~~~~~~~~~~~~~~~~~~~~~~~~~~~~~~~~~~~~~~~~~~~~~
    File  C:\RobotFramework\sap_testing\Tests\Test_FB70.robot:9
      FB70 Invoice entry    
    ~~~~~~~~~~~~~~~~~~~~~~~~~~~~~~~~~~~~~~~~~~~~~~~~~~~~~~~~~~~~~~~~~~~~~~~~~~
    File  C:\RobotFramework\sap_testing\Tests\Resource\FB70.robot:74
      ${row_count} IN RANGE [ 2 | ${rows} ]    
    ~~~~~~~~~~~~~~~~~~~~~~~~~~~~~~~~~~~~~~~~~~~~~~~~~~~~~~~~~~~~~~~~~~~~~~~~~~
    File  C:\RobotFramework\sap_testing\Tests\Resource\FB70.robot:74
      ${row_count} = 2    
    ~~~~~~~~~~~~~~~~~~~~~~~~~~~~~~~~~~~~~~~~~~~~~~~~~~~~~~~~~~~~~~~~~~~~~~~~~~
    File  C:\RobotFramework\sap_testing\Tests\Resource\FB70.robot:105
      Transaction FB70    
    ~~~~~~~~~~~~~~~~~~~~~~~~~~~~~~~~~~~~~~~~~~~~~~~~~~~~~~~~~~~~~~~~~~~~~~~~~~
    File  C:\RobotFramework\sap_testing\Tests\Resource\FB70.robot:38
      Input Text    wnd[0]/usr/tabsTS/tabpMAIN/ssubPAGE:SAPLFDCB:0510/ctxtINVFO-ACCNT    ${customer}
      |  ${customer} = CMS0000043 (str)
______________________________________________________________________________
| FAIL |
ValueError: Cannot find element with id 'wnd[0]/usr/tabsTS/tabpMAIN/ssubPAGE:SAPLFDCB:0510/ctxtINVFO-ACCNT'
------------------------------------------------------------------------------
Tests.Test FB70                                                       | FAIL |
1 test, 0 passed, 1 failed
==============================================================================
Tests :: Testing functionality through Robot Framework                | FAIL |
1 test, 0 passed, 1 failed
==============================================================================
Output:  C:\RobotFramework\sap_testing\Output\c2d0ac9a-90b2-4e9c-a7b5-803405e401e5\pabot_results\0\Output.xml
