==============================================================================
Tests :: Testing functionality through Robot Framework                        
==============================================================================
Tests.Sample :: Sample Tests                                                  
==============================================================================
Tests.Sample.Datadriver                                                       
==============================================================================
Tests.Sample.Datadriver.Test :: Multiple data set run using DataDriver. Jir...
==============================================================================
Add two number with datadriver :: Test Objective: To test multiple... | FAIL |
Test contains no keywords.
------------------------------------------------------------------------------
Tests.Sample.Datadriver.Test :: Multiple data set run using DataDr... | FAIL |
1 test, 0 passed, 1 failed
==============================================================================
Tests.Sample.Datadriver                                               | FAIL |
1 test, 0 passed, 1 failed
==============================================================================
Tests.Sample :: Sample Tests                                          | FAIL |
1 test, 0 passed, 1 failed
==============================================================================
Tests :: Testing functionality through Robot Framework                | FAIL |
1 test, 0 passed, 1 failed
==============================================================================
<<<<<<< HEAD
Output:  C:\SAP_Testing\SAPtesting\Output\pabot_results\5\Output.xml
=======
Output:  C:\RobotFramework\SAPtesting\Output\pabot_results\5\Output.xml
>>>>>>> f2a6fa160e10b08c47007fdec444a649f20d929f
