==============================================================================
Tests :: Testing functionality through Robot Framework                        
==============================================================================
Tests.Test custom excel                                                       
==============================================================================
Display Excel for output                                              excel rows: 6
rows to be detlete: 2
rows to be detlete: 3
rows to be detlete: 4
rows to be detlete: 5
document no is :40000100
"40000100"
"40000099"
"40000098"
"40000097"
"40000096"
"40000095"
"40000094"
"40000093"
"40000092"
"40000091"
"40000090"
"40000089"
"40000088"
"40000087"
"40000086"
"40000085"
"40000084"
"40000082"
"40000081"
"40000078"
"40000076"
| PASS |
------------------------------------------------------------------------------
Tests.Test custom excel                                               | PASS |
1 test, 1 passed, 0 failed
==============================================================================
Tests :: Testing functionality through Robot Framework                | PASS |
1 test, 1 passed, 0 failed
==============================================================================
Output:  C:\SAP_Testing\SAPtesting\Output\9505c376-331c-43af-b192-fd6c91ee7899\pabot_results\0\Output.xml
