==============================================================================
Tests :: Testing functionality through Robot Framework                        
==============================================================================
Tests.Test Roles change date                                                  
==============================================================================
Change Date                                                             
  Traceback (most recent call last):
    ~~~~~~~~~~~~~~~~~~~~~~~~~~~~~~~~~~~~~~~~~~~~~~~~~~~~~~~~~~~~~~~~~~~~~~~~~~
    File  C:\RobotFramework\sap_testing\Tests\Test_Roles_change_date.robot:7
    T:  Change Date    
    ~~~~~~~~~~~~~~~~~~~~~~~~~~~~~~~~~~~~~~~~~~~~~~~~~~~~~~~~~~~~~~~~~~~~~~~~~~
    File  C:\RobotFramework\sap_testing\Tests\Test_Roles_change_date.robot:8
      Change Date    
    ~~~~~~~~~~~~~~~~~~~~~~~~~~~~~~~~~~~~~~~~~~~~~~~~~~~~~~~~~~~~~~~~~~~~~~~~~~
    File  C:\RobotFramework\sap_testing\Tests\Resource\Roles_change_date.robot:63
      Click Element    ${symvar('Execute')}
      |  ${symvar('Execute')} =  (str)
______________________________________________________________________________
| FAIL |
ValueError: Cannot find element with id ''
------------------------------------------------------------------------------
Tests.Test Roles change date                                          | FAIL |
1 test, 0 passed, 1 failed
==============================================================================
Tests :: Testing functionality through Robot Framework                | FAIL |
1 test, 0 passed, 1 failed
==============================================================================
Output:  C:\RobotFramework\sap_testing\Output\d17e16ce-3bbb-48fc-b712-7b68cacbbfda\pabot_results\0\Output.xml
