==============================================================================
Tests :: Testing functionality through Robot Framework                        
==============================================================================
Tests.Test VA42                                                               
==============================================================================
Releasing the contracts blocks                                        40000086
40000087
**gbStart**block_status**splitKeyValue**40000086 Block already in released state...**gbEnd**
40000086
40000087
**gbStart**block_log**splitKeyValue**No data was changed**gbEnd**
| PASS |
------------------------------------------------------------------------------
Tests.Test VA42                                                       | PASS |
1 test, 1 passed, 0 failed
==============================================================================
Tests :: Testing functionality through Robot Framework                | PASS |
1 test, 1 passed, 0 failed
==============================================================================
Output:  C:\SAP_Testing\SAPtesting\Output\d1944dd1-112b-4a34-90d4-21315ff79369\pabot_results\0\Output.xml
