==============================================================================
Tests :: Testing functionality through Robot Framework                        
==============================================================================
Tests.Test SMLG                                                               
==============================================================================
Executing SMLG                                                          
  Traceback (most recent call last):
    ~~~~~~~~~~~~~~~~~~~~~~~~~~~~~~~~~~~~~~~~~~~~~~~~~~~~~~~~~~~~~~~~~~~~~~~~~~
    File  C:\RobotFramework\sap_testing\Tests\Test_SMLG.robot:9
    T:  Executing SMLG    
    ~~~~~~~~~~~~~~~~~~~~~~~~~~~~~~~~~~~~~~~~~~~~~~~~~~~~~~~~~~~~~~~~~~~~~~~~~~
    File  C:\RobotFramework\sap_testing\Tests\Test_SMLG.robot:11
      SMLG Attributes    
    ~~~~~~~~~~~~~~~~~~~~~~~~~~~~~~~~~~~~~~~~~~~~~~~~~~~~~~~~~~~~~~~~~~~~~~~~~~
    File  C:\RobotFramework\sap_testing\Tests\Resource\SMLG.robot:41
      Click Element    wnd[1]/usr/tabsSEL_TAB/tabpPROP
______________________________________________________________________________
| FAIL |
ValueError: Cannot find element with id 'wnd[1]/usr/tabsSEL_TAB/tabpPROP'
------------------------------------------------------------------------------
Tests.Test SMLG                                                       | FAIL |
1 test, 0 passed, 1 failed
==============================================================================
Tests :: Testing functionality through Robot Framework                | FAIL |
1 test, 0 passed, 1 failed
==============================================================================
Output:  C:\SAP_Testing\SAPtesting\new2output\8e21e620-1f38-4617-b403-43a2c2adf886\pabot_results\0\Output.xml
