==============================================================================
Tests :: Testing functionality through Robot Framework                        
==============================================================================
Tests.Test SE16 REFRESH                                                       
==============================================================================
SE16_T_CODE                                                             
  Traceback (most recent call last):
    ~~~~~~~~~~~~~~~~~~~~~~~~~~~~~~~~~~~~~~~~~~~~~~~~~~~~~~~~~~~~~~~~~~~~~~~~~~
    File  C:\RobotFramework\sap_testing\Tests\Test_SE16_REFRESH.robot:9
    T:  SE16_T_CODE    
    ~~~~~~~~~~~~~~~~~~~~~~~~~~~~~~~~~~~~~~~~~~~~~~~~~~~~~~~~~~~~~~~~~~~~~~~~~~
    File  C:\RobotFramework\sap_testing\Tests\Test_SE16_REFRESH.robot:10
      SE16_T_CODE    
    ~~~~~~~~~~~~~~~~~~~~~~~~~~~~~~~~~~~~~~~~~~~~~~~~~~~~~~~~~~~~~~~~~~~~~~~~~~
    File  C:\RobotFramework\sap_testing\Tests\Resource\SE16_REFRESH.robot:32
      Input Text    wnd[0]/usr/ctxtDATABROWSE-TABLENAME    E070L
______________________________________________________________________________
| FAIL |
ValueError: Cannot find element with id 'wnd[0]/usr/ctxtDATABROWSE-TABLENAME'
------------------------------------------------------------------------------
Tests.Test SE16 REFRESH                                               | FAIL |
1 test, 0 passed, 1 failed
==============================================================================
Tests :: Testing functionality through Robot Framework                | FAIL |
1 test, 0 passed, 1 failed
==============================================================================
Output:  C:\RobotFramework\sap_testing\Output\158e40d2-9d8f-4085-9145-d281868d43a1\pabot_results\0\Output.xml
