==============================================================================
Tests :: Testing functionality through Robot Framework                        
==============================================================================
Tests.Test Addon                                                              
==============================================================================
  
  Traceback (most recent call last):
    ~~~~~~~~~~~~~~~~~~~~~~~~~~~~~~~~~~~~~~~~~~~~~~~~~~~~~~~~~~~~~~~~~~~~~~~~~~
    File  C:\RobotFramework\sap_testing\Tests\Test_Addon.robot:5
      System Logon    
    ~~~~~~~~~~~~~~~~~~~~~~~~~~~~~~~~~~~~~~~~~~~~~~~~~~~~~~~~~~~~~~~~~~~~~~~~~~
    File  C:\RobotFramework\sap_testing\Tests\Resource\Common_Function.robot:29
      Input Password    wnd[0]/usr/pwdRSYST-BCODE    ${SAP_PASSWORD}
      |  ${SAP_PASSWORD} = <Unable to define variable value>
______________________________________________________________________________
Check_Saint Transation Code                                           | FAIL |
Parent suite setup failed:
Variable '${SAP_PASSWORD}' not found.
------------------------------------------------------------------------------
Tests.Test Addon                                                      | FAIL |
Suite setup failed:
Variable '${SAP_PASSWORD}' not found.

1 test, 0 passed, 1 failed
==============================================================================
Tests :: Testing functionality through Robot Framework                | FAIL |
1 test, 0 passed, 1 failed
==============================================================================
Output:  C:\RobotFramework\sap_testing\Output\pabot_results\1\Output.xml
