==============================================================================
Tests :: Testing functionality through Robot Framework                        
==============================================================================
Tests.Test Get User Roles                                                     
==============================================================================
Write User Role into Excel sheet                                        
  Traceback (most recent call last):
    ~~~~~~~~~~~~~~~~~~~~~~~~~~~~~~~~~~~~~~~~~~~~~~~~~~~~~~~~~~~~~~~~~~~~~~~~~~
    File  C:\RobotFramework\sap_testing\Tests\Test_Get_User_Roles.robot:9
    T:  Write User Role into Excel sheet    
    ~~~~~~~~~~~~~~~~~~~~~~~~~~~~~~~~~~~~~~~~~~~~~~~~~~~~~~~~~~~~~~~~~~~~~~~~~~
    File  C:\RobotFramework\sap_testing\Tests\Test_Get_User_Roles.robot:10
      Getting User Role    
    ~~~~~~~~~~~~~~~~~~~~~~~~~~~~~~~~~~~~~~~~~~~~~~~~~~~~~~~~~~~~~~~~~~~~~~~~~~
    File  C:\RobotFramework\sap_testing\Tests\Resource\Get_User_Roles.robot:43
      Count Excel Rows    ${symvar('excel_path')}    ${symvar('sheet_name3')}
      |  ${symvar('excel_path')} = C:\RobotFramework\sap_testing\Tests\Resource\User_Role_Assignment.xlsx (str)
      |  ${symvar('sheet_name3')} = Get_Role (str)
______________________________________________________________________________
| FAIL |
No keyword with name 'Count Excel Rows' found.
------------------------------------------------------------------------------
Tests.Test Get User Roles                                             | FAIL |
1 test, 0 passed, 1 failed
==============================================================================
Tests :: Testing functionality through Robot Framework                | FAIL |
1 test, 0 passed, 1 failed
==============================================================================
Output:  C:\RobotFramework\sap_testing\Output\9a473560-b11a-447f-a132-24a19d665f42\pabot_results\0\Output.xml
