==============================================================================
Tests :: Testing functionality through Robot Framework                        
==============================================================================
Tests.Test Roles change date                                                  
==============================================================================
Change Date                                                             
  Traceback (most recent call last):
    ~~~~~~~~~~~~~~~~~~~~~~~~~~~~~~~~~~~~~~~~~~~~~~~~~~~~~~~~~~~~~~~~~~~~~~~~~~
    File  C:\RobotFramework\sap_testing\Tests\Test_Roles_change_date.robot:7
    T:  Change Date    
    ~~~~~~~~~~~~~~~~~~~~~~~~~~~~~~~~~~~~~~~~~~~~~~~~~~~~~~~~~~~~~~~~~~~~~~~~~~
    File  C:\RobotFramework\sap_testing\Tests\Test_Roles_change_date.robot:9
      Create new user    
    ~~~~~~~~~~~~~~~~~~~~~~~~~~~~~~~~~~~~~~~~~~~~~~~~~~~~~~~~~~~~~~~~~~~~~~~~~~
    File  C:\RobotFramework\sap_testing\Tests\Resource\Roles_change_date.robot:142
      Input Text    wnd[0]/usr/tabsTABSTRIP1/tabpADDR/ssubMAINAREA:SAPLSUID_MAINTENANCE:1900/txtSUID_ST_NODE_PERSON_NAME-NAME_LAST    ${symvar('New_User_Last_Name')}
      |  ${symvar('New_User_Last_Name')} = ROLE (str)
______________________________________________________________________________
| FAIL |
ValueError: Cannot find element with id 'wnd[0]/usr/tabsTABSTRIP1/tabpADDR/ssubMAINAREA:SAPLSUID_MAINTENANCE:1900/txtSUID_ST_NODE_PERSON_NAME-NAME_LAST'
------------------------------------------------------------------------------
Tests.Test Roles change date                                          | FAIL |
1 test, 0 passed, 1 failed
==============================================================================
Tests :: Testing functionality through Robot Framework                | FAIL |
1 test, 0 passed, 1 failed
==============================================================================
Output:  C:\RobotFramework\sap_testing\Output\2bf39e62-c9f3-4c8a-9fe0-9a9c68850c45\pabot_results\0\Output.xml
