==============================================================================
Tests :: Testing functionality through Robot Framework                        
==============================================================================
Tests.Test material master                                                    
==============================================================================
Material_master                                                       101
M
M
ROH
42
BCSP
LPSL
TEST1
EA
00103
PGP
3000
V
1
100
**gbStart**Copilot_Status**splitKeyValue**50067365**gbEnd**
M
M
ROH
42
BCSP
LPSL
TEST2
EA
00103
PGP
3000
V
1
100
**gbStart**Copilot_Status**splitKeyValue**50067366**gbEnd**
M
M
ROH
42
BCSP
LPSL
TEST3
EA
00103
PGP
3000
V
1
100
**gbStart**Copilot_Status**splitKeyValue**50067367**gbEnd**
M
M
ROH
42
BCSP
LPSL
TEST4
EA
00103
PGP
3000
V
1
100
**gbStart**Copilot_Status**splitKeyValue**50067368**gbEnd**
M
M
ROH
42
BCSP
LPSL
TEST5
EA
00103
PGP
3000
V
1
100
**gbStart**Copilot_Status**splitKeyValue**50067369**gbEnd**
M
M
ROH
42
BCSP
LPSL
TEST6
EA
00103
PGP
3000
V
1
100
**gbStart**Copilot_Status**splitKeyValue**50067370**gbEnd**
M
M
ROH
42
BCSP
LPSL
TEST7
EA
00103
PGP
3000
V
1
100
**gbStart**Copilot_Status**splitKeyValue**50067371**gbEnd**
M
M
ROH
42
BCSP
LPSL
TEST8
EA
00103
PGP
3000
V
1
100
**gbStart**Copilot_Status**splitKeyValue**50067372**gbEnd**
M
M
ROH
42
BCSP
LPSL
TEST9
EA
00103
PGP
3000
V
1
100
**gbStart**Copilot_Status**splitKeyValue**50067373**gbEnd**
M
M
ROH
42
BCSP
LPSL
TEST10
EA
00103
PGP
3000
V
1
100
**gbStart**Copilot_Status**splitKeyValue**50067374**gbEnd**
M
M
ROH
42
BCSP
LPSL
TEST11
EA
00103
PGP
3000
V
1
100
**gbStart**Copilot_Status**splitKeyValue**50067375**gbEnd**
M
M
ROH
42
BCSP
LPSL
TEST12
EA
00103
PGP
3000
V
1
100
**gbStart**Copilot_Status**splitKeyValue**50067376**gbEnd**
M
M
ROH
42
BCSP
LPSL
TEST13
EA
00103
PGP
3000
V
1
100
**gbStart**Copilot_Status**splitKeyValue**50067377**gbEnd**
None
None
  
  Traceback (most recent call last):
    ~~~~~~~~~~~~~~~~~~~~~~~~~~~~~~~~~~~~~~~~~~~~~~~~~~~~~~~~~~~~~~~~~~~~~~~~~~
    File  C:\RobotFramework\sap_testing\Tests\Test_material_master.robot:9
    T:  Material_master    
    ~~~~~~~~~~~~~~~~~~~~~~~~~~~~~~~~~~~~~~~~~~~~~~~~~~~~~~~~~~~~~~~~~~~~~~~~~~
    File  C:\RobotFramework\sap_testing\Tests\Test_material_master.robot:10
      Material_master    
    ~~~~~~~~~~~~~~~~~~~~~~~~~~~~~~~~~~~~~~~~~~~~~~~~~~~~~~~~~~~~~~~~~~~~~~~~~~
    File  C:\RobotFramework\sap_testing\Tests\Resource\material_master.robot:56
      ${initial_row} IN RANGE [ 2 | ${rows} ]    
    ~~~~~~~~~~~~~~~~~~~~~~~~~~~~~~~~~~~~~~~~~~~~~~~~~~~~~~~~~~~~~~~~~~~~~~~~~~
    File  C:\RobotFramework\sap_testing\Tests\Resource\material_master.robot:56
      ${initial_row} = 15    
    ~~~~~~~~~~~~~~~~~~~~~~~~~~~~~~~~~~~~~~~~~~~~~~~~~~~~~~~~~~~~~~~~~~~~~~~~~~
    File  C:\RobotFramework\sap_testing\Tests\Resource\material_master.robot:60
      Select From List By Key    wnd[0]/usr/cmbRMMG1-MBRSH    ${industry_sector}
      |  ${industry_sector} = None (NoneType)
______________________________________________________________________________
| FAIL |
AttributeError: Property '<unknown>.key' can not be set.
------------------------------------------------------------------------------
Tests.Test material master                                            | FAIL |
1 test, 0 passed, 1 failed
==============================================================================
Tests :: Testing functionality through Robot Framework                | FAIL |
1 test, 0 passed, 1 failed
==============================================================================
Output:  C:\RobotFramework\sap_testing\Output\b765787e-4aca-4e56-b65e-3ff6d3f9a8e6\pabot_results\0\Output.xml
