==============================================================================
Tests :: Testing functionality through Robot Framework                        
==============================================================================
Tests.Test Invoice Overdue                                                    
==============================================================================
Start And Use Tally                                                     
  Traceback (most recent call last):
    ~~~~~~~~~~~~~~~~~~~~~~~~~~~~~~~~~~~~~~~~~~~~~~~~~~~~~~~~~~~~~~~~~~~~~~~~~~
    File  C:\Tally\SAPtesting\Tests\Test_Invoice_Overdue.robot:8
    T:  Start And Use Tally    
    ~~~~~~~~~~~~~~~~~~~~~~~~~~~~~~~~~~~~~~~~~~~~~~~~~~~~~~~~~~~~~~~~~~~~~~~~~~
    File  C:\Tally\SAPtesting\Tests\Test_Invoice_Overdue.robot:9
      Start And Use Tally    
    ~~~~~~~~~~~~~~~~~~~~~~~~~~~~~~~~~~~~~~~~~~~~~~~~~~~~~~~~~~~~~~~~~~~~~~~~~~
    File  C:\Tally\SAPtesting\Tests\Resource\Invoice_Overdue.robot:6
      Send Keys To Window    ${symvar('Shift_T')}
      |  ${symvar('Shift_T')} = +T (str)
______________________________________________________________________________
| FAIL |
Main window is not set. Start the Tally session first.
------------------------------------------------------------------------------
Tests.Test Invoice Overdue                                            | FAIL |
1 test, 0 passed, 1 failed
==============================================================================
Tests :: Testing functionality through Robot Framework                | FAIL |
1 test, 0 passed, 1 failed
==============================================================================
Output:  C:\Tally\SAPtesting\Output\8e10ee5d-b5e9-459f-8ed9-4c7448193de7\pabot_results\0\Output.xml
