==============================================================================
Tests :: Testing functionality through Robot Framework                        
==============================================================================
Tests.Test VL01N                                                              
==============================================================================
VL01N                                                                   
  Traceback (most recent call last):
    ~~~~~~~~~~~~~~~~~~~~~~~~~~~~~~~~~~~~~~~~~~~~~~~~~~~~~~~~~~~~~~~~~~~~~~~~~~
    File  C:\RobotFramework\sap_testing\Tests\Test_VL01N.robot:9
    T:  VL01N    
    ~~~~~~~~~~~~~~~~~~~~~~~~~~~~~~~~~~~~~~~~~~~~~~~~~~~~~~~~~~~~~~~~~~~~~~~~~~
    File  C:\RobotFramework\sap_testing\Tests\Test_VL01N.robot:10
      VL01N    
    ~~~~~~~~~~~~~~~~~~~~~~~~~~~~~~~~~~~~~~~~~~~~~~~~~~~~~~~~~~~~~~~~~~~~~~~~~~
    File  C:\RobotFramework\sap_testing\Tests\Resource\VL01N.robot:29
      Input Text    wnd[0]/usr/ctxtLIKP-VSTEL    ${symvar('shipping_point')}
      |  ${symvar('shipping_point')} = $shipping_point (str)
______________________________________________________________________________
| FAIL |
AttributeError: Property '<unknown>.text' can not be set.
------------------------------------------------------------------------------
Tests.Test VL01N                                                      | FAIL |
1 test, 0 passed, 1 failed
==============================================================================
Tests :: Testing functionality through Robot Framework                | FAIL |
1 test, 0 passed, 1 failed
==============================================================================
Output:  C:\RobotFramework\sap_testing\Output\f8a0213f-54ed-42a1-9481-5fb0e1e00880\pabot_results\0\Output.xml
