==============================================================================
Tests :: Testing functionality through Robot Framework                        
==============================================================================
Tests.Test SLDAPICUST                                                         
==============================================================================
Executing SLDAPICUST                                                  | PASS |
------------------------------------------------------------------------------
  
  Traceback (most recent call last):
    ~~~~~~~~~~~~~~~~~~~~~~~~~~~~~~~~~~~~~~~~~~~~~~~~~~~~~~~~~~~~~~~~~~~~~~~~~~
    File  C:\RobotFramework\sap_testing\Tests\Test_SLDAPICUST.robot:5
      System Logout    
    ~~~~~~~~~~~~~~~~~~~~~~~~~~~~~~~~~~~~~~~~~~~~~~~~~~~~~~~~~~~~~~~~~~~~~~~~~~
    File  C:\RobotFramework\sap_testing\Tests\Resource\SLDAPICUST.robot:29
      Copy Images    ${source_directory}    ${symvar('target_directory')}
      |  ${source_directory} = C:\RobotFramework\sap_testing\Output\6e1d0ce7-37ba-47e8-b73b-859d9a2c9720\pabot_results\0 (str)
      |  ${symvar('target_directory')} =  (str)
______________________________________________________________________________
Tests.Test SLDAPICUST                                                 | FAIL |
Suite teardown failed:
FileNotFoundError: [WinError 3] The system cannot find the path specified: ''

1 test, 0 passed, 1 failed
==============================================================================
Tests :: Testing functionality through Robot Framework                | FAIL |
1 test, 0 passed, 1 failed
==============================================================================
Output:  C:\RobotFramework\sap_testing\Output\6e1d0ce7-37ba-47e8-b73b-859d9a2c9720\pabot_results\0\Output.xml
