==============================================================================
Tests :: Testing functionality through Robot Framework                        
==============================================================================
Tests.Test material master                                                    
==============================================================================
Material_master                                                       101
M
M
ROH
42
BCSP
LPSL
TEST1
EA
00103
PGP
3000
V
1
100
**gbStart**Copilot_Status**splitKeyValue**50067396**gbEnd**
M
M
ROH
42
BCSP
LPSL
TEST2
EA
00103
PGP
3000
V
1
100
**gbStart**Copilot_Status**splitKeyValue**50067397**gbEnd**
M
M
ROH
42
BCSP
LPSL
TEST3
EA
00103
PGP
3000
V
1
100
**gbStart**Copilot_Status**splitKeyValue**50067398**gbEnd**
M
M
ROH
42
BCSP
LPSL
TEST4
EA
00103
PGP
3000
V
1
100
**gbStart**Copilot_Status**splitKeyValue**50067399**gbEnd**
M
M
ROH
42
BCSP
LPSL
TEST5
EA
00103
PGP
3000
V
1
100
**gbStart**Copilot_Status**splitKeyValue**50067400**gbEnd**
M
M
ROH
42
BCSP
LPSL
TEST6
EA
00103
PGP
3000
V
1
100
**gbStart**Copilot_Status**splitKeyValue**50067401**gbEnd**
M
M
ROH
42
BCSP
LPSL
TEST7
EA
00103
PGP
3000
V
1
100
**gbStart**Copilot_Status**splitKeyValue**50067402**gbEnd**
M
M
ROH
42
BCSP
LPSL
TEST8
EA
00103
PGP
3000
V
1
100
**gbStart**Copilot_Status**splitKeyValue**50067403**gbEnd**
M
M
ROH
42
BCSP
LPSL
TEST9
EA
00103
PGP
3000
V
1
100
**gbStart**Copilot_Status**splitKeyValue**50067404**gbEnd**
M
M
ROH
42
BCSP
LPSL
TEST10
EA
00103
PGP
3000
V
1
100
**gbStart**Copilot_Status**splitKeyValue**50067405**gbEnd**
None
None
  
  Traceback (most recent call last):
    ~~~~~~~~~~~~~~~~~~~~~~~~~~~~~~~~~~~~~~~~~~~~~~~~~~~~~~~~~~~~~~~~~~~~~~~~~~
    File  C:\RobotFramework\sap_testing\Tests\Test_material_master.robot:9
    T:  Material_master    
    ~~~~~~~~~~~~~~~~~~~~~~~~~~~~~~~~~~~~~~~~~~~~~~~~~~~~~~~~~~~~~~~~~~~~~~~~~~
    File  C:\RobotFramework\sap_testing\Tests\Test_material_master.robot:10
      Material_master    
    ~~~~~~~~~~~~~~~~~~~~~~~~~~~~~~~~~~~~~~~~~~~~~~~~~~~~~~~~~~~~~~~~~~~~~~~~~~
    File  C:\RobotFramework\sap_testing\Tests\Resource\material_master.robot:56
      ${initial_row} IN RANGE [ 2 | ${rows} ]    
    ~~~~~~~~~~~~~~~~~~~~~~~~~~~~~~~~~~~~~~~~~~~~~~~~~~~~~~~~~~~~~~~~~~~~~~~~~~
    File  C:\RobotFramework\sap_testing\Tests\Resource\material_master.robot:56
      ${initial_row} = 12    
    ~~~~~~~~~~~~~~~~~~~~~~~~~~~~~~~~~~~~~~~~~~~~~~~~~~~~~~~~~~~~~~~~~~~~~~~~~~
    File  C:\RobotFramework\sap_testing\Tests\Resource\material_master.robot:60
      Select From List By Key    wnd[0]/usr/cmbRMMG1-MBRSH    ${industry_sector}
      |  ${industry_sector} = None (NoneType)
______________________________________________________________________________
| FAIL |
AttributeError: Property '<unknown>.key' can not be set.
------------------------------------------------------------------------------
Tests.Test material master                                            | FAIL |
1 test, 0 passed, 1 failed
==============================================================================
Tests :: Testing functionality through Robot Framework                | FAIL |
1 test, 0 passed, 1 failed
==============================================================================
Output:  C:\RobotFramework\sap_testing\Output\355c09ec-fd53-4dc8-ae25-7288121a5b50\pabot_results\0\Output.xml
