==============================================================================
Tests :: Testing functionality through Robot Framework                        
==============================================================================
Tests.Test material master                                                    
==============================================================================
Material_master                                                       12
M
M
ROH
42
BCSP
LPSL
TEST1
EA
00103
PGP
3000
V
1
100
**gbStart**Copilot_Status**splitKeyValue**50067406**gbEnd**
M
M
ROH
42
BCSP
LPSL
TEST2
EA
00103
PGP
3000
V
1
100
**gbStart**Copilot_Status**splitKeyValue**50067407**gbEnd**
M
M
ROH
42
BCSP
LPSL
TEST3
EA
00103
PGP
3000
V
1
100
**gbStart**Copilot_Status**splitKeyValue**50067408**gbEnd**
M
M
ROH
42
BCSP
LPSL
TEST4
EA
00103
PGP
3000
V
1
100
**gbStart**Copilot_Status**splitKeyValue**50067409**gbEnd**
M
M
ROH
42
BCSP
LPSL
TEST5
EA
00103
PGP
3000
V
1
100
**gbStart**Copilot_Status**splitKeyValue**50067410**gbEnd**
M
M
ROH
42
BCSP
LPSL
TEST6
EA
00103
PGP
3000
V
1
100
**gbStart**Copilot_Status**splitKeyValue**50067411**gbEnd**
M
M
ROH
42
BCSP
LPSL
TEST7
EA
00103
PGP
3000
V
1
100
**gbStart**Copilot_Status**splitKeyValue**50067412**gbEnd**
M
M
ROH
42
BCSP
LPSL
TEST8
EA
00103
PGP
3000
V
1
100
**gbStart**Copilot_Status**splitKeyValue**50067413**gbEnd**
M
M
ROH
42
BCSP
LPSL
TEST9
EA
00103
PGP
3000
V
1
100
**gbStart**Copilot_Status**splitKeyValue**50067414**gbEnd**
M
M
ROH
42
BCSP
LPSL
TEST10
EA
00103
PGP
3000
V
1
100
**gbStart**Copilot_Status**splitKeyValue**50067415**gbEnd**
| PASS |
------------------------------------------------------------------------------
Tests.Test material master                                            | PASS |
1 test, 1 passed, 0 failed
==============================================================================
Tests :: Testing functionality through Robot Framework                | PASS |
1 test, 1 passed, 0 failed
==============================================================================
Output:  C:\RobotFramework\sap_testing\Output\207f053b-b916-4d87-ab8d-4eaa631e82b3\pabot_results\0\Output.xml
