==============================================================================
Tests :: Testing functionality through Robot Framework                        
==============================================================================
Tests.Test License                                                            
==============================================================================
License                                                               15
QQFHJY-ED7TDB-AD5WVB-HBFAB9-EQCXCR-64W4TQ-VNT8PW-F2XV3U-4F5GC1-QQQA1C-XM6DC5-YB9RC9-JCNBHQ
  
  Traceback (most recent call last):
    ~~~~~~~~~~~~~~~~~~~~~~~~~~~~~~~~~~~~~~~~~~~~~~~~~~~~~~~~~~~~~~~~~~~~~~~~~~
    File  D:\RobotFramework\SAPtesting\Tests\Test_License.robot:10
    T:  License    
    ~~~~~~~~~~~~~~~~~~~~~~~~~~~~~~~~~~~~~~~~~~~~~~~~~~~~~~~~~~~~~~~~~~~~~~~~~~
    File  D:\RobotFramework\SAPtesting\Tests\Test_License.robot:12
      Apply License    
    ~~~~~~~~~~~~~~~~~~~~~~~~~~~~~~~~~~~~~~~~~~~~~~~~~~~~~~~~~~~~~~~~~~~~~~~~~~
    File  D:\RobotFramework\SAPtesting\Tests\Resource\License.robot:71
      Click Element    wnd[1]/tbar[0]/btn[0]
______________________________________________________________________________
| FAIL |
ValueError: Cannot find element with id 'wnd[1]/tbar[0]/btn[0]'
------------------------------------------------------------------------------
Tests.Test License                                                    | FAIL |
1 test, 0 passed, 1 failed
==============================================================================
Tests :: Testing functionality through Robot Framework                | FAIL |
1 test, 0 passed, 1 failed
==============================================================================
Output:  D:\RobotFramework\SAPtesting\Output\b1efa96f-3b6f-4dbd-87b4-6dcd8f0192ac\pabot_results\0\Output.xml
