==============================================================================
Tests :: Testing functionality through Robot Framework                        
==============================================================================
Tests.Test material master                                                    
==============================================================================
Material_master                                                       12
M
M
ROH
42
BCSP
LPSL
TEST1
EA
00103
PGP
3000
V
1
100
**gbStart**Copilot_Status**splitKeyValue**50067383**gbEnd**
M
M
ROH
42
BCSP
LPSL
TEST2
EA
00103
PGP
3000
V
1
100
**gbStart**Copilot_Status**splitKeyValue**50067384**gbEnd**
M
M
ROH
42
BCSP
LPSL
TEST3
EA
00103
PGP
3000
V
1
100
**gbStart**Copilot_Status**splitKeyValue**50067385**gbEnd**
M
M
ROH
42
BCSP
LPSL
TEST4
EA
00103
PGP
3000
V
1
100
**gbStart**Copilot_Status**splitKeyValue**50067386**gbEnd**
M
M
ROH
42
BCSP
LPSL
TEST5
EA
00103
PGP
3000
V
1
100
**gbStart**Copilot_Status**splitKeyValue**50067387**gbEnd**
None
None
  
  Traceback (most recent call last):
    ~~~~~~~~~~~~~~~~~~~~~~~~~~~~~~~~~~~~~~~~~~~~~~~~~~~~~~~~~~~~~~~~~~~~~~~~~~
    File  C:\RobotFramework\sap_testing\Tests\Test_material_master.robot:9
    T:  Material_master    
    ~~~~~~~~~~~~~~~~~~~~~~~~~~~~~~~~~~~~~~~~~~~~~~~~~~~~~~~~~~~~~~~~~~~~~~~~~~
    File  C:\RobotFramework\sap_testing\Tests\Test_material_master.robot:10
      Material_master    
    ~~~~~~~~~~~~~~~~~~~~~~~~~~~~~~~~~~~~~~~~~~~~~~~~~~~~~~~~~~~~~~~~~~~~~~~~~~
    File  C:\RobotFramework\sap_testing\Tests\Resource\material_master.robot:56
      ${initial_row} IN RANGE [ 2 | ${rows} ]    
    ~~~~~~~~~~~~~~~~~~~~~~~~~~~~~~~~~~~~~~~~~~~~~~~~~~~~~~~~~~~~~~~~~~~~~~~~~~
    File  C:\RobotFramework\sap_testing\Tests\Resource\material_master.robot:56
      ${initial_row} = 7    
    ~~~~~~~~~~~~~~~~~~~~~~~~~~~~~~~~~~~~~~~~~~~~~~~~~~~~~~~~~~~~~~~~~~~~~~~~~~
    File  C:\RobotFramework\sap_testing\Tests\Resource\material_master.robot:60
      Select From List By Key    wnd[0]/usr/cmbRMMG1-MBRSH    ${industry_sector}
      |  ${industry_sector} = None (NoneType)
______________________________________________________________________________
| FAIL |
AttributeError: Property '<unknown>.key' can not be set.
------------------------------------------------------------------------------
Tests.Test material master                                            | FAIL |
1 test, 0 passed, 1 failed
==============================================================================
Tests :: Testing functionality through Robot Framework                | FAIL |
1 test, 0 passed, 1 failed
==============================================================================
Output:  C:\RobotFramework\sap_testing\Output\fead03c8-58be-472c-9d91-f2309c8c6489\pabot_results\0\Output.xml
