==============================================================================
Tests :: Testing functionality through Robot Framework                        
==============================================================================
Tests.Test SystemRegistration                                                 
==============================================================================
System Registration                                                     
  Traceback (most recent call last):
    ~~~~~~~~~~~~~~~~~~~~~~~~~~~~~~~~~~~~~~~~~~~~~~~~~~~~~~~~~~~~~~~~~~~~~~~~~~
    File  C:\RobotFramework\sap_testing\Tests\Test_SystemRegistration.robot:8
    T:  System Registration    
    ~~~~~~~~~~~~~~~~~~~~~~~~~~~~~~~~~~~~~~~~~~~~~~~~~~~~~~~~~~~~~~~~~~~~~~~~~~
    File  C:\RobotFramework\sap_testing\Tests\Test_SystemRegistration.robot:9
      System Registration    
    ~~~~~~~~~~~~~~~~~~~~~~~~~~~~~~~~~~~~~~~~~~~~~~~~~~~~~~~~~~~~~~~~~~~~~~~~~~
    File  C:\RobotFramework\sap_testing\Tests\Resource\SystemRegistration.robot:27
      Get Value    wnd[0]/usr/txtLMSIDCOM
______________________________________________________________________________
| FAIL |
ValueError: Cannot find element with id 'wnd[0]/usr/txtLMSIDCOM'
------------------------------------------------------------------------------
Tests.Test SystemRegistration                                         | FAIL |
1 test, 0 passed, 1 failed
==============================================================================
Tests :: Testing functionality through Robot Framework                | FAIL |
1 test, 0 passed, 1 failed
==============================================================================
Output:  C:\RobotFramework\sap_testing\Output\b5addf0b-8603-478c-9c04-535d3697b836\pabot_results\0\Output.xml
