==============================================================================
Tests :: Testing functionality through Robot Framework                        
==============================================================================
Tests.Test testtags                                                           
==============================================================================
Verifying Certificate                                                 search text is not found
| PASS |
------------------------------------------------------------------------------
Read excel and create invoice                                         5
CMS0000043
27.07.2024
1000
Robo Test
40001
1000
329
Document 1800000907 was posted in company code 3000
1800000907
3000
CMS0000043
27.07.2024
1500
Robo Test1
40001
1500
329
Document 1800000908 was posted in company code 3000
1800000908
3000
CMS0000043
27.07.2024
2500
Robo Test2
40001
2500
329
Document 1800000909 was posted in company code 3000
1800000909
3000
| PASS |
------------------------------------------------------------------------------
Read excel and view invoice                                           5
1800000907
3000
2024
1800000908
3000
2024
1800000909
3000
2024
| PASS |
------------------------------------------------------------------------------
Tests.Test testtags                                                   | PASS |
3 tests, 3 passed, 0 failed
==============================================================================
Tests :: Testing functionality through Robot Framework                | PASS |
3 tests, 3 passed, 0 failed
==============================================================================
Output:  C:\RobotFramework\sap_testing\Output\54aefd6f-dd2c-420d-bdd9-767df9969026\pabot_results\0\Output.xml
