==============================================================================
Tests :: Testing functionality through Robot Framework                        
==============================================================================
Tests.Test sales order creation                                               
==============================================================================
SLAES_ORDER_CREATION                                                    
  Traceback (most recent call last):
    ~~~~~~~~~~~~~~~~~~~~~~~~~~~~~~~~~~~~~~~~~~~~~~~~~~~~~~~~~~~~~~~~~~~~~~~~~~
    File  C:\RobotFramework\sap_testing\Tests\Test_sales_order_creation.robot:9
    T:  SLAES_ORDER_CREATION    
    ~~~~~~~~~~~~~~~~~~~~~~~~~~~~~~~~~~~~~~~~~~~~~~~~~~~~~~~~~~~~~~~~~~~~~~~~~~
    File  C:\RobotFramework\sap_testing\Tests\Test_sales_order_creation.robot:10
      SLAES_ORDER_CREATION    
    ~~~~~~~~~~~~~~~~~~~~~~~~~~~~~~~~~~~~~~~~~~~~~~~~~~~~~~~~~~~~~~~~~~~~~~~~~~
    File  C:\RobotFramework\sap_testing\Tests\Resource\sales_order_creation.robot:52
      Print Table Row    ${symvar('Material_number')}    ${symvar('order_quantity')}    ${symvar('amount')}
      |  ${symvar('Material_number')} = $Material_number (str)
      |  ${symvar('order_quantity')} = $order_quantity (str)
      |  ${symvar('amount')} = $amount (str)
______________________________________________________________________________
| FAIL |
ValueError: Material numbers, order quantities, and amounts must have the same length
------------------------------------------------------------------------------
Tests.Test sales order creation                                       | FAIL |
1 test, 0 passed, 1 failed
==============================================================================
Tests :: Testing functionality through Robot Framework                | FAIL |
1 test, 0 passed, 1 failed
==============================================================================
Output:  C:\RobotFramework\sap_testing\Output\7787f40b-f2c7-49dd-932c-5c480b38c114\pabot_results\0\Output.xml
