==============================================================================
Tests :: Testing functionality through Robot Framework                        
==============================================================================
Tests.Test custom excel                                                       
==============================================================================
Display Excel for output                                              column 4 deleted
column 4 deleted
column 4 deleted
document no is :40000090
"40000090"
"40000089"
"40000088"
"40000087"
"40000086"
"40000085"
"40000084"
"40000082"
"40000081"
"40000078"
"40000076"
| PASS |
------------------------------------------------------------------------------
Tests.Test custom excel                                               | PASS |
1 test, 1 passed, 0 failed
==============================================================================
Tests :: Testing functionality through Robot Framework                | PASS |
1 test, 1 passed, 0 failed
==============================================================================
Output:  C:\SAP_Testing\SAPtesting\Output\0dbff6fd-31cd-4391-a5e1-ae0b1644c46a\pabot_results\0\Output.xml
