==============================================================================
Tests :: Testing functionality through Robot Framework                        
==============================================================================
Tests.Test material master                                                    
==============================================================================
Material_master                                                       12
M
M
ROH
42
BCSP
LPSL
TEST1
EA
00103
PGP
3000
V
1
100
**gbStart**Copilot_Status**splitKeyValue**50067388**gbEnd**
M
M
ROH
42
BCSP
LPSL
TEST2
EA
00103
PGP
3000
V
1
100
**gbStart**Copilot_Status**splitKeyValue**50067389**gbEnd**
M
M
ROH
42
BCSP
LPSL
TEST3
EA
00103
PGP
3000
V
1
100
**gbStart**Copilot_Status**splitKeyValue**50067390**gbEnd**
M
M
ROH
42
BCSP
LPSL
TEST4
EA
00103
PGP
3000
V
1
100
**gbStart**Copilot_Status**splitKeyValue**50067391**gbEnd**
M
M
ROH
42
BCSP
LPSL
TEST5
EA
00103
PGP
3000
V
1
100
**gbStart**Copilot_Status**splitKeyValue**50067392**gbEnd**
M
M
ROH
42
BCSP
LPSL
TEST6
EA
00104
PGP
3001
V
1
100
**gbStart**Copilot_Status**splitKeyValue**50067393**gbEnd**
M
M
ROH
42
BCSP
LPSL
TEST7
EA
00105
PGP
3002
V
1
100
**gbStart**Copilot_Status**splitKeyValue**50067394**gbEnd**
M
M
ROH
42
BCSP
LPSL
TEST8
EA
00106
PGP
  
  Traceback (most recent call last):
    ~~~~~~~~~~~~~~~~~~~~~~~~~~~~~~~~~~~~~~~~~~~~~~~~~~~~~~~~~~~~~~~~~~~~~~~~~~
    File  C:\RobotFramework\sap_testing\Tests\Test_material_master.robot:9
    T:  Material_master    
    ~~~~~~~~~~~~~~~~~~~~~~~~~~~~~~~~~~~~~~~~~~~~~~~~~~~~~~~~~~~~~~~~~~~~~~~~~~
    File  C:\RobotFramework\sap_testing\Tests\Test_material_master.robot:10
      Material_master    
    ~~~~~~~~~~~~~~~~~~~~~~~~~~~~~~~~~~~~~~~~~~~~~~~~~~~~~~~~~~~~~~~~~~~~~~~~~~
    File  C:\RobotFramework\sap_testing\Tests\Resource\material_master.robot:56
      ${initial_row} IN RANGE [ 2 | ${rows} ]    
    ~~~~~~~~~~~~~~~~~~~~~~~~~~~~~~~~~~~~~~~~~~~~~~~~~~~~~~~~~~~~~~~~~~~~~~~~~~
    File  C:\RobotFramework\sap_testing\Tests\Resource\material_master.robot:56
      ${initial_row} = 9    
    ~~~~~~~~~~~~~~~~~~~~~~~~~~~~~~~~~~~~~~~~~~~~~~~~~~~~~~~~~~~~~~~~~~~~~~~~~~
    File  C:\RobotFramework\sap_testing\Tests\Resource\material_master.robot:143
      Input Text    wnd[0]/usr/tabsTABSPR1/tabpSP09/ssubTABFRA1:SAPLMGMM:2000/subSUB2:SAPLMGD1:2301/ctxtMARC-EKGRP    ${purchasing_group}
      |  ${purchasing_group} = PGP (str)
______________________________________________________________________________
| FAIL |
ValueError: Cannot find element with id 'wnd[0]/usr/tabsTABSPR1/tabpSP09/ssubTABFRA1:SAPLMGMM:2000/subSUB2:SAPLMGD1:2301/ctxtMARC-EKGRP'
------------------------------------------------------------------------------
Tests.Test material master                                            | FAIL |
1 test, 0 passed, 1 failed
==============================================================================
Tests :: Testing functionality through Robot Framework                | FAIL |
1 test, 0 passed, 1 failed
==============================================================================
Output:  C:\RobotFramework\sap_testing\Output\39fed0e6-5732-4fd5-a645-30c8bb5fa58a\pabot_results\0\Output.xml
