==============================================================================
Tests :: Testing functionality through Robot Framework                        
==============================================================================
Tests.Test Create Rental Invoice                                              
==============================================================================
Create the rental Invoice                                             Document 90000512 has been saved.
40000067
40000066
**gbStart**invoice_log**splitKeyValue**40000067 Document 90000512 has been saved.**gbEnd**
40000067
40000066
**gbStart**copilot_status_sheet**splitKeyValue**[{'Customer Reference (Header)': 'Demo - Contract Crea', 'Document Date': '2025-01-02', 'Sales document': '40000067', 'Net Value (Header)': 160932, 'Document Currency': 'INR', 'Created by': 'EIDTEST', 'Sold-To Party Name': 'Sterling and Wilson Pvt. Ltd.', 'Billing Block Description': 'empty', 'Invoice Details': 'Document 90000512 has been saved.'}, {'Customer Reference (Header)': 'Demo - Contract Crea', 'Document Date': '2025-01-02', 'Sales document': '40000066', 'Net Value (Header)': 160932, 'Document Currency': 'INR', 'Created by': 'SIVA', 'Sold-To Party Name': 'Sterling and Wilson Pvt. Ltd.', 'Billing Block Description': 'empty', 'Invoice Details': 'empty'}]**splitKeyValue**object**gbEnd**
| PASS |
------------------------------------------------------------------------------
Tests.Test Create Rental Invoice                                      | PASS |
1 test, 1 passed, 0 failed
==============================================================================
Tests :: Testing functionality through Robot Framework                | PASS |
1 test, 1 passed, 0 failed
==============================================================================
Output:  C:\SAP_Testing\SAPtesting\Output\af3d6915-cc07-4635-bc33-1559bf4c0b67\pabot_results\0\Output.xml
