==============================================================================
Tests :: Testing functionality through Robot Framework                        
==============================================================================
Tests.Test Create outbound Delivery                                           
==============================================================================
Executing VL01N                                                         
  Traceback (most recent call last):
    ~~~~~~~~~~~~~~~~~~~~~~~~~~~~~~~~~~~~~~~~~~~~~~~~~~~~~~~~~~~~~~~~~~~~~~~~~~
    File  C:\RobotFramework\sap_testing\Tests\Test_Create_outbound_Delivery.robot:10
    T:  Executing VL01N    
    ~~~~~~~~~~~~~~~~~~~~~~~~~~~~~~~~~~~~~~~~~~~~~~~~~~~~~~~~~~~~~~~~~~~~~~~~~~
    File  C:\RobotFramework\sap_testing\Tests\Test_Create_outbound_Delivery.robot:11
      Transaction VL01N    
    ~~~~~~~~~~~~~~~~~~~~~~~~~~~~~~~~~~~~~~~~~~~~~~~~~~~~~~~~~~~~~~~~~~~~~~~~~~
    File  C:\RobotFramework\sap_testing\Tests\Resource\Create_outbound_Delivery.robot:28
      Click Element    wnd[0]/usr/tabsTAXI_TABSTRIP_OVERVIEW/tabpT\\02
      |  wnd[0]/usr/tabsTAXI_TABSTRIP_OVERVIEW/tabpT\\02 = wnd[0]/usr/tabsTAXI_TABSTRIP_OVERVIEW/tabpT\02 (str)
______________________________________________________________________________
| FAIL |
ValueError: Cannot find element with id 'wnd[0]/usr/tabsTAXI_TABSTRIP_OVERVIEW/tabpT\02'
------------------------------------------------------------------------------
Tests.Test Create outbound Delivery                                   | FAIL |
1 test, 0 passed, 1 failed
==============================================================================
Tests :: Testing functionality through Robot Framework                | FAIL |
1 test, 0 passed, 1 failed
==============================================================================
Output:  C:\RobotFramework\sap_testing\Output\06073547-077d-46fa-b827-c66e5296f6d7\pabot_results\0\Output.xml
