==============================================================================
Tests :: Testing functionality through Robot Framework                        
==============================================================================
Tests.Test Certificate Check                                                  
==============================================================================
Download Certificates                                                 Certificate already exists: DigiCert Global Root G2
Certificate already exists: DigiCert Global Root CA
Certificate already exists: DigiCert RSA4096 Root G5
Certificate already exists: DigiCert Global Root G2
Certificate already exists: DigiCert Global Root CA
Certificate already exists: DigiCert RSA4096 Root G5
| PASS |
------------------------------------------------------------------------------
Tests.Test Certificate Check                                          | PASS |
1 test, 1 passed, 0 failed
==============================================================================
Tests :: Testing functionality through Robot Framework                | PASS |
1 test, 1 passed, 0 failed
==============================================================================
Output:  C:\RobotFramework\sap_testing\Output\31d358e0-32c5-4111-9f0c-84ce1bdf5948\pabot_results\0\Output.xml
