==============================================================================
Tests :: Testing functionality through Robot Framework                        
==============================================================================
Tests.Test License                                                            
==============================================================================
License                                                               15
QQFHJY-ED7TDB-AD5WVB-HBFAB9-EQCXCR-64W4TQ-VNT8PW-F2XV3U-4F5GC1-QQQA1C-XM6DC5-YB9RC9-JCNBHQ
  
  Traceback (most recent call last):
    ~~~~~~~~~~~~~~~~~~~~~~~~~~~~~~~~~~~~~~~~~~~~~~~~~~~~~~~~~~~~~~~~~~~~~~~~~~
    File  D:\RobotFramework\SAPtesting\Tests\Test_License.robot:10
    T:  License    
    ~~~~~~~~~~~~~~~~~~~~~~~~~~~~~~~~~~~~~~~~~~~~~~~~~~~~~~~~~~~~~~~~~~~~~~~~~~
    File  D:\RobotFramework\SAPtesting\Tests\Test_License.robot:12
      Apply License    
    ~~~~~~~~~~~~~~~~~~~~~~~~~~~~~~~~~~~~~~~~~~~~~~~~~~~~~~~~~~~~~~~~~~~~~~~~~~
    File  D:\RobotFramework\SAPtesting\Tests\Resource\License.robot:70
      Input Text    wnd[1]/usr/txtGV_EMAIL_0061
______________________________________________________________________________
| FAIL |
Keyword 'SAP_Tcode_Library.Input Text' expected 2 arguments, got 1.
------------------------------------------------------------------------------
Tests.Test License                                                    | FAIL |
1 test, 0 passed, 1 failed
==============================================================================
Tests :: Testing functionality through Robot Framework                | FAIL |
1 test, 0 passed, 1 failed
==============================================================================
Output:  D:\RobotFramework\SAPtesting\Output\cf107ea8-5384-4983-a2cf-0276ca84f0ae\pabot_results\0\Output.xml
