==============================================================================
Tests :: Testing functionality through Robot Framework                        
==============================================================================
Tests.Test Read Text file                                                     
==============================================================================
Read and write a text file                                              
  Traceback (most recent call last):
    ~~~~~~~~~~~~~~~~~~~~~~~~~~~~~~~~~~~~~~~~~~~~~~~~~~~~~~~~~~~~~~~~~~~~~~~~~~
    File  C:\RobotFramework\sap_testing\Tests\Test_Read_Text_file.robot:6
    T:  Read and write a text file    
    ~~~~~~~~~~~~~~~~~~~~~~~~~~~~~~~~~~~~~~~~~~~~~~~~~~~~~~~~~~~~~~~~~~~~~~~~~~
    File  C:\RobotFramework\sap_testing\Tests\Test_Read_Text_file.robot:7
      Read Text File    
    ~~~~~~~~~~~~~~~~~~~~~~~~~~~~~~~~~~~~~~~~~~~~~~~~~~~~~~~~~~~~~~~~~~~~~~~~~~
    File  C:\RobotFramework\sap_testing\Tests\Resource\Read_text_file.robot:14
      File Should Exist    ${textfile_path}
      |  ${textfile_path} = C:\RobotFramework\sap_testing\Tests\Resource\Read_text.txt (str)
______________________________________________________________________________
| FAIL |
File 'C:\RobotFramework\sap_testing\Tests\Resource\Read_text.txt' does not exist.
------------------------------------------------------------------------------
Tests.Test Read Text file                                             | FAIL |
1 test, 0 passed, 1 failed
==============================================================================
Tests :: Testing functionality through Robot Framework                | FAIL |
1 test, 0 passed, 1 failed
==============================================================================
Output:  C:\RobotFramework\sap_testing\Output\3b870697-c5f3-4493-b99f-fe7176f74019\pabot_results\0\Output.xml
