==============================================================================
Tests :: Testing functionality through Robot Framework                        
==============================================================================
Tests.Test WE21                                                               
==============================================================================
Executing WE21                                                          
  Traceback (most recent call last):
    ~~~~~~~~~~~~~~~~~~~~~~~~~~~~~~~~~~~~~~~~~~~~~~~~~~~~~~~~~~~~~~~~~~~~~~~~~~
    File  C:\RobotFramework\sap_testing\Tests\Test_WE21.robot:10
    T:  Executing WE21    
    ~~~~~~~~~~~~~~~~~~~~~~~~~~~~~~~~~~~~~~~~~~~~~~~~~~~~~~~~~~~~~~~~~~~~~~~~~~
    File  C:\RobotFramework\sap_testing\Tests\Test_WE21.robot:13
      Transactional RFC    
    ~~~~~~~~~~~~~~~~~~~~~~~~~~~~~~~~~~~~~~~~~~~~~~~~~~~~~~~~~~~~~~~~~~~~~~~~~~
    File  C:\RobotFramework\sap_testing\Tests\Resource\WE21.robot:35
      Select Node    wnd[0]/shellcont/shell    A
______________________________________________________________________________
| FAIL |
ValueError: Cannot find Element 'wnd[0]/shellcont/shell'.
------------------------------------------------------------------------------
Tests.Test WE21                                                       | FAIL |
1 test, 0 passed, 1 failed
==============================================================================
Tests :: Testing functionality through Robot Framework                | FAIL |
1 test, 0 passed, 1 failed
==============================================================================
Output:  C:\SAP_Testing\SAPtesting\new2output\b316ab98-cbd3-450d-a671-bec1fb90bae5\pabot_results\0\Output.xml
