==============================================================================
Tests :: Testing functionality through Robot Framework                        
==============================================================================
Tests.Test SCOT                                                               
==============================================================================
Executing SCOT                                                          
  Traceback (most recent call last):
    ~~~~~~~~~~~~~~~~~~~~~~~~~~~~~~~~~~~~~~~~~~~~~~~~~~~~~~~~~~~~~~~~~~~~~~~~~~
    File  C:\RobotFramework\sap_testing\Tests\Test_SCOT.robot:9
    T:  Executing SCOT    
    ~~~~~~~~~~~~~~~~~~~~~~~~~~~~~~~~~~~~~~~~~~~~~~~~~~~~~~~~~~~~~~~~~~~~~~~~~~
    File  C:\RobotFramework\sap_testing\Tests\Test_SCOT.robot:11
      SMTP Nodes    
    ~~~~~~~~~~~~~~~~~~~~~~~~~~~~~~~~~~~~~~~~~~~~~~~~~~~~~~~~~~~~~~~~~~~~~~~~~~
    File  C:\RobotFramework\sap_testing\Tests\Resource\SCOT.robot:38
      Click Toolbar Button    wnd[0]/usr/subCONTENT:SAPLSBCS_ADM:0104/subSUB_CONTENT:SAPLSBCS_NODES:0100/cntlSMTP_NODES_TOOLBAR_CONTAINER/shellcont/shell    EXPA
______________________________________________________________________________
| FAIL |
ValueError: Cannot find Element 'wnd[0]/usr/subCONTENT:SAPLSBCS_ADM:0104/subSUB_CONTENT:SAPLSBCS_NODES:0100/cntlSMTP_NODES_TOOLBAR_CONTAINER/shellcont/shell'.
------------------------------------------------------------------------------
Tests.Test SCOT                                                       | FAIL |
1 test, 0 passed, 1 failed
==============================================================================
Tests :: Testing functionality through Robot Framework                | FAIL |
1 test, 0 passed, 1 failed
==============================================================================
Output:  C:\SAP_Testing\SAPtesting\new2output\410a51f0-4cbc-4aae-a1ce-f8c451a9622a\pabot_results\0\Output.xml
