==============================================================================
Tests :: Testing functionality through Robot Framework                        
==============================================================================
Tests.Test Create Sales Orders                                                
==============================================================================
Executing VA01                                                        Generated PO#: PO#34207
  
  Traceback (most recent call last):
    ~~~~~~~~~~~~~~~~~~~~~~~~~~~~~~~~~~~~~~~~~~~~~~~~~~~~~~~~~~~~~~~~~~~~~~~~~~
    File  C:\RobotFramework\sap_testing\Tests\Test_Create Sales Orders.robot:10
    T:  Executing VA01    
    ~~~~~~~~~~~~~~~~~~~~~~~~~~~~~~~~~~~~~~~~~~~~~~~~~~~~~~~~~~~~~~~~~~~~~~~~~~
    File  C:\RobotFramework\sap_testing\Tests\Test_Create Sales Orders.robot:13
      Selecting multiple materials    
    ~~~~~~~~~~~~~~~~~~~~~~~~~~~~~~~~~~~~~~~~~~~~~~~~~~~~~~~~~~~~~~~~~~~~~~~~~~
    File  C:\RobotFramework\sap_testing\Tests\Resource\Create_Sales_Orders.robot:34
      Quantity Select    ${symvar('material')}    ${symvar('quantity')}    ${symvar('amount')}
      |  ${symvar('material')} = 2000000160 (str)
      |  ${symvar('quantity')} = 1 (str)
      |  ${symvar('amount')} = 1000 (str)
______________________________________________________________________________
| FAIL |
No keyword with name 'Quantity Select' found.
------------------------------------------------------------------------------
Tests.Test Create Sales Orders                                        | FAIL |
1 test, 0 passed, 1 failed
==============================================================================
Tests :: Testing functionality through Robot Framework                | FAIL |
1 test, 0 passed, 1 failed
==============================================================================
Output:  C:\RobotFramework\sap_testing\Output\570ae2ab-65ef-4a53-b9da-5b9e554dc6cd\pabot_results\0\Output.xml
