==============================================================================
Tests :: Testing functionality through Robot Framework                        
==============================================================================
Tests.Test Verify parameter values                                            
==============================================================================
Verifying SAP Parameter values                                        ssl/ciphersuites
ssl/ciphersuites value is 135:PFS:HIGH::EC_X25519:EC_P256:EC_HIGH
ssl/client_ciphersuites
ssl/client_ciphersuites value is 150:PFS:HIGH::EC_X25519:EC_P256:EC_HIGH
icm/HTTPS/client_sni_enabled
icm/HTTPS/client_sni_enabled value is TRUE
ssl/client_sni_enabled
ssl/client_sni_enabled value is TRUE
SETENV_26
SETENV_26 value is SECUDIR=$(DIR_INSTANCE)$(DIR_SEP)sec
SETENV_27
SETENV_27 value is SAPSSL_CLIENT_CIPHERSUITES=150:PFS:HIGH::EC_X25519:EC_P256:EC_HIGH
SETENV_28
SETENV_28 value is SAPSSL_CLIENT_SNI_ENABLED=TRUE
**gbStart**copilot_status1**splitKeyValue**System RBT client 100 -- Profile Parameter values are added successfully**gbEnd**
| PASS |
------------------------------------------------------------------------------
Tests.Test Verify parameter values                                    | PASS |
1 test, 1 passed, 0 failed
==============================================================================
Tests :: Testing functionality through Robot Framework                | PASS |
1 test, 1 passed, 0 failed
==============================================================================
Output:  C:\RobotFramework\sap_testing\Output\18d013b8-7830-47f3-9761-11fee5be2a1c\pabot_results\0\Output.xml
