==============================================================================
Tests :: Testing functionality through Robot Framework                        
==============================================================================
Tests.Test SM02 MESSAGE                                                       
==============================================================================
SM02                                                                  ['Certificate is not found']
searchTrue
The system message list is empty
  
  Traceback (most recent call last):
    ~~~~~~~~~~~~~~~~~~~~~~~~~~~~~~~~~~~~~~~~~~~~~~~~~~~~~~~~~~~~~~~~~~~~~~~~~~
    File  C:\RobotFramework\sap_testing\Tests\Test_SM02_MESSAGE.robot:9
    T:  SM02    
    ~~~~~~~~~~~~~~~~~~~~~~~~~~~~~~~~~~~~~~~~~~~~~~~~~~~~~~~~~~~~~~~~~~~~~~~~~~
    File  C:\RobotFramework\sap_testing\Tests\Test_SM02_MESSAGE.robot:10
      SM02    
    ~~~~~~~~~~~~~~~~~~~~~~~~~~~~~~~~~~~~~~~~~~~~~~~~~~~~~~~~~~~~~~~~~~~~~~~~~~
    File  C:\RobotFramework\sap_testing\Tests\Resource\SM02_MESSAGE.robot:34
      ${search_text_found}    
    ~~~~~~~~~~~~~~~~~~~~~~~~~~~~~~~~~~~~~~~~~~~~~~~~~~~~~~~~~~~~~~~~~~~~~~~~~~
    File  C:\RobotFramework\sap_testing\Tests\Resource\SM02_MESSAGE.robot:36
      Click Element    wnd[0]/tbar[1]/btn[34]
______________________________________________________________________________
| FAIL |
ValueError: Cannot find element with id 'wnd[0]/tbar[1]/btn[34]'
------------------------------------------------------------------------------
Tests.Test SM02 MESSAGE                                               | FAIL |
1 test, 0 passed, 1 failed
==============================================================================
Tests :: Testing functionality through Robot Framework                | FAIL |
1 test, 0 passed, 1 failed
==============================================================================
Output:  C:\RobotFramework\sap_testing\Output\2923c5eb-dcc9-43fb-b435-c040a15c4895\pabot_results\0\Output.xml
