==============================================================================
Tests :: Testing functionality through Robot Framework                        
==============================================================================
Tests.Test custom excel                                                       
==============================================================================
Display Excel for output                                              column 5 deleted
document no is :40000058
"40000069"
"40000068"
"40000067"
"40000066"
"40000065"
"40000064"
"40000063"
"40000062"
"40000061"
"40000058"
| PASS |
------------------------------------------------------------------------------
Tests.Test custom excel                                               | PASS |
1 test, 1 passed, 0 failed
==============================================================================
Tests :: Testing functionality through Robot Framework                | PASS |
1 test, 1 passed, 0 failed
==============================================================================
Output:  C:\SAP_Testing\SAPtesting\Output\e96483df-1fdd-4940-9657-e4f66686f3be\pabot_results\0\Output.xml
