==============================================================================
Tests :: Testing functionality through Robot Framework                        
==============================================================================
Tests.Test WE20 REFRESH                                                       
==============================================================================
WE20_T_CODE                                                           | PASS |
------------------------------------------------------------------------------
Partner type KU                                                       | PASS |
------------------------------------------------------------------------------
Partner type LS                                                       | PASS |
------------------------------------------------------------------------------
Partner type LI                                                       | PASS |
------------------------------------------------------------------------------
Tests.Test WE20 REFRESH                                               | PASS |
4 tests, 4 passed, 0 failed
==============================================================================
Tests :: Testing functionality through Robot Framework                | PASS |
4 tests, 4 passed, 0 failed
==============================================================================
Output:  C:\RobotFramework\sap_testing\Output\5ca79fec-01f6-47b4-b097-89f412591029\pabot_results\0\Output.xml
