==============================================================================
Tests :: Testing functionality through Robot Framework                        
==============================================================================
Tests.Test sales order creation                                               
==============================================================================
SLAES_ORDER_CREATION                                                    
  Traceback (most recent call last):
    ~~~~~~~~~~~~~~~~~~~~~~~~~~~~~~~~~~~~~~~~~~~~~~~~~~~~~~~~~~~~~~~~~~~~~~~~~~
    File  C:\RobotFramework\sap_testing\Tests\Test_sales_order_creation.robot:9
    T:  SLAES_ORDER_CREATION    
    ~~~~~~~~~~~~~~~~~~~~~~~~~~~~~~~~~~~~~~~~~~~~~~~~~~~~~~~~~~~~~~~~~~~~~~~~~~
    File  C:\RobotFramework\sap_testing\Tests\Test_sales_order_creation.robot:10
      SLAES_ORDER_CREATION    
    ~~~~~~~~~~~~~~~~~~~~~~~~~~~~~~~~~~~~~~~~~~~~~~~~~~~~~~~~~~~~~~~~~~~~~~~~~~
    File  C:\RobotFramework\sap_testing\Tests\Resource\sales_order_creation.robot:52
      Print Table Row    ${symvar('Material_number')}    ${symvar('order_quantity')}    ${symvar('amount')}
      |  ${symvar('Material_number')} = ['2000000160'] (str)
      |  ${symvar('order_quantity')} = ['1'] (str)
      |  ${symvar('amount')} = ['1000'] (str)
______________________________________________________________________________
| FAIL |
No keyword with name 'Print Table Row' found.
------------------------------------------------------------------------------
Tests.Test sales order creation                                       | FAIL |
1 test, 0 passed, 1 failed
==============================================================================
Tests :: Testing functionality through Robot Framework                | FAIL |
1 test, 0 passed, 1 failed
==============================================================================
Output:  C:\RobotFramework\sap_testing\Output\e6b8fb2e-ea77-4821-81f8-06d52e325683\pabot_results\0\Output.xml
