==============================================================================
Tests :: Testing functionality through Robot Framework                        
==============================================================================
Tests.Test custom excel                                                       
==============================================================================
Display Excel for output                                              column 4 deleted
column 4 deleted
column 4 deleted
document no is :40000100
"40000100"
"40000099"
"40000098"
"40000097"
"40000096"
"40000095"
"40000094"
"40000093"
"40000092"
"40000091"
"40000086"
"40000085"
"40000084"
"40000083"
"40000078"
| PASS |
------------------------------------------------------------------------------
Tests.Test custom excel                                               | PASS |
1 test, 1 passed, 0 failed
==============================================================================
Tests :: Testing functionality through Robot Framework                | PASS |
1 test, 1 passed, 0 failed
==============================================================================
Output:  C:\SAP_Testing\SAPtesting\Output\f8371d1e-78c4-4ecb-9ae1-0b3972cdac22\pabot_results\0\Output.xml
