==============================================================================
Tests :: Testing functionality through Robot Framework                        
==============================================================================
Tests.Test custom excel                                                       
==============================================================================
Display Excel for output                                              document no is :40000088
"40000095"
"40000094"
"40000093"
"40000092"
"40000091"
"40000088"
"40000087"
"40000086"
"40000078"
"40000076"
| PASS |
------------------------------------------------------------------------------
Tests.Test custom excel                                               | PASS |
1 test, 1 passed, 0 failed
==============================================================================
Tests :: Testing functionality through Robot Framework                | PASS |
1 test, 1 passed, 0 failed
==============================================================================
Output:  C:\SAP_Testing\SAPtesting\Output\b7a56ff3-4917-4dec-9015-dd8a14944d22\pabot_results\0\Output.xml
