==============================================================================
Tests :: Testing functionality through Robot Framework                        
==============================================================================
Tests.Test SM02 MESSAGE                                                       
==============================================================================
SM02                                                                    
  Traceback (most recent call last):
    ~~~~~~~~~~~~~~~~~~~~~~~~~~~~~~~~~~~~~~~~~~~~~~~~~~~~~~~~~~~~~~~~~~~~~~~~~~
    File  C:\RobotFramework\sap_testing\Tests\Test_SM02_MESSAGE.robot:9
    T:  SM02    
    ~~~~~~~~~~~~~~~~~~~~~~~~~~~~~~~~~~~~~~~~~~~~~~~~~~~~~~~~~~~~~~~~~~~~~~~~~~
    File  C:\RobotFramework\sap_testing\Tests\Test_SM02_MESSAGE.robot:10
      SM02    
    ~~~~~~~~~~~~~~~~~~~~~~~~~~~~~~~~~~~~~~~~~~~~~~~~~~~~~~~~~~~~~~~~~~~~~~~~~~
    File  C:\RobotFramework\sap_testing\Tests\Resource\SM02_MESSAGE.robot:29
      Get Certificate Value    wnd[0]/usr    ${symvar('messages')}
      |  ${symvar('messages')} = ['Validity of certificate from list with PSE type >SSL', 'Client (Standard)< ends in 7 days, for more information, see', 'the SAP System Log (transation SM21)'] (list)
______________________________________________________________________________
| FAIL |
No keyword with name 'Get Certificate Value' found.
------------------------------------------------------------------------------
Tests.Test SM02 MESSAGE                                               | FAIL |
1 test, 0 passed, 1 failed
==============================================================================
Tests :: Testing functionality through Robot Framework                | FAIL |
1 test, 0 passed, 1 failed
==============================================================================
Output:  C:\RobotFramework\sap_testing\Output\56051632-85d4-49cf-8622-88fed4504609\pabot_results\0\Output.xml
