==============================================================================
Tests :: Testing functionality through Robot Framework                        
==============================================================================
Tests.Test Billing documents                                                  
==============================================================================
Billing Documents Not Posted to Accounting                            9
  
  Traceback (most recent call last):
    ~~~~~~~~~~~~~~~~~~~~~~~~~~~~~~~~~~~~~~~~~~~~~~~~~~~~~~~~~~~~~~~~~~~~~~~~~~
    File  C:\RobotFramework\sap_testing\Tests\Test_Billing_documents.robot:9
    T:  Billing Documents Not Posted to Accounting    
    ~~~~~~~~~~~~~~~~~~~~~~~~~~~~~~~~~~~~~~~~~~~~~~~~~~~~~~~~~~~~~~~~~~~~~~~~~~
    File  C:\RobotFramework\sap_testing\Tests\Test_Billing_documents.robot:10
      Billing Documents Not Posted to Accounting    
    ~~~~~~~~~~~~~~~~~~~~~~~~~~~~~~~~~~~~~~~~~~~~~~~~~~~~~~~~~~~~~~~~~~~~~~~~~~
    File  C:\RobotFramework\sap_testing\Tests\Resource\Billing_documents.robot:39
      Read Table Column    wnd[0]/usr/cntlGRID1/shellcont/shell    VBELN
______________________________________________________________________________
| FAIL |
No keyword with name 'Read Table Column' found.
------------------------------------------------------------------------------
Tests.Test Billing documents                                          | FAIL |
1 test, 0 passed, 1 failed
==============================================================================
Tests :: Testing functionality through Robot Framework                | FAIL |
1 test, 0 passed, 1 failed
==============================================================================
Output:  C:\RobotFramework\sap_testing\Output\e4f206d1-f17c-476c-9eb9-02d57fea4660\pabot_results\0\Output.xml
