==============================================================================
Tests :: Testing functionality through Robot Framework                        
==============================================================================
Tests.Test SPAD                                                               
==============================================================================
Executing SPAD                                                          
  Traceback (most recent call last):
    ~~~~~~~~~~~~~~~~~~~~~~~~~~~~~~~~~~~~~~~~~~~~~~~~~~~~~~~~~~~~~~~~~~~~~~~~~~
    File  C:\RobotFramework\sap_testing\Tests\Test_SPAD.robot:9
    T:  Executing SPAD    
    ~~~~~~~~~~~~~~~~~~~~~~~~~~~~~~~~~~~~~~~~~~~~~~~~~~~~~~~~~~~~~~~~~~~~~~~~~~
    File  C:\RobotFramework\sap_testing\Tests\Test_SPAD.robot:11
      ARCH Screenshot    
    ~~~~~~~~~~~~~~~~~~~~~~~~~~~~~~~~~~~~~~~~~~~~~~~~~~~~~~~~~~~~~~~~~~~~~~~~~~
    File  C:\RobotFramework\sap_testing\Tests\Resource\SPAD.robot:35
      Input Text    wnd[0]/usr/tabsSELECTIONS/tabpSEL1/ssubPAGE:SAPMSPAD:1041/ctxtRSPOSEL-DEVICE    ARCH
______________________________________________________________________________
| FAIL |
ValueError: Cannot find element with id 'wnd[0]/usr/tabsSELECTIONS/tabpSEL1/ssubPAGE:SAPMSPAD:1041/ctxtRSPOSEL-DEVICE'
------------------------------------------------------------------------------
Tests.Test SPAD                                                       | FAIL |
1 test, 0 passed, 1 failed
==============================================================================
Tests :: Testing functionality through Robot Framework                | FAIL |
1 test, 0 passed, 1 failed
==============================================================================
Output:  C:\SAP_Testing\SAPtesting\new2output\b1b85957-5cf6-46e3-8717-52c801628e4f\pabot_results\0\Output.xml
