==============================================================================
Tests :: Testing functionality through Robot Framework                        
==============================================================================
Tests.Test STMS                                                               
==============================================================================
Executing STMS                                                          
  Traceback (most recent call last):
    ~~~~~~~~~~~~~~~~~~~~~~~~~~~~~~~~~~~~~~~~~~~~~~~~~~~~~~~~~~~~~~~~~~~~~~~~~~
    File  C:\RobotFramework\sap_testing\Tests\Test_STMS.robot:9
    T:  Executing STMS    
    ~~~~~~~~~~~~~~~~~~~~~~~~~~~~~~~~~~~~~~~~~~~~~~~~~~~~~~~~~~~~~~~~~~~~~~~~~~
    File  C:\RobotFramework\sap_testing\Tests\Test_STMS.robot:13
      Transport Layers    
    ~~~~~~~~~~~~~~~~~~~~~~~~~~~~~~~~~~~~~~~~~~~~~~~~~~~~~~~~~~~~~~~~~~~~~~~~~~
    File  C:\RobotFramework\sap_testing\Tests\Resource\STMS.robot:82
      Copy Images    ${source_directory}    ${symvar('target_directory')}
      |  ${source_directory} = C:\RobotFramework\sap_testing\Output\39790d85-44fd-41f1-9665-46d058e157b0\pabot_results\0 (str)
      |  ${symvar('target_directory')} =  (str)
______________________________________________________________________________
| FAIL |
FileNotFoundError: [WinError 3] The system cannot find the path specified: ''
------------------------------------------------------------------------------
Tests.Test STMS                                                       | FAIL |
1 test, 0 passed, 1 failed
==============================================================================
Tests :: Testing functionality through Robot Framework                | FAIL |
1 test, 0 passed, 1 failed
==============================================================================
Output:  C:\RobotFramework\sap_testing\Output\39790d85-44fd-41f1-9665-46d058e157b0\pabot_results\0\Output.xml
