==============================================================================
Tests :: Testing functionality through Robot Framework                        
==============================================================================
Tests.Test Roles Create date                                                  
==============================================================================
  
  Traceback (most recent call last):
    ~~~~~~~~~~~~~~~~~~~~~~~~~~~~~~~~~~~~~~~~~~~~~~~~~~~~~~~~~~~~~~~~~~~~~~~~~~
    File  C:\RobotFramework\sap_testing\Tests\Test_Roles_Create_date.robot:3
      System Logon    
    ~~~~~~~~~~~~~~~~~~~~~~~~~~~~~~~~~~~~~~~~~~~~~~~~~~~~~~~~~~~~~~~~~~~~~~~~~~
    File  C:\RobotFramework\sap_testing\Tests\Resource\Roles_Create_date.robot:22
      Input Password    wnd[0]/usr/pwdRSYST-BCODE    %{SA_Role_User_Password}
      |  %{SA_Role_User_Password} = <Unable to define variable value>
______________________________________________________________________________
Get roles from Table                                                  | FAIL |
Parent suite setup failed:
Environment variable '%{SA_Role_User_Password}' not found.
------------------------------------------------------------------------------
Tests.Test Roles Create date                                          | FAIL |
Suite setup failed:
Environment variable '%{SA_Role_User_Password}' not found.

1 test, 0 passed, 1 failed
==============================================================================
Tests :: Testing functionality through Robot Framework                | FAIL |
1 test, 0 passed, 1 failed
==============================================================================
Output:  C:\RobotFramework\sap_testing\Output\c03a83e7-0d95-423f-b8bb-9998d663c9fc\pabot_results\0\Output.xml
