==============================================================================
Tests :: Testing functionality through Robot Framework                        
==============================================================================
Tests.Test Customer material                                                  
==============================================================================
Kellogs_                                                              0000700556
0000700557
0000700558
0000700559
0000700560
0000700561
0000700562
0000700563
0000700564
0000700565
0000700566
0000700567
0000700568
0000700569
0000700570
out
out
  
  Traceback (most recent call last):
    ~~~~~~~~~~~~~~~~~~~~~~~~~~~~~~~~~~~~~~~~~~~~~~~~~~~~~~~~~~~~~~~~~~~~~~~~~~
    File  C:\RobotFramework\sap_testing\Tests\Test_Customer_material.robot:9
    T:  Kellogs_    
    ~~~~~~~~~~~~~~~~~~~~~~~~~~~~~~~~~~~~~~~~~~~~~~~~~~~~~~~~~~~~~~~~~~~~~~~~~~
    File  C:\RobotFramework\sap_testing\Tests\Test_Customer_material.robot:10
      Kellogs_    
    ~~~~~~~~~~~~~~~~~~~~~~~~~~~~~~~~~~~~~~~~~~~~~~~~~~~~~~~~~~~~~~~~~~~~~~~~~~
    File  C:\RobotFramework\sap_testing\Tests\Resource\Customer_material.robot:48
      ${row_index} IN RANGE [ 6 | ${ROWS_COUNT} ]    
    ~~~~~~~~~~~~~~~~~~~~~~~~~~~~~~~~~~~~~~~~~~~~~~~~~~~~~~~~~~~~~~~~~~~~~~~~~~
    File  C:\RobotFramework\sap_testing\Tests\Resource\Customer_material.robot:48
      ${row_index} = 23    
    ~~~~~~~~~~~~~~~~~~~~~~~~~~~~~~~~~~~~~~~~~~~~~~~~~~~~~~~~~~~~~~~~~~~~~~~~~~
    File  C:\RobotFramework\sap_testing\Tests\Resource\Customer_material.robot:149
      Set Variable    ${split_text}[1]
      |  ${split_text}[1] = <Unable to define variable value>
______________________________________________________________________________
| FAIL |
List '${split_text}' has no item in index 1.
------------------------------------------------------------------------------
Tests.Test Customer material                                          | FAIL |
1 test, 0 passed, 1 failed
==============================================================================
Tests :: Testing functionality through Robot Framework                | FAIL |
1 test, 0 passed, 1 failed
==============================================================================
Output:  C:\RobotFramework\sap_testing\Output\92e8d5d6-2068-44dd-b525-28dddc7abf17\pabot_results\0\Output.xml
