==============================================================================
Tests :: Testing functionality through Robot Framework                        
==============================================================================
Tests.Test Customer material                                                  
==============================================================================
Kellogs_                                                              0000700442
0000700443
0000700444
0000700445
0000700446
0000700447
0000700448
0000700449
0000700450
0000700451
0000700452
0000700453
0000700454
0000700455
0000700456
0000700457
0000700458
0000700459
0000700460
0000700461
0000700462
0000700463
0000700464
0000700465
0000700466
0000700467
0000700468
0000700469
0000700470
0000700471
0000700472
0000700473
0000700474
0000700475
0000700476
0000700477
0000700478
0000700479
0000700480
0000700481
0000700482
0000700483
0000700484
0000700485
0000700486
0000700487
0000700488
0000700489
0000700490
0000700491
0000700492
0000700493
0000700494
0000700495
0000700496
0000700497
0000700498
0000700499
0000700500
0000700501
0000700502
0000700503
0000700504
0000700505
0000700506
0000700507
0000700508
0000700509
0000700510
0000700511
0000700512
0000700513
0000700514
0000700515
0000700516
0000700517
0000700518
0000700519
0000700520
0000700521
0000700522
0000700523
0000700524
0000700525
0000700526
0000700527
0000700528
0000700529
0000700530
0000700531
0000700532
0000700533
0000700534
0000700535
0000700536
0000700537
0000700538
| PASS |
------------------------------------------------------------------------------
Tests.Test Customer material                                          | PASS |
1 test, 1 passed, 0 failed
==============================================================================
Tests :: Testing functionality through Robot Framework                | PASS |
1 test, 1 passed, 0 failed
==============================================================================
Output:  C:\RobotFramework\sap_testing\Output\05809f31-a6e5-459c-ae5b-eb1fdd4ba1da\pabot_results\0\Output.xml
