==============================================================================
Tests :: Testing functionality through Robot Framework                        
==============================================================================
Tests.Test sales order creation                                               
==============================================================================
SLAES_ORDER_CREATION                                                    
  Traceback (most recent call last):
    ~~~~~~~~~~~~~~~~~~~~~~~~~~~~~~~~~~~~~~~~~~~~~~~~~~~~~~~~~~~~~~~~~~~~~~~~~~
    File  C:\RobotFramework\sap_testing\Tests\Test_sales_order_creation.robot:9
    T:  SLAES_ORDER_CREATION    
    ~~~~~~~~~~~~~~~~~~~~~~~~~~~~~~~~~~~~~~~~~~~~~~~~~~~~~~~~~~~~~~~~~~~~~~~~~~
    File  C:\RobotFramework\sap_testing\Tests\Test_sales_order_creation.robot:10
      SLAES_ORDER_CREATION    
    ~~~~~~~~~~~~~~~~~~~~~~~~~~~~~~~~~~~~~~~~~~~~~~~~~~~~~~~~~~~~~~~~~~~~~~~~~~
    File  C:\RobotFramework\sap_testing\Tests\Resource\sales_order_creation.robot:30
      Caret Position    wnd[0]/usr/ctxtVBAK-AUART    3
______________________________________________________________________________
| FAIL |
No keyword with name 'Caret Position' found.
------------------------------------------------------------------------------
Tests.Test sales order creation                                       | FAIL |
1 test, 0 passed, 1 failed
==============================================================================
Tests :: Testing functionality through Robot Framework                | FAIL |
1 test, 0 passed, 1 failed
==============================================================================
Output:  C:\RobotFramework\sap_testing\Output\0a4a8ff1-a3dc-4dc9-9252-5764789a4728\pabot_results\0\Output.xml
