==============================================================================
Tests :: Testing functionality through Robot Framework                        
==============================================================================
Tests.Test SMQS                                                               
==============================================================================
Executing SMQS                                                          
  Traceback (most recent call last):
    ~~~~~~~~~~~~~~~~~~~~~~~~~~~~~~~~~~~~~~~~~~~~~~~~~~~~~~~~~~~~~~~~~~~~~~~~~~
    File  C:\RobotFramework\sap_testing\Tests\Test_SMQS.robot:9
    T:  Executing SMQS    
    ~~~~~~~~~~~~~~~~~~~~~~~~~~~~~~~~~~~~~~~~~~~~~~~~~~~~~~~~~~~~~~~~~~~~~~~~~~
    File  C:\RobotFramework\sap_testing\Tests\Test_SMQS.robot:12
      QRFC Administration    
    ~~~~~~~~~~~~~~~~~~~~~~~~~~~~~~~~~~~~~~~~~~~~~~~~~~~~~~~~~~~~~~~~~~~~~~~~~~
    File  C:\RobotFramework\sap_testing\Tests\Resource\SMQS.robot:35
      Click Element    wnd[0]/mbar/menu[2]/menu[0]
______________________________________________________________________________
| FAIL |
com_error: (-2147352567, 'Exception occurred.', (623, 'SAP Frontend Server', 'The menu item is disabled.', 'C:\\Program Files (x86)\\SAP\\FrontEnd\\SAPGUI\\sapfront.HLP', 393215, 0), None)
------------------------------------------------------------------------------
Tests.Test SMQS                                                       | FAIL |
1 test, 0 passed, 1 failed
==============================================================================
Tests :: Testing functionality through Robot Framework                | FAIL |
1 test, 0 passed, 1 failed
==============================================================================
Output:  C:\SAP_Testing\SAPtesting\new2output\74591d95-d8d4-4324-b42a-391fac1627a3\pabot_results\0\Output.xml
