==============================================================================
Tests :: Testing functionality through Robot Framework                        
==============================================================================
Tests.Test FB03                                                               
==============================================================================
Interlinked transactions for Invoice                                  5
1800000518
3000
2024
1800000519
3000
2024
1800000520
3000
2024
| PASS |
------------------------------------------------------------------------------
Tests.Test FB03                                                       | PASS |
1 test, 1 passed, 0 failed
==============================================================================
Tests :: Testing functionality through Robot Framework                | PASS |
1 test, 1 passed, 0 failed
==============================================================================
Output:  C:\RobotFramework\sap_testing\Output\7e6aee36-18f2-4e27-9b00-b99230f72ce2\pabot_results\0\Output.xml
