==============================================================================
Tests :: Testing functionality through Robot Framework                        
==============================================================================
Tests.Test Uconcockpit                                                        
==============================================================================
Executing Uconcockpit                                                   
  Traceback (most recent call last):
    ~~~~~~~~~~~~~~~~~~~~~~~~~~~~~~~~~~~~~~~~~~~~~~~~~~~~~~~~~~~~~~~~~~~~~~~~~~
    File  C:\RobotFramework\sap_testing\Tests\Test_Uconcockpit.robot:9
    T:  Executing Uconcockpit    
    ~~~~~~~~~~~~~~~~~~~~~~~~~~~~~~~~~~~~~~~~~~~~~~~~~~~~~~~~~~~~~~~~~~~~~~~~~~
    File  C:\RobotFramework\sap_testing\Tests\Test_Uconcockpit.robot:11
      RFC Basic Scenario    
    ~~~~~~~~~~~~~~~~~~~~~~~~~~~~~~~~~~~~~~~~~~~~~~~~~~~~~~~~~~~~~~~~~~~~~~~~~~
    File  C:\RobotFramework\sap_testing\Tests\Resource\Uconcockpit.robot:36
      Select From List By Label    wnd[0]/usr/cmbP_SCEN    RFC Basic Scenario
______________________________________________________________________________
| FAIL |
ValueError: Cannot find element with id 'wnd[0]/usr/cmbP_SCEN'
------------------------------------------------------------------------------
Tests.Test Uconcockpit                                                | FAIL |
1 test, 0 passed, 1 failed
==============================================================================
Tests :: Testing functionality through Robot Framework                | FAIL |
1 test, 0 passed, 1 failed
==============================================================================
Output:  C:\SAP_Testing\SAPtesting\new2output\6c11ec2d-07ea-4812-a94a-f360d3ebd796\pabot_results\0\Output.xml
