==============================================================================
Tests :: Testing functionality through Robot Framework                        
==============================================================================
Tests.Test custom excel                                                       
==============================================================================
Display Excel for output                                              column 4 deleted
column 4 deleted
column 4 deleted
document no is :40000094
"40000095"
"40000094"
"40000093"
"40000092"
"40000091"
"40000088"
"40000087"
"40000086"
"40000085"
"40000084"
"40000083"
"40000082"
"40000081"
"40000080"
"40000079"
"40000078"
"40000077"
"40000076"
"40000075"
"40000074"
"40000073"
"40000072"
"40000071"
"40000070"
"40000069"
"40000068"
"40000067"
"40000066"
"40000065"
"40000064"
"40000063"
| PASS |
------------------------------------------------------------------------------
Tests.Test custom excel                                               | PASS |
1 test, 1 passed, 0 failed
==============================================================================
Tests :: Testing functionality through Robot Framework                | PASS |
1 test, 1 passed, 0 failed
==============================================================================
Output:  C:\SAP_Testing\SAPtesting\Output\3618939f-43f1-4599-9bca-6cfda11ee77a\pabot_results\0\Output.xml
