==============================================================================
Tests :: Testing functionality through Robot Framework                        
==============================================================================
Tests.Test VL01N                                                              
==============================================================================
VL01N                                                                   
  Traceback (most recent call last):
    ~~~~~~~~~~~~~~~~~~~~~~~~~~~~~~~~~~~~~~~~~~~~~~~~~~~~~~~~~~~~~~~~~~~~~~~~~~
    File  C:\RobotFramework\sap_testing\Tests\Test_VL01N.robot:9
    T:  VL01N    
    ~~~~~~~~~~~~~~~~~~~~~~~~~~~~~~~~~~~~~~~~~~~~~~~~~~~~~~~~~~~~~~~~~~~~~~~~~~
    File  C:\RobotFramework\sap_testing\Tests\Test_VL01N.robot:10
      VL01N    
    ~~~~~~~~~~~~~~~~~~~~~~~~~~~~~~~~~~~~~~~~~~~~~~~~~~~~~~~~~~~~~~~~~~~~~~~~~~
    File  C:\RobotFramework\sap_testing\Tests\Resource\VL01N.robot:35
      Click Element    wnd[0]/usr/tabsTAXI_TABSTRIP_OVERVIEW/tabpT\\02
      |  wnd[0]/usr/tabsTAXI_TABSTRIP_OVERVIEW/tabpT\\02 = wnd[0]/usr/tabsTAXI_TABSTRIP_OVERVIEW/tabpT\02 (str)
______________________________________________________________________________
| FAIL |
ValueError: Cannot find element with id 'wnd[0]/usr/tabsTAXI_TABSTRIP_OVERVIEW/tabpT\02'
------------------------------------------------------------------------------
Tests.Test VL01N                                                      | FAIL |
1 test, 0 passed, 1 failed
==============================================================================
Tests :: Testing functionality through Robot Framework                | FAIL |
1 test, 0 passed, 1 failed
==============================================================================
Output:  C:\RobotFramework\sap_testing\Output\de5cc7b1-3502-4806-8688-44aa21ace363\pabot_results\0\Output.xml
