==============================================================================
Tests :: Testing functionality through Robot Framework                        
==============================================================================
Tests.Test Customer material                                                  
==============================================================================
Kellogs_                                                              0000700296
0000700297
0000700298
0000700299
0000700300
0000700301
0000700302
0000700303
0000700304
0000700305
0000700306
0000700307
0000700308
0000700309
0000700310
0000700311
0000700312
0000700313
0000700314
0000700315
0000700316
0000700317
0000700318
0000700319
0000700320
0000700321
0000700322
0000700323
0000700324
0000700325
0000700326
0000700327
0000700328
0000700329
0000700330
0000700331
0000700332
0000700333
0000700334
0000700335
0000700336
0000700337
0000700338
0000700339
0000700340
0000700341
  
  Traceback (most recent call last):
    ~~~~~~~~~~~~~~~~~~~~~~~~~~~~~~~~~~~~~~~~~~~~~~~~~~~~~~~~~~~~~~~~~~~~~~~~~~
    File  C:\RobotFramework\sap_testing\Tests\Test_Customer_material.robot:9
    T:  Kellogs_    
    ~~~~~~~~~~~~~~~~~~~~~~~~~~~~~~~~~~~~~~~~~~~~~~~~~~~~~~~~~~~~~~~~~~~~~~~~~~
    File  C:\RobotFramework\sap_testing\Tests\Test_Customer_material.robot:10
      Kellogs_    
    ~~~~~~~~~~~~~~~~~~~~~~~~~~~~~~~~~~~~~~~~~~~~~~~~~~~~~~~~~~~~~~~~~~~~~~~~~~
    File  C:\RobotFramework\sap_testing\Tests\Resource\Customer_material.robot:48
      ${row_index} IN RANGE [ 6 | ${ROWS_COUNT} ]    
    ~~~~~~~~~~~~~~~~~~~~~~~~~~~~~~~~~~~~~~~~~~~~~~~~~~~~~~~~~~~~~~~~~~~~~~~~~~
    File  C:\RobotFramework\sap_testing\Tests\Resource\Customer_material.robot:48
      ${row_index} = 52    
    ~~~~~~~~~~~~~~~~~~~~~~~~~~~~~~~~~~~~~~~~~~~~~~~~~~~~~~~~~~~~~~~~~~~~~~~~~~
    File  C:\RobotFramework\sap_testing\Tests\Resource\Customer_material.robot:146
      Get Value    wnd[0]/sbar/pane[0]
______________________________________________________________________________
| FAIL |
ValueError: Cannot find element with id 'wnd[0]/sbar/pane[0]'
------------------------------------------------------------------------------
  
  Traceback (most recent call last):
    ~~~~~~~~~~~~~~~~~~~~~~~~~~~~~~~~~~~~~~~~~~~~~~~~~~~~~~~~~~~~~~~~~~~~~~~~~~
    File  C:\RobotFramework\sap_testing\Tests\Test_Customer_material.robot:4
      System Logout    
    ~~~~~~~~~~~~~~~~~~~~~~~~~~~~~~~~~~~~~~~~~~~~~~~~~~~~~~~~~~~~~~~~~~~~~~~~~~
    File  C:\RobotFramework\sap_testing\Tests\Resource\Customer_material.robot:26
      Run Transaction    /nex
______________________________________________________________________________
Tests.Test Customer material                                          | FAIL |
Suite teardown failed:
com_error: (-2147023174, 'The RPC server is unavailable.', None, None)

1 test, 0 passed, 1 failed
==============================================================================
Tests :: Testing functionality through Robot Framework                | FAIL |
1 test, 0 passed, 1 failed
==============================================================================
Output:  C:\RobotFramework\sap_testing\Output\23f5892f-de88-4f37-bcc9-5413fec4957f\pabot_results\0\Output.xml
