==============================================================================
Tests :: Testing functionality through Robot Framework                        
==============================================================================
Tests.Test VA42                                                               
==============================================================================
Releasing the contracts blocks                                        40000085
40000086
**gbStart**block_status**splitKeyValue**40000085 Block already in released state...**gbEnd**
40000085
40000086
**gbStart**block_log**splitKeyValue**No data was changed**gbEnd**
| PASS |
------------------------------------------------------------------------------
Tests.Test VA42                                                       | PASS |
1 test, 1 passed, 0 failed
==============================================================================
Tests :: Testing functionality through Robot Framework                | PASS |
1 test, 1 passed, 0 failed
==============================================================================
Output:  C:\SAP_Testing\SAPtesting\Output\7ef60e90-4c1f-48bd-aa52-8d076ff8aa59\pabot_results\0\Output.xml
