==============================================================================
Tests :: Testing functionality through Robot Framework                        
==============================================================================
Tests.Test Certificate Check                                                  
==============================================================================
Download Certificates                                                 Certificate already exists: DigiCert Global Root G2
Certificate already exists: DigiCert Global Root CA
Certificate already exists: DigiCert RSA4096 Root G5
Certificate already exists: DigiCert Global Root G2
Certificate already exists: DigiCert Global Root CA
Certificate already exists: DigiCert RSA4096 Root G5
| PASS |
------------------------------------------------------------------------------
Tests.Test Certificate Check                                          | PASS |
1 test, 1 passed, 0 failed
==============================================================================
Tests :: Testing functionality through Robot Framework                | PASS |
1 test, 1 passed, 0 failed
==============================================================================
Output:  C:\RobotFramework\sap_testing\Output\e3e6cc9b-e954-434c-a316-6303fa9f23df\pabot_results\0\Output.xml
