==============================================================================
Tests :: Testing functionality through Robot Framework                        
==============================================================================
Tests.Test VL01N                                                              
==============================================================================
VL01N                                                                 Storage location F does not exist in plant 1030
  
  Traceback (most recent call last):
    ~~~~~~~~~~~~~~~~~~~~~~~~~~~~~~~~~~~~~~~~~~~~~~~~~~~~~~~~~~~~~~~~~~~~~~~~~~
    File  C:\RobotFramework\sap_testing\Tests\Test_VL01N.robot:9
    T:  VL01N    
    ~~~~~~~~~~~~~~~~~~~~~~~~~~~~~~~~~~~~~~~~~~~~~~~~~~~~~~~~~~~~~~~~~~~~~~~~~~
    File  C:\RobotFramework\sap_testing\Tests\Test_VL01N.robot:10
      VL01N    
    ~~~~~~~~~~~~~~~~~~~~~~~~~~~~~~~~~~~~~~~~~~~~~~~~~~~~~~~~~~~~~~~~~~~~~~~~~~
    File  C:\RobotFramework\sap_testing\Tests\Resource\VL01N.robot:48
      Log    Material_number: ${outbound_delivery_number["material_number"]}
      |  Material_number: ${outbound_delivery_number["material_number"]} = <Unable to define variable value>
______________________________________________________________________________
| FAIL |
Resolving variable '${outbound_delivery_number["material_number"]}' failed: KeyError: 'material_number'
------------------------------------------------------------------------------
Tests.Test VL01N                                                      | FAIL |
1 test, 0 passed, 1 failed
==============================================================================
Tests :: Testing functionality through Robot Framework                | FAIL |
1 test, 0 passed, 1 failed
==============================================================================
Output:  C:\RobotFramework\sap_testing\Output\98ee2d84-ed9a-4548-afdb-aea6d8ef4a6f\pabot_results\0\Output.xml
