==============================================================================
Tests :: Testing functionality through Robot Framework                        
==============================================================================
Tests.Test custom excel                                                       
==============================================================================
Display Excel for output                                              column 4 deleted
column 4 deleted
column 4 deleted
document no is :40000086
"40000095"
"40000094"
"40000093"
"40000092"
"40000091"
"40000087"
"40000086"
"40000078"
"40000076"
document no is :40000087
"40000095"
"40000094"
"40000093"
"40000092"
"40000091"
"40000087"
"40000086"
"40000078"
"40000076"
| PASS |
------------------------------------------------------------------------------
Tests.Test custom excel                                               | PASS |
1 test, 1 passed, 0 failed
==============================================================================
Tests :: Testing functionality through Robot Framework                | PASS |
1 test, 1 passed, 0 failed
==============================================================================
Output:  C:\SAP_Testing\SAPtesting\Output\b9ab94fa-bc91-4b30-b7aa-9e3c8ece9300\pabot_results\0\Output.xml
