==============================================================================
Tests :: Testing functionality through Robot Framework                        
==============================================================================
Tests.Test Roles Create date                                                  
==============================================================================
Get roles from Table                                                    
  Traceback (most recent call last):
    ~~~~~~~~~~~~~~~~~~~~~~~~~~~~~~~~~~~~~~~~~~~~~~~~~~~~~~~~~~~~~~~~~~~~~~~~~~
    File  C:\RobotFramework\sap_testing\Tests\Test_Roles_Create_date.robot:8
    T:  Get roles from Table    
    ~~~~~~~~~~~~~~~~~~~~~~~~~~~~~~~~~~~~~~~~~~~~~~~~~~~~~~~~~~~~~~~~~~~~~~~~~~
    File  C:\RobotFramework\sap_testing\Tests\Test_Roles_Create_date.robot:9
      Get roles from Table    
    ~~~~~~~~~~~~~~~~~~~~~~~~~~~~~~~~~~~~~~~~~~~~~~~~~~~~~~~~~~~~~~~~~~~~~~~~~~
    File  C:\RobotFramework\sap_testing\Tests\Resource\Roles_Create_date.robot:57
      Click Element    ${symvar('Execute')}
      |  ${symvar('Execute')} =  (str)
______________________________________________________________________________
| FAIL |
ValueError: Cannot find element with id ''
------------------------------------------------------------------------------
Tests.Test Roles Create date                                          | FAIL |
1 test, 0 passed, 1 failed
==============================================================================
Tests :: Testing functionality through Robot Framework                | FAIL |
1 test, 0 passed, 1 failed
==============================================================================
Output:  C:\RobotFramework\sap_testing\Output\eb454642-00f2-447e-b5de-e82901e04e07\pabot_results\0\Output.xml
