==============================================================================
Tests :: Testing functionality through Robot Framework                        
==============================================================================
Tests.Test Customer material                                                  
==============================================================================
Kellogs_                                                              0000700571
0000700572
0000700573
0000700574
0000700575
0000700576
0000700577
0000700578
0000700579
0000700580
0000700581
0000700582
0000700583
0000700584
| PASS |
------------------------------------------------------------------------------
Tests.Test Customer material                                          | PASS |
1 test, 1 passed, 0 failed
==============================================================================
Tests :: Testing functionality through Robot Framework                | PASS |
1 test, 1 passed, 0 failed
==============================================================================
Output:  C:\RobotFramework\sap_testing\Output\6db33db4-1539-451c-83b6-f92d7407ff8f\pabot_results\0\Output.xml
