==============================================================================
Tests :: Testing functionality through Robot Framework                        
==============================================================================
Tests.Test FB70                                                               
==============================================================================
Interlinked transactions for Invoice                                  5
CMS0000043
05.03.2024
1000
Robo Test
40001
1000
329
Document 1800000518 was posted in company code 3000
1800000518
3000
CMS0000043
05.03.2024
1500
Robo Test1
40001
1500
329
Document 1800000519 was posted in company code 3000
1800000519
3000
CMS0000043
05.03.2024
2500
Robo Test2
40001
2500
329
Document 1800000520 was posted in company code 3000
1800000520
3000
| PASS |
------------------------------------------------------------------------------
Tests.Test FB70                                                       | PASS |
1 test, 1 passed, 0 failed
==============================================================================
Tests :: Testing functionality through Robot Framework                | PASS |
1 test, 1 passed, 0 failed
==============================================================================
Output:  C:\RobotFramework\sap_testing\Output\15b59ff3-81cd-41f3-b721-6c117d72d44b\pabot_results\0\Output.xml
