==============================================================================
Tests :: Testing functionality through Robot Framework                        
==============================================================================
Tests.Test SLDAPICUST                                                         
==============================================================================
Executing SLDAPICUST                                                    
  Traceback (most recent call last):
    ~~~~~~~~~~~~~~~~~~~~~~~~~~~~~~~~~~~~~~~~~~~~~~~~~~~~~~~~~~~~~~~~~~~~~~~~~~
    File  C:\RobotFramework\sap_testing\Tests\Test_SLDAPICUST.robot:9
    T:  Executing SLDAPICUST    
    ~~~~~~~~~~~~~~~~~~~~~~~~~~~~~~~~~~~~~~~~~~~~~~~~~~~~~~~~~~~~~~~~~~~~~~~~~~
    File  C:\RobotFramework\sap_testing\Tests\Test_SLDAPICUST.robot:12
      Sldapicust display    
    ~~~~~~~~~~~~~~~~~~~~~~~~~~~~~~~~~~~~~~~~~~~~~~~~~~~~~~~~~~~~~~~~~~~~~~~~~~
    File  C:\RobotFramework\sap_testing\Tests\Resource\SLDAPICUST.robot:38
      Input Text    wnd[1]/usr/tabsG_SELONETABSTRIP/tabpTAB001/ssubSUBSCR_PRESEL:SAPLSDH4:0220/sub:SAPLSDH4:0220/txtG_SELFLD_TAB-LOW[0,24]    SLD_BCSCLNTPO
______________________________________________________________________________
| FAIL |
ValueError: Cannot find element with id 'wnd[1]/usr/tabsG_SELONETABSTRIP/tabpTAB001/ssubSUBSCR_PRESEL:SAPLSDH4:0220/sub:SAPLSDH4:0220/txtG_SELFLD_TAB-LOW[0,24]'
------------------------------------------------------------------------------
Tests.Test SLDAPICUST                                                 | FAIL |
1 test, 0 passed, 1 failed
==============================================================================
Tests :: Testing functionality through Robot Framework                | FAIL |
1 test, 0 passed, 1 failed
==============================================================================
Output:  C:\SAP_Testing\SAPtesting\new2output\6016357d-4e67-4bba-aab7-2a364bd320a1\pabot_results\0\Output.xml
